[ 2017-09-22T09:45:56+08:00 ] ::1 /shop/index.php/Home/cat/cat/cat_id/3.html
ERR: 无法加载控制器:Cat

[ 2017-09-22T09:47:15+08:00 ] ::1 /shop/index.php/Home/cat/cat/cat_id/4.html
ERR: 无法加载控制器:Cat

[ 2017-09-22T09:47:20+08:00 ] ::1 /shop/index.php/Home/user/logout.html
ERR: 非法操作:logout

[ 2017-09-22T10:12:04+08:00 ] ::1 /shop/index.php/Home/index/api/cron.php-t=1452023217
ERR: 非法操作:api

[ 2017-09-22T18:46:28+08:00 ] ::1 /shop/index.php/Home/index/api/cron.php-t=1452023217
ERR: 非法操作:api

[ 2017-09-22T18:46:56+08:00 ] ::1 /shop/index.php/Home/index/api/cron.php-t=1452023217
ERR: 非法操作:api

[ 2017-09-22T19:01:17+08:00 ] ::1 /shop/index.php/Home/cat/cat/cat_id/2.html
ERR: 1064:You have an error in your SQL syntax; check the manual that corresponds to your MySQL server version for the right syntax to use near ') ORDER BY goods_id desc' at line 1
 [ SQL语句 ] : SELECT * FROM `goods` WHERE ( cat_id= ) ORDER BY goods_id desc 

[ 2017-09-22T19:02:05+08:00 ] ::1 /shop/index.php/Home/cat/cat/cat_id/api/cron.php-t=1452023217
ERR: 1054:Unknown column 'api' in 'where clause'
 [ SQL语句 ] : SELECT * FROM `goods` WHERE ( cat_id=api ) ORDER BY goods_id desc 

[ 2017-09-22T19:02:07+08:00 ] ::1 /shop/index.php/Home/cat/cat/cat_id/api/cron.php-t=1452023217
ERR: 1054:Unknown column 'api' in 'where clause'
 [ SQL语句 ] : SELECT * FROM `goods` WHERE ( cat_id=api ) ORDER BY goods_id desc 

[ 2017-09-22T19:02:08+08:00 ] ::1 /shop/index.php/Home/cat/cat/cat_id/api/cron.php-t=1452023217
ERR: 1054:Unknown column 'api' in 'where clause'
 [ SQL语句 ] : SELECT * FROM `goods` WHERE ( cat_id=api ) ORDER BY goods_id desc 

[ 2017-09-22T19:02:10+08:00 ] ::1 /shop/index.php/Home/cat/cat/cat_id/api/cron.php-t=1452023217
ERR: 1054:Unknown column 'api' in 'where clause'
 [ SQL语句 ] : SELECT * FROM `goods` WHERE ( cat_id=api ) ORDER BY goods_id desc 

[ 2017-09-22T19:02:11+08:00 ] ::1 /shop/index.php/Home/cat/cat/cat_id/api/cron.php-t=1452023217
ERR: 1054:Unknown column 'api' in 'where clause'
 [ SQL语句 ] : SELECT * FROM `goods` WHERE ( cat_id=api ) ORDER BY goods_id desc 

[ 2017-09-22T19:02:12+08:00 ] ::1 /shop/index.php/Home/cat/cat/cat_id/api/cron.php-t=1452023217
ERR: 1054:Unknown column 'api' in 'where clause'
 [ SQL语句 ] : SELECT * FROM `goods` WHERE ( cat_id=api ) ORDER BY goods_id desc 

[ 2017-09-22T19:02:24+08:00 ] ::1 /shop/index.php/Home/cat/cat/cat_id/api/cron.php-t=1452023217
ERR: 1054:Unknown column 'api' in 'where clause'
 [ SQL语句 ] : SELECT * FROM `goods` WHERE ( cat_id=api ) ORDER BY goods_id desc 

[ 2017-09-22T19:02:27+08:00 ] ::1 /shop/index.php/Home/cat/cat/cat_id/api/cron.php-t=1452023217
ERR: 1054:Unknown column 'api' in 'where clause'
 [ SQL语句 ] : SELECT * FROM `goods` WHERE ( cat_id=api ) ORDER BY goods_id desc 

[ 2017-09-22T19:02:32+08:00 ] ::1 /shop/index.php/Home/cat/cat/cat_id/api/cron.php-t=1452023217
ERR: 1054:Unknown column 'api' in 'where clause'
 [ SQL语句 ] : SELECT * FROM `goods` WHERE ( cat_id=api ) ORDER BY goods_id desc 

[ 2017-09-22T20:19:03+08:00 ] ::1 /shop/index.php/Home/cat/cat/cat_id/api/cron.php-t=1452023217
ERR: 1054:Unknown column 'api' in 'where clause'
 [ SQL语句 ] : SELECT * FROM `goods` WHERE ( cat_id=api ) ORDER BY goods_id desc 

[ 2017-09-22T20:19:04+08:00 ] ::1 /shop/index.php/Home/cat/cat/cat_id/api/cron.php-t=1452023217
ERR: 1054:Unknown column 'api' in 'where clause'
 [ SQL语句 ] : SELECT * FROM `goods` WHERE ( cat_id=api ) ORDER BY goods_id desc 

[ 2017-09-22T20:19:06+08:00 ] ::1 /shop/index.php/Home/cat/cat/cat_id/api/cron.php-t=1452023217
ERR: 1054:Unknown column 'api' in 'where clause'
 [ SQL语句 ] : SELECT * FROM `goods` WHERE ( cat_id=api ) ORDER BY goods_id desc 

[ 2017-09-22T20:20:52+08:00 ] ::1 /shop/index.php/Home/cat/cat/cat_id/api/cron.php-t=1452023217
ERR: 1054:Unknown column 'api' in 'where clause'
 [ SQL语句 ] : SELECT * FROM `goods` WHERE ( cat_id=api ) ORDER BY goods_id desc 

[ 2017-09-22T20:20:55+08:00 ] ::1 /shop/index.php/Home/cat/cat/cat_id/api/cron.php-t=1452023217
ERR: 1054:Unknown column 'api' in 'where clause'
 [ SQL语句 ] : SELECT * FROM `goods` WHERE ( cat_id=api ) ORDER BY goods_id desc 

[ 2017-09-22T20:20:57+08:00 ] ::1 /shop/index.php/Home/cat/cat/cat_id/api/cron.php-t=1452023217
ERR: 1054:Unknown column 'api' in 'where clause'
 [ SQL语句 ] : SELECT * FROM `goods` WHERE ( cat_id=api ) ORDER BY goods_id desc 

[ 2017-09-22T20:20:58+08:00 ] ::1 /shop/index.php/Home/cat/cat/cat_id/api/cron.php-t=1452023217
ERR: 1054:Unknown column 'api' in 'where clause'
 [ SQL语句 ] : SELECT * FROM `goods` WHERE ( cat_id=api ) ORDER BY goods_id desc 

[ 2017-09-22T20:21:00+08:00 ] ::1 /shop/index.php/Home/cat/cat/cat_id/api/cron.php-t=1452023217
ERR: 1054:Unknown column 'api' in 'where clause'
 [ SQL语句 ] : SELECT * FROM `goods` WHERE ( cat_id=api ) ORDER BY goods_id desc 

[ 2017-09-22T20:21:13+08:00 ] ::1 /shop/index.php/Home/cat/cat/cat_id/api/cron.php-t=1452023217
ERR: 1054:Unknown column 'api' in 'where clause'
 [ SQL语句 ] : SELECT * FROM `goods` WHERE ( cat_id=api ) ORDER BY goods_id desc 

[ 2017-09-22T20:21:14+08:00 ] ::1 /shop/index.php/Home/cat/cat/cat_id/api/cron.php-t=1452023217
ERR: 1054:Unknown column 'api' in 'where clause'
 [ SQL语句 ] : SELECT * FROM `goods` WHERE ( cat_id=api ) ORDER BY goods_id desc 

[ 2017-09-22T20:22:24+08:00 ] ::1 /shop/index.php/Home/cat/cat/cat_id/api/cron.php-t=1452023217
ERR: 1054:Unknown column 'api' in 'where clause'
 [ SQL语句 ] : SELECT * FROM `goods` WHERE ( cat_id=api ) ORDER BY goods_id desc 

[ 2017-09-22T20:22:25+08:00 ] ::1 /shop/index.php/Home/cat/cat/cat_id/api/cron.php-t=1452023217
ERR: 1054:Unknown column 'api' in 'where clause'
 [ SQL语句 ] : SELECT * FROM `goods` WHERE ( cat_id=api ) ORDER BY goods_id desc 

[ 2017-09-22T20:22:27+08:00 ] ::1 /shop/index.php/Home/cat/cat/cat_id/api/cron.php-t=1452023217
ERR: 1054:Unknown column 'api' in 'where clause'
 [ SQL语句 ] : SELECT * FROM `goods` WHERE ( cat_id=api ) ORDER BY goods_id desc 

[ 2017-09-22T20:36:00+08:00 ] ::1 /shop/index.php/Home/cat/cat/cat_id/api/cron.php-t=1452023217
ERR: 1054:Unknown column 'api' in 'where clause'
 [ SQL语句 ] : SELECT `goods_id`,`goods_name`,`goods_img`,`shop_price`,`market_price` FROM `goods` WHERE ( cat_id=api ) ORDER BY goods_id desc 

[ 2017-09-22T20:45:56+08:00 ] ::1 /shop/index.php/Home/api/cron.php-t=1452023217
ERR: 无法加载控制器:Api

[ 2017-09-22T20:45:59+08:00 ] ::1 /shop/index.php/Home/cat/cat/cat_id/api/cron.php-t=1452023217
ERR: 1054:Unknown column 'api' in 'where clause'
 [ SQL语句 ] : SELECT COUNT(*) AS tp_count FROM `goods` WHERE ( cat_id=api ) LIMIT 1  

[ 2017-09-22T20:46:00+08:00 ] ::1 /shop/index.php/Home/cat/cat/cat_id/api/cron.php-t=1452023217
ERR: 1054:Unknown column 'api' in 'where clause'
 [ SQL语句 ] : SELECT COUNT(*) AS tp_count FROM `goods` WHERE ( cat_id=api ) LIMIT 1  

[ 2017-09-22T20:46:02+08:00 ] ::1 /shop/index.php/Home/cat/cat/cat_id/api/cron.php-t=1452023217
ERR: 1054:Unknown column 'api' in 'where clause'
 [ SQL语句 ] : SELECT COUNT(*) AS tp_count FROM `goods` WHERE ( cat_id=api ) LIMIT 1  

[ 2017-09-22T20:46:09+08:00 ] ::1 /shop/index.php/Home/cat/cat/cat_id/api/cron.php-t=1452023217
ERR: 1054:Unknown column 'api' in 'where clause'
 [ SQL语句 ] : SELECT COUNT(*) AS tp_count FROM `goods` WHERE ( cat_id=api ) LIMIT 1  

[ 2017-09-22T20:52:57+08:00 ] ::1 /shop/index.php/Home/cat/cat/cat_id/api/cron.php-t=1452023217
ERR: 1054:Unknown column 'api' in 'where clause'
 [ SQL语句 ] : SELECT COUNT(*) AS tp_count FROM `goods` WHERE ( cat_id=api ) LIMIT 1  

[ 2017-09-22T22:02:34+08:00 ] ::1 /shop/index.php/Home/cat/cat/cat_id/api/cron.php-t=1452023217
ERR: 1054:Unknown column 'api' in 'where clause'
 [ SQL语句 ] : SELECT COUNT(*) AS tp_count FROM `goods` WHERE ( cat_id=api ) LIMIT 1  

[ 2017-09-22T22:02:37+08:00 ] ::1 /shop/index.php/Home/cat/cat/cat_id/api/cron.php-t=1452023217
ERR: 1054:Unknown column 'api' in 'where clause'
 [ SQL语句 ] : SELECT COUNT(*) AS tp_count FROM `goods` WHERE ( cat_id=api ) LIMIT 1  

