[ 2017-09-24T09:31:24+08:00 ] ::1 /shop/index.php/Home/cat/cat/cat_id/2.html
ERR: Think\Controller:famliy方法不存在！

[ 2017-09-24T09:31:42+08:00 ] ::1 /shop/index.php/Home/cat/cat/cat_id/4.html
ERR: Think\Controller:famliy方法不存在！

[ 2017-09-24T09:31:44+08:00 ] ::1 /shop/index.php/Home/cat/cat/cat_id/3.html
ERR: Think\Controller:famliy方法不存在！

[ 2017-09-24T09:31:45+08:00 ] ::1 /shop/index.php/Home/cat/cat/cat_id/2.html
ERR: Think\Controller:famliy方法不存在！

[ 2017-09-24T09:31:47+08:00 ] ::1 /shop/index.php/Home/cat/cat/cat_id/5.html
ERR: Think\Controller:famliy方法不存在！

[ 2017-09-24T09:31:48+08:00 ] ::1 /shop/index.php/Home/cat/cat/cat_id/2.html
ERR: Think\Controller:famliy方法不存在！

[ 2017-09-24T09:34:13+08:00 ] ::1 /shop/index.php/Home/cat/cat/cat_id/2.html
NOTIC: D方法实例化没找到模型类Amind\Model\CatModel

[ 2017-09-24T09:34:13+08:00 ] ::1 /shop/index.php/Home/cat/cat/cat_id/api/cron.php-t=1452023217
ERR: 1054:Unknown column 'api' in 'where clause'
 [ SQL语句 ] : SELECT COUNT(*) AS tp_count FROM `goods` WHERE ( cat_id=api ) LIMIT 1  

[ 2017-09-24T09:34:17+08:00 ] ::1 /shop/index.php/Home/goods/goods/goods_id/19.html
NOTIC: D方法实例化没找到模型类Amind\Model\CatModel

[ 2017-09-24T09:34:17+08:00 ] ::1 /shop/index.php/Home/goods/goods/goods_id/api/cron.php-t=1452023217
NOTIC: D方法实例化没找到模型类Amind\Model\CatModel

[ 2017-09-24T09:34:17+08:00 ] ::1 /shop/index.php/Home/goods/goods/goods_id/api/cron.php-t=1452023217
NOTIC: D方法实例化没找到模型类Amind\Model\CatModel

[ 2017-09-24T09:34:20+08:00 ] ::1 /shop/index.php/Home/cat/cat/cat_id/api/cron.php-t=1452023217
ERR: 1054:Unknown column 'api' in 'where clause'
 [ SQL语句 ] : SELECT COUNT(*) AS tp_count FROM `goods` WHERE ( cat_id=api ) LIMIT 1  

[ 2017-09-24T09:35:25+08:00 ] ::1 /shop/index.php/Home/cat/cat/cat_id/2.html
ERR: Think\Controller:famliy方法不存在！

[ 2017-09-24T09:52:54+08:00 ] ::1 /shop/index.php/Home/cat/cat/cat_id/2.html
NOTIC: D方法实例化没找到模型类Amind\Model\CatModel

[ 2017-09-24T09:53:12+08:00 ] ::1 /shop/index.php/Home/cat/cat/cat_id/2.html
NOTIC: D方法实例化没找到模型类Amind\Model\CatModel

[ 2017-09-24T09:53:30+08:00 ] ::1 /shop/index.php/Home/cat/cat/cat_id/2.html
NOTIC: D方法实例化没找到模型类Amind\Model\CatModel

[ 2017-09-24T09:55:04+08:00 ] ::1 /shop/index.php/Home/cat/cat/cat_id/2.html
NOTIC: D方法实例化没找到模型类Amind\Model\CatModel

[ 2017-09-24T09:55:19+08:00 ] ::1 /shop/index.php/Home/cat/cat/cat_id/2.html
ERR: Think\Controller:famliy方法不存在！

[ 2017-09-24T09:56:09+08:00 ] ::1 /shop/index.php/Home/cat/cat/cat_id/2.html
ERR: Think\Controller:famliy方法不存在！

[ 2017-09-24T09:56:44+08:00 ] ::1 /shop/index.php/Home/cat/cat/cat_id/2.html
NOTIC: D方法实例化没找到模型类Amind\Model\CatModel

[ 2017-09-24T09:57:13+08:00 ] ::1 /shop/index.php/Home/cat/cat/cat_id/2.html
NOTIC: D方法实例化没找到模型类Amind\Model\CatModel

[ 2017-09-24T09:57:13+08:00 ] ::1 /shop/index.php/Home/cat/cat/cat_id/api/cron.php-t=1452023217
NOTIC: D方法实例化没找到模型类Amind\Model\CatModel
ERR: 1054:Unknown column 'api' in 'where clause'
 [ SQL语句 ] : SELECT COUNT(*) AS tp_count FROM `goods` WHERE ( cat_id=api ) LIMIT 1  

[ 2017-09-24T09:57:56+08:00 ] ::1 /shop/index.php/Home/cat/cat/cat_id/2.html
NOTIC: D方法实例化没找到模型类Amind\Model\CatModel

[ 2017-09-24T09:57:56+08:00 ] ::1 /shop/index.php/Home/cat/cat/cat_id/api/cron.php-t=1452023217
NOTIC: D方法实例化没找到模型类Amind\Model\CatModel
ERR: 1054:Unknown column 'api' in 'where clause'
 [ SQL语句 ] : SELECT COUNT(*) AS tp_count FROM `goods` WHERE ( cat_id=api ) LIMIT 1  

[ 2017-09-24T09:58:03+08:00 ] ::1 /shop/index.php/Home/goods/goods/goods_id/19.html
NOTIC: D方法实例化没找到模型类Amind\Model\CatModel

[ 2017-09-24T09:58:04+08:00 ] ::1 /shop/index.php/Home/goods/goods/goods_id/api/cron.php-t=1452023217
NOTIC: D方法实例化没找到模型类Amind\Model\CatModel

[ 2017-09-24T09:58:04+08:00 ] ::1 /shop/index.php/Home/goods/goods/goods_id/api/cron.php-t=1452023217
NOTIC: D方法实例化没找到模型类Amind\Model\CatModel

[ 2017-09-24T09:58:05+08:00 ] ::1 /shop/index.php/Home/cat/cat/cat_id/api/cron.php-t=1452023217
NOTIC: D方法实例化没找到模型类Amind\Model\CatModel
ERR: 1054:Unknown column 'api' in 'where clause'
 [ SQL语句 ] : SELECT COUNT(*) AS tp_count FROM `goods` WHERE ( cat_id=api ) LIMIT 1  

[ 2017-09-24T09:58:07+08:00 ] ::1 /shop/index.php/Home/cat/cat/cat_id/2.html
NOTIC: D方法实例化没找到模型类Amind\Model\CatModel

[ 2017-09-24T09:58:07+08:00 ] ::1 /shop/index.php/Home/cat/cat/cat_id/api/cron.php-t=1452023217
NOTIC: D方法实例化没找到模型类Amind\Model\CatModel
ERR: 1054:Unknown column 'api' in 'where clause'
 [ SQL语句 ] : SELECT COUNT(*) AS tp_count FROM `goods` WHERE ( cat_id=api ) LIMIT 1  

[ 2017-09-24T10:01:08+08:00 ] ::1 /shop/index.php/Home/cat/cat/cat_id/api/cron.php-t=1452023217
NOTIC: D方法实例化没找到模型类Amind\Model\CatModel
ERR: 1054:Unknown column 'api' in 'where clause'
 [ SQL语句 ] : SELECT COUNT(*) AS tp_count FROM `goods` WHERE ( cat_id=api ) LIMIT 1  

[ 2017-09-24T10:01:09+08:00 ] ::1 /shop/index.php/Home/goods/goods/goods_id/19.html
NOTIC: D方法实例化没找到模型类Amind\Model\CatModel

[ 2017-09-24T10:01:09+08:00 ] ::1 /shop/index.php/Home/goods/goods/goods_id/api/cron.php-t=1452023217
NOTIC: D方法实例化没找到模型类Amind\Model\CatModel

[ 2017-09-24T10:01:09+08:00 ] ::1 /shop/index.php/Home/goods/goods/goods_id/api/cron.php-t=1452023217
NOTIC: D方法实例化没找到模型类Amind\Model\CatModel

[ 2017-09-24T10:01:10+08:00 ] ::1 /shop/index.php/Home/cat/cat/cat_id/api/cron.php-t=1452023217
NOTIC: D方法实例化没找到模型类Amind\Model\CatModel
ERR: 1054:Unknown column 'api' in 'where clause'
 [ SQL语句 ] : SELECT COUNT(*) AS tp_count FROM `goods` WHERE ( cat_id=api ) LIMIT 1  

[ 2017-09-24T10:01:12+08:00 ] ::1 /shop/index.php/Home/cat/cat/cat_id/2.html
NOTIC: D方法实例化没找到模型类Amind\Model\CatModel

[ 2017-09-24T10:01:12+08:00 ] ::1 /shop/index.php/Home/cat/cat/cat_id/api/cron.php-t=1452023217
NOTIC: D方法实例化没找到模型类Amind\Model\CatModel
ERR: 1054:Unknown column 'api' in 'where clause'
 [ SQL语句 ] : SELECT COUNT(*) AS tp_count FROM `goods` WHERE ( cat_id=api ) LIMIT 1  

[ 2017-09-24T10:01:14+08:00 ] ::1 /shop/index.php/Home/goods/goods/goods_id/19.html
NOTIC: D方法实例化没找到模型类Amind\Model\CatModel

[ 2017-09-24T10:01:14+08:00 ] ::1 /shop/index.php/Home/goods/goods/goods_id/api/cron.php-t=1452023217
NOTIC: D方法实例化没找到模型类Amind\Model\CatModel

[ 2017-09-24T10:01:14+08:00 ] ::1 /shop/index.php/Home/goods/goods/goods_id/api/cron.php-t=1452023217
NOTIC: D方法实例化没找到模型类Amind\Model\CatModel

[ 2017-09-24T10:10:20+08:00 ] ::1 /shop/index.php/Home/user/api/cron.php-t=1452023217
ERR: 非法操作:api

[ 2017-09-24T10:11:36+08:00 ] ::1 /shop/index.php/Home/user/api/cron.php-t=1452023217
ERR: 非法操作:api

[ 2017-09-24T10:11:36+08:00 ] ::1 /shop/index.php/Home/goods/goods/goods_id/api/cron.php-t=1452023217
NOTIC: D方法实例化没找到模型类Amind\Model\CatModel

[ 2017-09-24T10:11:37+08:00 ] ::1 /shop/index.php/Home/user/api/cron.php-t=1452023217
ERR: 非法操作:api

[ 2017-09-24T10:11:47+08:00 ] ::1 /shop/index.php/Home/user/api/cron.php-t=1452023217
ERR: 非法操作:api

[ 2017-09-24T10:11:57+08:00 ] ::1 /shop/index.php/Home/user/api/cron.php-t=1452023217
ERR: 非法操作:api

[ 2017-09-24T10:12:10+08:00 ] ::1 /shop/index.php/Home/user/api/cron.php-t=1452023217
ERR: 非法操作:api

[ 2017-09-24T10:22:30+08:00 ] ::1 /shop/index.php/Home/user/api/cron.php-t=1452023217
ERR: 非法操作:api

[ 2017-09-24T10:22:31+08:00 ] ::1 /shop/index.php/Home/user/api/cron.php-t=1452023217
ERR: 非法操作:api

[ 2017-09-24T10:22:44+08:00 ] ::1 /shop/index.php/Home/user/api/cron.php-t=1452023217
ERR: 非法操作:api

[ 2017-09-24T10:35:16+08:00 ] ::1 /shop/index.php/Home/user/api/cron.php-t=1452023217
ERR: 非法操作:api

[ 2017-09-24T10:36:21+08:00 ] ::1 /shop/index.php/Home/user/api/cron.php-t=1452023217
ERR: 非法操作:api

[ 2017-09-24T10:36:26+08:00 ] ::1 /shop/index.php/Home/user/api/cron.php-t=1452023217
ERR: 非法操作:api

[ 2017-09-24T10:37:11+08:00 ] ::1 /shop/index.php/Home/user/api/cron.php-t=1452023217
ERR: 非法操作:api

[ 2017-09-24T10:37:14+08:00 ] ::1 /shop/index.php/Home/user/api/cron.php-t=1452023217
ERR: 非法操作:api

[ 2017-09-24T10:40:14+08:00 ] ::1 /shop/index.php/Home/goods/goods/goods_id/api/cron.php-t=1452023217
NOTIC: D方法实例化没找到模型类Amind\Model\CatModel

[ 2017-09-24T10:40:15+08:00 ] ::1 /shop/index.php/Home/goods/goods/goods_id/api/cron.php-t=1452023217
NOTIC: D方法实例化没找到模型类Amind\Model\CatModel

[ 2017-09-24T10:41:34+08:00 ] ::1 /shop/index.php/Home/user/api/cron.php-t=1452023217
ERR: 非法操作:api

[ 2017-09-24T10:41:45+08:00 ] ::1 /shop/index.php/Home/user/api/cron.php-t=1452023217
ERR: 非法操作:api

[ 2017-09-24T10:42:52+08:00 ] ::1 /shop/index.php/Home/goods/goods/goods_id/api/cron.php-t=1452023217
NOTIC: D方法实例化没找到模型类Amind\Model\CatModel

[ 2017-09-24T10:42:52+08:00 ] ::1 /shop/index.php/Home/goods/goods/goods_id/api/cron.php-t=1452023217
NOTIC: D方法实例化没找到模型类Amind\Model\CatModel

[ 2017-09-24T10:42:52+08:00 ] ::1 /shop/index.php/Home/cat/cat/cat_id/api/cron.php-t=1452023217
NOTIC: D方法实例化没找到模型类Amind\Model\CatModel
ERR: 1054:Unknown column 'api' in 'where clause'
 [ SQL语句 ] : SELECT COUNT(*) AS tp_count FROM `goods` WHERE ( cat_id=api ) LIMIT 1  

[ 2017-09-24T10:42:53+08:00 ] ::1 /shop/index.php/Home/goods/goods/goods_id/api/cron.php-t=1452023217
NOTIC: D方法实例化没找到模型类Amind\Model\CatModel

[ 2017-09-24T10:42:53+08:00 ] ::1 /shop/index.php/Home/goods/goods/goods_id/api/cron.php-t=1452023217
NOTIC: D方法实例化没找到模型类Amind\Model\CatModel

[ 2017-09-24T10:43:24+08:00 ] ::1 /shop/index.php/Home/user/api/cron.php-t=1452023217
ERR: 非法操作:api

[ 2017-09-24T10:43:26+08:00 ] ::1 /shop/index.php/Home/goods/goods/goods_id/api/cron.php-t=1452023217
NOTIC: D方法实例化没找到模型类Amind\Model\CatModel

[ 2017-09-24T10:43:26+08:00 ] ::1 /shop/index.php/Home/goods/goods/goods_id/api/cron.php-t=1452023217
NOTIC: D方法实例化没找到模型类Amind\Model\CatModel

[ 2017-09-24T10:43:27+08:00 ] ::1 /shop/index.php/Home/user/api/cron.php-t=1452023217
ERR: 非法操作:api

[ 2017-09-24T10:45:52+08:00 ] ::1 /shop/index.php/Home/goods/goods/goods_id/api/cron.php-t=1452023217
NOTIC: D方法实例化没找到模型类Amind\Model\CatModel

[ 2017-09-24T10:45:52+08:00 ] ::1 /shop/index.php/Home/goods/goods/goods_id/api/cron.php-t=1452023217
NOTIC: D方法实例化没找到模型类Amind\Model\CatModel

[ 2017-09-24T10:46:08+08:00 ] ::1 /shop/index.php/Home/user/api/cron.php-t=1452023217
ERR: 非法操作:api

[ 2017-09-24T10:46:20+08:00 ] ::1 /shop/index.php/Home/user/api/cron.php-t=1452023217
ERR: 非法操作:api

[ 2017-09-24T10:51:03+08:00 ] ::1 /shop/index.php/Home/user/api/cron.php-t=1452023217
ERR: 非法操作:api

[ 2017-09-24T10:51:04+08:00 ] ::1 /shop/index.php/Home/user/api/cron.php-t=1452023217
ERR: 非法操作:api

[ 2017-09-24T10:51:14+08:00 ] ::1 /shop/index.php/Home/user/api/cron.php-t=1452023217
ERR: 非法操作:api

[ 2017-09-24T13:35:15+08:00 ] ::1 /shop/index.php/Home/user/api/cron.php-t=1452023217
ERR: 非法操作:api

[ 2017-09-24T13:35:21+08:00 ] ::1 /shop/index.php/Home/user/api/cron.php-t=1452023217
ERR: 非法操作:api

[ 2017-09-24T16:29:58+08:00 ] ::1 /shop/index.php/Home/cat/cat/cat_id/2.html
NOTIC: D方法实例化没找到模型类Amind\Model\CatModel

[ 2017-09-24T16:29:58+08:00 ] ::1 /shop/index.php/Home/cat/cat/cat_id/api/cron.php-t=1452023217
NOTIC: D方法实例化没找到模型类Amind\Model\CatModel
ERR: 1054:Unknown column 'api' in 'where clause'
 [ SQL语句 ] : SELECT COUNT(*) AS tp_count FROM `goods` WHERE ( cat_id=api ) LIMIT 1  

[ 2017-09-24T16:29:59+08:00 ] ::1 /shop/index.php/Home/goods/goods/goods_id/14.html
NOTIC: D方法实例化没找到模型类Amind\Model\CatModel

[ 2017-09-24T16:29:59+08:00 ] ::1 /shop/index.php/Home/goods/goods/goods_id/api/cron.php-t=1452023217
NOTIC: D方法实例化没找到模型类Amind\Model\CatModel

[ 2017-09-24T16:29:59+08:00 ] ::1 /shop/index.php/Home/goods/goods/goods_id/api/cron.php-t=1452023217
NOTIC: D方法实例化没找到模型类Amind\Model\CatModel

[ 2017-09-24T16:30:00+08:00 ] ::1 /shop/index.php/Home/cat/cat/cat_id/api/cron.php-t=1452023217
NOTIC: D方法实例化没找到模型类Amind\Model\CatModel
ERR: 1054:Unknown column 'api' in 'where clause'
 [ SQL语句 ] : SELECT COUNT(*) AS tp_count FROM `goods` WHERE ( cat_id=api ) LIMIT 1  

[ 2017-09-24T16:30:01+08:00 ] ::1 /shop/index.php/Home/goods/goods/goods_id/13.html
NOTIC: D方法实例化没找到模型类Amind\Model\CatModel

[ 2017-09-24T16:30:01+08:00 ] ::1 /shop/index.php/Home/goods/goods/goods_id/api/cron.php-t=1452023217
NOTIC: D方法实例化没找到模型类Amind\Model\CatModel

[ 2017-09-24T16:30:01+08:00 ] ::1 /shop/index.php/Home/goods/goods/goods_id/api/cron.php-t=1452023217
NOTIC: D方法实例化没找到模型类Amind\Model\CatModel

[ 2017-09-24T16:30:02+08:00 ] ::1 /shop/index.php/Home/cat/cat/cat_id/api/cron.php-t=1452023217
NOTIC: D方法实例化没找到模型类Amind\Model\CatModel
ERR: 1054:Unknown column 'api' in 'where clause'
 [ SQL语句 ] : SELECT COUNT(*) AS tp_count FROM `goods` WHERE ( cat_id=api ) LIMIT 1  

[ 2017-09-24T16:32:34+08:00 ] ::1 /shop/index.php/Home/cat/cat/cat_id/2.html
NOTIC: D方法实例化没找到模型类Amind\Model\CatModel

[ 2017-09-24T16:32:35+08:00 ] ::1 /shop/index.php/Home/cat/cat/cat_id/api/cron.php-t=1452023217
NOTIC: D方法实例化没找到模型类Amind\Model\CatModel
ERR: 1054:Unknown column 'api' in 'where clause'
 [ SQL语句 ] : SELECT COUNT(*) AS tp_count FROM `goods` WHERE ( cat_id=api ) LIMIT 1  

[ 2017-09-24T16:32:36+08:00 ] ::1 /shop/index.php/Home/goods/goods/goods_id/19.html
NOTIC: D方法实例化没找到模型类Amind\Model\CatModel
ERR: Think\Controller:history方法不存在！

[ 2017-09-24T16:32:37+08:00 ] ::1 /shop/index.php/Home/cat/cat/cat_id/api/cron.php-t=1452023217
NOTIC: D方法实例化没找到模型类Amind\Model\CatModel
ERR: 1054:Unknown column 'api' in 'where clause'
 [ SQL语句 ] : SELECT COUNT(*) AS tp_count FROM `goods` WHERE ( cat_id=api ) LIMIT 1  

[ 2017-09-24T16:32:38+08:00 ] ::1 /shop/index.php/Home/goods/goods/goods_id/19.html
NOTIC: D方法实例化没找到模型类Amind\Model\CatModel
ERR: Think\Controller:history方法不存在！

[ 2017-09-24T16:32:39+08:00 ] ::1 /shop/index.php/Home/cat/cat/cat_id/api/cron.php-t=1452023217
NOTIC: D方法实例化没找到模型类Amind\Model\CatModel
ERR: 1054:Unknown column 'api' in 'where clause'
 [ SQL语句 ] : SELECT COUNT(*) AS tp_count FROM `goods` WHERE ( cat_id=api ) LIMIT 1  

[ 2017-09-24T16:41:14+08:00 ] ::1 /shop/index.php/Home/cat/cat/cat_id/2.html
NOTIC: D方法实例化没找到模型类Amind\Model\CatModel

[ 2017-09-24T16:41:14+08:00 ] ::1 /shop/index.php/Home/cat/cat/cat_id/api/cron.php-t=1452023217
NOTIC: D方法实例化没找到模型类Amind\Model\CatModel
ERR: 1054:Unknown column 'api' in 'where clause'
 [ SQL语句 ] : SELECT COUNT(*) AS tp_count FROM `goods` WHERE ( cat_id=api ) LIMIT 1  

[ 2017-09-24T16:41:16+08:00 ] ::1 /shop/index.php/Home/goods/goods/goods_id/19.html
NOTIC: D方法实例化没找到模型类Amind\Model\CatModel
ERR: Think\Controller:history方法不存在！

[ 2017-09-24T16:42:09+08:00 ] ::1 /shop/index.php/Home/goods/goods/goods_id/19.html
NOTIC: D方法实例化没找到模型类Amind\Model\CatModel

[ 2017-09-24T16:42:10+08:00 ] ::1 /shop/index.php/Home/goods/goods/goods_id/api/cron.php-t=1452023217
NOTIC: D方法实例化没找到模型类Amind\Model\CatModel

[ 2017-09-24T16:42:10+08:00 ] ::1 /shop/index.php/Home/goods/goods/goods_id/api/cron.php-t=1452023217
NOTIC: D方法实例化没找到模型类Amind\Model\CatModel

[ 2017-09-24T16:42:45+08:00 ] ::1 /shop/index.php/Home/cat/cat/cat_id/api/cron.php-t=1452023217
NOTIC: D方法实例化没找到模型类Amind\Model\CatModel
ERR: 1054:Unknown column 'api' in 'where clause'
 [ SQL语句 ] : SELECT COUNT(*) AS tp_count FROM `goods` WHERE ( cat_id=api ) LIMIT 1  

[ 2017-09-24T16:42:46+08:00 ] ::1 /shop/index.php/Home/goods/goods/goods_id/13.html
NOTIC: D方法实例化没找到模型类Amind\Model\CatModel

[ 2017-09-24T16:42:46+08:00 ] ::1 /shop/index.php/Home/goods/goods/goods_id/api/cron.php-t=1452023217
NOTIC: D方法实例化没找到模型类Amind\Model\CatModel

[ 2017-09-24T16:42:47+08:00 ] ::1 /shop/index.php/Home/cat/cat/cat_id/api/cron.php-t=1452023217
NOTIC: D方法实例化没找到模型类Amind\Model\CatModel
ERR: 1054:Unknown column 'api' in 'where clause'
 [ SQL语句 ] : SELECT COUNT(*) AS tp_count FROM `goods` WHERE ( cat_id=api ) LIMIT 1  

[ 2017-09-24T16:42:47+08:00 ] ::1 /shop/index.php/Home/goods/goods/goods_id/14.html
NOTIC: D方法实例化没找到模型类Amind\Model\CatModel

[ 2017-09-24T16:42:48+08:00 ] ::1 /shop/index.php/Home/goods/goods/goods_id/api/cron.php-t=1452023217
NOTIC: D方法实例化没找到模型类Amind\Model\CatModel

[ 2017-09-24T16:42:48+08:00 ] ::1 /shop/index.php/Home/goods/goods/goods_id/api/cron.php-t=1452023217
NOTIC: D方法实例化没找到模型类Amind\Model\CatModel

[ 2017-09-24T16:42:48+08:00 ] ::1 /shop/index.php/Home/cat/cat/cat_id/api/cron.php-t=1452023217
NOTIC: D方法实例化没找到模型类Amind\Model\CatModel
ERR: 1054:Unknown column 'api' in 'where clause'
 [ SQL语句 ] : SELECT COUNT(*) AS tp_count FROM `goods` WHERE ( cat_id=api ) LIMIT 1  

[ 2017-09-24T16:42:53+08:00 ] ::1 /shop/index.php/Home/api/cron.php-t=1452023217
ERR: 无法加载控制器:Api

[ 2017-09-24T16:43:00+08:00 ] ::1 /shop/index.php/Home/goods/goods/goods_id/r.html
NOTIC: D方法实例化没找到模型类Amind\Model\CatModel

[ 2017-09-24T16:43:00+08:00 ] ::1 /shop/index.php/Home/goods/goods/goods_id/api/cron.php-t=1452023217
NOTIC: D方法实例化没找到模型类Amind\Model\CatModel

[ 2017-09-24T16:43:01+08:00 ] ::1 /shop/index.php/Home/api/cron.php-t=1452023217
ERR: 无法加载控制器:Api

[ 2017-09-24T16:43:31+08:00 ] ::1 /shop/index.php/Home/cat/cat/cat_id/api/cron.php-t=1452023217
NOTIC: D方法实例化没找到模型类Amind\Model\CatModel
ERR: 1054:Unknown column 'api' in 'where clause'
 [ SQL语句 ] : SELECT COUNT(*) AS tp_count FROM `goods` WHERE ( cat_id=api ) LIMIT 1  

[ 2017-09-24T16:55:48+08:00 ] ::1 /shop/index.php/Home/goods/goods/goods_id/r.html
NOTIC: D方法实例化没找到模型类Amind\Model\CatModel

[ 2017-09-24T16:55:48+08:00 ] ::1 /shop/index.php/Home/goods/goods/goods_id/api/cron.php-t=1452023217
NOTIC: D方法实例化没找到模型类Amind\Model\CatModel

[ 2017-09-24T16:55:48+08:00 ] ::1 /shop/index.php/Home/goods/goods/goods_id/api/cron.php-t=1452023217
NOTIC: D方法实例化没找到模型类Amind\Model\CatModel

[ 2017-09-24T17:00:37+08:00 ] ::1 /shop/index.php/Home/cat/cat/cat_id/2.html
NOTIC: D方法实例化没找到模型类Amind\Model\CatModel

[ 2017-09-24T17:00:37+08:00 ] ::1 /shop/index.php/Home/cat/cat/cat_id/api/cron.php-t=1452023217
NOTIC: D方法实例化没找到模型类Amind\Model\CatModel
ERR: 1054:Unknown column 'api' in 'where clause'
 [ SQL语句 ] : SELECT COUNT(*) AS tp_count FROM `goods` WHERE ( cat_id=api ) LIMIT 1  

[ 2017-09-24T17:00:39+08:00 ] ::1 /shop/index.php/Home/goods/goods/goods_id/19.html
NOTIC: D方法实例化没找到模型类Amind\Model\CatModel

[ 2017-09-24T17:00:39+08:00 ] ::1 /shop/index.php/Home/goods/goods/goods_id/api/cron.php-t=1452023217
NOTIC: D方法实例化没找到模型类Amind\Model\CatModel

[ 2017-09-24T17:00:40+08:00 ] ::1 /shop/index.php/Home/goods/goods/goods_id/api/cron.php-t=1452023217
NOTIC: D方法实例化没找到模型类Amind\Model\CatModel

[ 2017-09-24T17:00:40+08:00 ] ::1 /shop/index.php/Home/cat/cat/cat_id/api/cron.php-t=1452023217
NOTIC: D方法实例化没找到模型类Amind\Model\CatModel
ERR: 1054:Unknown column 'api' in 'where clause'
 [ SQL语句 ] : SELECT COUNT(*) AS tp_count FROM `goods` WHERE ( cat_id=api ) LIMIT 1  

[ 2017-09-24T17:00:41+08:00 ] ::1 /shop/index.php/Home/goods/goods/goods_id/14.html
NOTIC: D方法实例化没找到模型类Amind\Model\CatModel

[ 2017-09-24T17:00:41+08:00 ] ::1 /shop/index.php/Home/goods/goods/goods_id/api/cron.php-t=1452023217
NOTIC: D方法实例化没找到模型类Amind\Model\CatModel

[ 2017-09-24T17:00:41+08:00 ] ::1 /shop/index.php/Home/goods/goods/goods_id/api/cron.php-t=1452023217
NOTIC: D方法实例化没找到模型类Amind\Model\CatModel

[ 2017-09-24T17:00:42+08:00 ] ::1 /shop/index.php/Home/cat/cat/cat_id/api/cron.php-t=1452023217
NOTIC: D方法实例化没找到模型类Amind\Model\CatModel
ERR: 1054:Unknown column 'api' in 'where clause'
 [ SQL语句 ] : SELECT COUNT(*) AS tp_count FROM `goods` WHERE ( cat_id=api ) LIMIT 1  

[ 2017-09-24T17:00:42+08:00 ] ::1 /shop/index.php/Home/goods/goods/goods_id/13.html
NOTIC: D方法实例化没找到模型类Amind\Model\CatModel

[ 2017-09-24T17:00:42+08:00 ] ::1 /shop/index.php/Home/goods/goods/goods_id/api/cron.php-t=1452023217
NOTIC: D方法实例化没找到模型类Amind\Model\CatModel

[ 2017-09-24T17:00:43+08:00 ] ::1 /shop/index.php/Home/cat/cat/cat_id/api/cron.php-t=1452023217
NOTIC: D方法实例化没找到模型类Amind\Model\CatModel
ERR: 1054:Unknown column 'api' in 'where clause'
 [ SQL语句 ] : SELECT COUNT(*) AS tp_count FROM `goods` WHERE ( cat_id=api ) LIMIT 1  

[ 2017-09-24T17:00:47+08:00 ] ::1 /shop/index.php/Home/cat/cat/cat_id/1.html
NOTIC: D方法实例化没找到模型类Amind\Model\CatModel

[ 2017-09-24T17:00:47+08:00 ] ::1 /shop/index.php/Home/cat/cat/cat_id/api/cron.php-t=1452023217
NOTIC: D方法实例化没找到模型类Amind\Model\CatModel
ERR: 1054:Unknown column 'api' in 'where clause'
 [ SQL语句 ] : SELECT COUNT(*) AS tp_count FROM `goods` WHERE ( cat_id=api ) LIMIT 1  

[ 2017-09-24T17:00:49+08:00 ] ::1 /shop/index.php/Home/cat/cat/cat_id/1.html
NOTIC: D方法实例化没找到模型类Amind\Model\CatModel

[ 2017-09-24T17:00:49+08:00 ] ::1 /shop/index.php/Home/cat/cat/cat_id/api/cron.php-t=1452023217
NOTIC: D方法实例化没找到模型类Amind\Model\CatModel
ERR: 1054:Unknown column 'api' in 'where clause'
 [ SQL语句 ] : SELECT COUNT(*) AS tp_count FROM `goods` WHERE ( cat_id=api ) LIMIT 1  

[ 2017-09-24T17:00:51+08:00 ] ::1 /shop/index.php/Home/cat/cat/cat_id/api/cron.php-t=1452023217
NOTIC: D方法实例化没找到模型类Amind\Model\CatModel
ERR: 1054:Unknown column 'api' in 'where clause'
 [ SQL语句 ] : SELECT COUNT(*) AS tp_count FROM `goods` WHERE ( cat_id=api ) LIMIT 1  

[ 2017-09-24T17:00:52+08:00 ] ::1 /shop/index.php/Home/cat/cat/cat_id/api/cron.php-t=1452023217
NOTIC: D方法实例化没找到模型类Amind\Model\CatModel
ERR: 1054:Unknown column 'api' in 'where clause'
 [ SQL语句 ] : SELECT COUNT(*) AS tp_count FROM `goods` WHERE ( cat_id=api ) LIMIT 1  

[ 2017-09-24T17:00:53+08:00 ] ::1 /shop/index.php/Home/cat/cat/cat_id/api/cron.php-t=1452023217
NOTIC: D方法实例化没找到模型类Amind\Model\CatModel
ERR: 1054:Unknown column 'api' in 'where clause'
 [ SQL语句 ] : SELECT COUNT(*) AS tp_count FROM `goods` WHERE ( cat_id=api ) LIMIT 1  

[ 2017-09-24T17:00:55+08:00 ] ::1 /shop/index.php/Home/goods/goods/goods_id/19.html
NOTIC: D方法实例化没找到模型类Amind\Model\CatModel

[ 2017-09-24T17:00:55+08:00 ] ::1 /shop/index.php/Home/goods/goods/goods_id/api/cron.php-t=1452023217
NOTIC: D方法实例化没找到模型类Amind\Model\CatModel

[ 2017-09-24T17:00:55+08:00 ] ::1 /shop/index.php/Home/goods/goods/goods_id/api/cron.php-t=1452023217
NOTIC: D方法实例化没找到模型类Amind\Model\CatModel

[ 2017-09-24T17:00:57+08:00 ] ::1 /shop/index.php/Home/cat/cat/cat_id/api/cron.php-t=1452023217
NOTIC: D方法实例化没找到模型类Amind\Model\CatModel
ERR: 1054:Unknown column 'api' in 'where clause'
 [ SQL语句 ] : SELECT COUNT(*) AS tp_count FROM `goods` WHERE ( cat_id=api ) LIMIT 1  

[ 2017-09-24T17:00:58+08:00 ] ::1 /shop/index.php/Home/goods/goods/goods_id/14.html
NOTIC: D方法实例化没找到模型类Amind\Model\CatModel

[ 2017-09-24T17:00:58+08:00 ] ::1 /shop/index.php/Home/goods/goods/goods_id/api/cron.php-t=1452023217
NOTIC: D方法实例化没找到模型类Amind\Model\CatModel

[ 2017-09-24T17:00:58+08:00 ] ::1 /shop/index.php/Home/goods/goods/goods_id/api/cron.php-t=1452023217
NOTIC: D方法实例化没找到模型类Amind\Model\CatModel

[ 2017-09-24T17:00:59+08:00 ] ::1 /shop/index.php/Home/cat/cat/cat_id/api/cron.php-t=1452023217
NOTIC: D方法实例化没找到模型类Amind\Model\CatModel
ERR: 1054:Unknown column 'api' in 'where clause'
 [ SQL语句 ] : SELECT COUNT(*) AS tp_count FROM `goods` WHERE ( cat_id=api ) LIMIT 1  

[ 2017-09-24T17:01:00+08:00 ] ::1 /shop/index.php/Home/goods/goods/goods_id/13.html
NOTIC: D方法实例化没找到模型类Amind\Model\CatModel

[ 2017-09-24T17:01:00+08:00 ] ::1 /shop/index.php/Home/goods/goods/goods_id/api/cron.php-t=1452023217
NOTIC: D方法实例化没找到模型类Amind\Model\CatModel

[ 2017-09-24T17:01:01+08:00 ] ::1 /shop/index.php/Home/goods/goods/goods_id/api/cron.php-t=1452023217
NOTIC: D方法实例化没找到模型类Amind\Model\CatModel

[ 2017-09-24T17:01:01+08:00 ] ::1 /shop/index.php/Home/cat/cat/cat_id/api/cron.php-t=1452023217
NOTIC: D方法实例化没找到模型类Amind\Model\CatModel
ERR: 1054:Unknown column 'api' in 'where clause'
 [ SQL语句 ] : SELECT COUNT(*) AS tp_count FROM `goods` WHERE ( cat_id=api ) LIMIT 1  

[ 2017-09-24T17:01:03+08:00 ] ::1 /shop/index.php/Home/goods/goods/goods_id/19.html
NOTIC: D方法实例化没找到模型类Amind\Model\CatModel

[ 2017-09-24T17:01:03+08:00 ] ::1 /shop/index.php/Home/goods/goods/goods_id/api/cron.php-t=1452023217
NOTIC: D方法实例化没找到模型类Amind\Model\CatModel

[ 2017-09-24T17:01:03+08:00 ] ::1 /shop/index.php/Home/goods/goods/goods_id/api/cron.php-t=1452023217
NOTIC: D方法实例化没找到模型类Amind\Model\CatModel

[ 2017-09-24T17:05:36+08:00 ] ::1 /shop/index.php/Home/cat/cat/cat_id/2.html
NOTIC: D方法实例化没找到模型类Amind\Model\CatModel

[ 2017-09-24T17:05:36+08:00 ] ::1 /shop/index.php/Home/cat/cat/cat_id/api/cron.php-t=1452023217
NOTIC: D方法实例化没找到模型类Amind\Model\CatModel
ERR: 1054:Unknown column 'api' in 'where clause'
 [ SQL语句 ] : SELECT COUNT(*) AS tp_count FROM `goods` WHERE ( cat_id=api ) LIMIT 1  

[ 2017-09-24T17:05:42+08:00 ] ::1 /shop/index.php/Home/goods/goods/goods_id/19.html
NOTIC: D方法实例化没找到模型类Amind\Model\CatModel

[ 2017-09-24T17:05:42+08:00 ] ::1 /shop/index.php/Home/goods/goods/goods_id/api/cron.php-t=1452023217
NOTIC: D方法实例化没找到模型类Amind\Model\CatModel

[ 2017-09-24T17:05:42+08:00 ] ::1 /shop/index.php/Home/goods/goods/goods_id/api/cron.php-t=1452023217
NOTIC: D方法实例化没找到模型类Amind\Model\CatModel

[ 2017-09-24T17:06:09+08:00 ] ::1 /shop/index.php/Home/goods/goods/goods_id/19.html
NOTIC: D方法实例化没找到模型类Amind\Model\CatModel

[ 2017-09-24T17:06:09+08:00 ] ::1 /shop/index.php/Home/goods/goods/goods_id/api/cron.php-t=1452023217
NOTIC: D方法实例化没找到模型类Amind\Model\CatModel

[ 2017-09-24T17:06:09+08:00 ] ::1 /shop/index.php/Home/goods/goods/goods_id/api/cron.php-t=1452023217
NOTIC: D方法实例化没找到模型类Amind\Model\CatModel

[ 2017-09-24T17:07:21+08:00 ] ::1 /shop/index.php/Home/goods/goods/goods_id/19.html
NOTIC: D方法实例化没找到模型类Amind\Model\CatModel

[ 2017-09-24T17:07:21+08:00 ] ::1 /shop/index.php/Home/goods/goods/goods_id/api/cron.php-t=1452023217
NOTIC: D方法实例化没找到模型类Amind\Model\CatModel

[ 2017-09-24T17:07:21+08:00 ] ::1 /shop/index.php/Home/goods/goods/goods_id/api/cron.php-t=1452023217
NOTIC: D方法实例化没找到模型类Amind\Model\CatModel

[ 2017-09-24T17:07:30+08:00 ] ::1 /shop/index.php/Home/cat/cat/cat_id/api/cron.php-t=1452023217
NOTIC: D方法实例化没找到模型类Amind\Model\CatModel
ERR: 1054:Unknown column 'api' in 'where clause'
 [ SQL语句 ] : SELECT COUNT(*) AS tp_count FROM `goods` WHERE ( cat_id=api ) LIMIT 1  

[ 2017-09-24T17:07:31+08:00 ] ::1 /shop/index.php/Home/goods/goods/goods_id/13.html
NOTIC: D方法实例化没找到模型类Amind\Model\CatModel

[ 2017-09-24T17:07:31+08:00 ] ::1 /shop/index.php/Home/goods/goods/goods_id/api/cron.php-t=1452023217
NOTIC: D方法实例化没找到模型类Amind\Model\CatModel

[ 2017-09-24T17:07:31+08:00 ] ::1 /shop/index.php/Home/goods/goods/goods_id/api/cron.php-t=1452023217
NOTIC: D方法实例化没找到模型类Amind\Model\CatModel

[ 2017-09-24T17:07:31+08:00 ] ::1 /shop/index.php/Home/cat/cat/cat_id/api/cron.php-t=1452023217
NOTIC: D方法实例化没找到模型类Amind\Model\CatModel
ERR: 1054:Unknown column 'api' in 'where clause'
 [ SQL语句 ] : SELECT COUNT(*) AS tp_count FROM `goods` WHERE ( cat_id=api ) LIMIT 1  

[ 2017-09-24T17:07:32+08:00 ] ::1 /shop/index.php/Home/goods/goods/goods_id/14.html
NOTIC: D方法实例化没找到模型类Amind\Model\CatModel

[ 2017-09-24T17:07:32+08:00 ] ::1 /shop/index.php/Home/goods/goods/goods_id/api/cron.php-t=1452023217
NOTIC: D方法实例化没找到模型类Amind\Model\CatModel

[ 2017-09-24T17:07:32+08:00 ] ::1 /shop/index.php/Home/goods/goods/goods_id/api/cron.php-t=1452023217
NOTIC: D方法实例化没找到模型类Amind\Model\CatModel

[ 2017-09-24T17:07:33+08:00 ] ::1 /shop/index.php/Home/cat/cat/cat_id/api/cron.php-t=1452023217
NOTIC: D方法实例化没找到模型类Amind\Model\CatModel
ERR: 1054:Unknown column 'api' in 'where clause'
 [ SQL语句 ] : SELECT COUNT(*) AS tp_count FROM `goods` WHERE ( cat_id=api ) LIMIT 1  

[ 2017-09-24T17:07:34+08:00 ] ::1 /shop/index.php/Home/goods/goods/goods_id/14.html
NOTIC: D方法实例化没找到模型类Amind\Model\CatModel

[ 2017-09-24T17:07:34+08:00 ] ::1 /shop/index.php/Home/goods/goods/goods_id/api/cron.php-t=1452023217
NOTIC: D方法实例化没找到模型类Amind\Model\CatModel

[ 2017-09-24T17:07:34+08:00 ] ::1 /shop/index.php/Home/goods/goods/goods_id/api/cron.php-t=1452023217
NOTIC: D方法实例化没找到模型类Amind\Model\CatModel

[ 2017-09-24T17:08:00+08:00 ] ::1 /shop/index.php/Home/cat/cat/cat_id/2.html
NOTIC: D方法实例化没找到模型类Amind\Model\CatModel

[ 2017-09-24T17:08:00+08:00 ] ::1 /shop/index.php/Home/cat/cat/cat_id/api/cron.php-t=1452023217
NOTIC: D方法实例化没找到模型类Amind\Model\CatModel
ERR: 1054:Unknown column 'api' in 'where clause'
 [ SQL语句 ] : SELECT COUNT(*) AS tp_count FROM `goods` WHERE ( cat_id=api ) LIMIT 1  

[ 2017-09-24T17:08:01+08:00 ] ::1 /shop/index.php/Home/goods/goods/goods_id/14.html
NOTIC: D方法实例化没找到模型类Amind\Model\CatModel

[ 2017-09-24T17:08:01+08:00 ] ::1 /shop/index.php/Home/goods/goods/goods_id/api/cron.php-t=1452023217
NOTIC: D方法实例化没找到模型类Amind\Model\CatModel

[ 2017-09-24T17:08:02+08:00 ] ::1 /shop/index.php/Home/cat/cat/cat_id/api/cron.php-t=1452023217
NOTIC: D方法实例化没找到模型类Amind\Model\CatModel
ERR: 1054:Unknown column 'api' in 'where clause'
 [ SQL语句 ] : SELECT COUNT(*) AS tp_count FROM `goods` WHERE ( cat_id=api ) LIMIT 1  

[ 2017-09-24T17:08:02+08:00 ] ::1 /shop/index.php/Home/goods/goods/goods_id/19.html
NOTIC: D方法实例化没找到模型类Amind\Model\CatModel

[ 2017-09-24T17:08:02+08:00 ] ::1 /shop/index.php/Home/goods/goods/goods_id/api/cron.php-t=1452023217
NOTIC: D方法实例化没找到模型类Amind\Model\CatModel

[ 2017-09-24T17:08:02+08:00 ] ::1 /shop/index.php/Home/goods/goods/goods_id/api/cron.php-t=1452023217
NOTIC: D方法实例化没找到模型类Amind\Model\CatModel

[ 2017-09-24T17:08:03+08:00 ] ::1 /shop/index.php/Home/cat/cat/cat_id/api/cron.php-t=1452023217
NOTIC: D方法实例化没找到模型类Amind\Model\CatModel
ERR: 1054:Unknown column 'api' in 'where clause'
 [ SQL语句 ] : SELECT COUNT(*) AS tp_count FROM `goods` WHERE ( cat_id=api ) LIMIT 1  

[ 2017-09-24T17:08:03+08:00 ] ::1 /shop/index.php/Home/goods/goods/goods_id/13.html
NOTIC: D方法实例化没找到模型类Amind\Model\CatModel

[ 2017-09-24T17:08:03+08:00 ] ::1 /shop/index.php/Home/goods/goods/goods_id/api/cron.php-t=1452023217
NOTIC: D方法实例化没找到模型类Amind\Model\CatModel

[ 2017-09-24T17:08:04+08:00 ] ::1 /shop/index.php/Home/goods/goods/goods_id/api/cron.php-t=1452023217
NOTIC: D方法实例化没找到模型类Amind\Model\CatModel

[ 2017-09-24T17:08:04+08:00 ] ::1 /shop/index.php/Home/cat/cat/cat_id/api/cron.php-t=1452023217
NOTIC: D方法实例化没找到模型类Amind\Model\CatModel
ERR: 1054:Unknown column 'api' in 'where clause'
 [ SQL语句 ] : SELECT COUNT(*) AS tp_count FROM `goods` WHERE ( cat_id=api ) LIMIT 1  

[ 2017-09-24T17:08:04+08:00 ] ::1 /shop/index.php/Home/goods/goods/goods_id/14.html
NOTIC: D方法实例化没找到模型类Amind\Model\CatModel

[ 2017-09-24T17:08:05+08:00 ] ::1 /shop/index.php/Home/goods/goods/goods_id/api/cron.php-t=1452023217
NOTIC: D方法实例化没找到模型类Amind\Model\CatModel

[ 2017-09-24T17:08:05+08:00 ] ::1 /shop/index.php/Home/goods/goods/goods_id/api/cron.php-t=1452023217
NOTIC: D方法实例化没找到模型类Amind\Model\CatModel

[ 2017-09-24T17:10:55+08:00 ] ::1 /shop/index.php/Home/cat/cat/cat_id/2.html
NOTIC: D方法实例化没找到模型类Amind\Model\CatModel

[ 2017-09-24T17:10:55+08:00 ] ::1 /shop/index.php/Home/cat/cat/cat_id/api/cron.php-t=1452023217
NOTIC: D方法实例化没找到模型类Amind\Model\CatModel
ERR: 1054:Unknown column 'api' in 'where clause'
 [ SQL语句 ] : SELECT COUNT(*) AS tp_count FROM `goods` WHERE ( cat_id=api ) LIMIT 1  

[ 2017-09-24T17:10:57+08:00 ] ::1 /shop/index.php/Home/goods/goods/goods_id/19.html
NOTIC: D方法实例化没找到模型类Amind\Model\CatModel

[ 2017-09-24T17:10:57+08:00 ] ::1 /shop/index.php/Home/goods/goods/goods_id/api/cron.php-t=1452023217
NOTIC: D方法实例化没找到模型类Amind\Model\CatModel

[ 2017-09-24T17:10:57+08:00 ] ::1 /shop/index.php/Home/cat/cat/cat_id/api/cron.php-t=1452023217
NOTIC: D方法实例化没找到模型类Amind\Model\CatModel
ERR: 1054:Unknown column 'api' in 'where clause'
 [ SQL语句 ] : SELECT COUNT(*) AS tp_count FROM `goods` WHERE ( cat_id=api ) LIMIT 1  

[ 2017-09-24T17:10:58+08:00 ] ::1 /shop/index.php/Home/goods/goods/goods_id/14.html
NOTIC: D方法实例化没找到模型类Amind\Model\CatModel

[ 2017-09-24T17:10:58+08:00 ] ::1 /shop/index.php/Home/goods/goods/goods_id/api/cron.php-t=1452023217
NOTIC: D方法实例化没找到模型类Amind\Model\CatModel

[ 2017-09-24T17:10:58+08:00 ] ::1 /shop/index.php/Home/goods/goods/goods_id/api/cron.php-t=1452023217
NOTIC: D方法实例化没找到模型类Amind\Model\CatModel

[ 2017-09-24T17:10:58+08:00 ] ::1 /shop/index.php/Home/cat/cat/cat_id/api/cron.php-t=1452023217
NOTIC: D方法实例化没找到模型类Amind\Model\CatModel
ERR: 1054:Unknown column 'api' in 'where clause'
 [ SQL语句 ] : SELECT COUNT(*) AS tp_count FROM `goods` WHERE ( cat_id=api ) LIMIT 1  

[ 2017-09-24T17:10:59+08:00 ] ::1 /shop/index.php/Home/goods/goods/goods_id/13.html
NOTIC: D方法实例化没找到模型类Amind\Model\CatModel

[ 2017-09-24T17:10:59+08:00 ] ::1 /shop/index.php/Home/goods/goods/goods_id/api/cron.php-t=1452023217
NOTIC: D方法实例化没找到模型类Amind\Model\CatModel

[ 2017-09-24T17:10:59+08:00 ] ::1 /shop/index.php/Home/goods/goods/goods_id/api/cron.php-t=1452023217
NOTIC: D方法实例化没找到模型类Amind\Model\CatModel

[ 2017-09-24T17:10:59+08:00 ] ::1 /shop/index.php/Home/cat/cat/cat_id/api/cron.php-t=1452023217
NOTIC: D方法实例化没找到模型类Amind\Model\CatModel
ERR: 1054:Unknown column 'api' in 'where clause'
 [ SQL语句 ] : SELECT COUNT(*) AS tp_count FROM `goods` WHERE ( cat_id=api ) LIMIT 1  

[ 2017-09-24T17:11:00+08:00 ] ::1 /shop/index.php/Home/goods/goods/goods_id/14.html
NOTIC: D方法实例化没找到模型类Amind\Model\CatModel

[ 2017-09-24T17:11:01+08:00 ] ::1 /shop/index.php/Home/goods/goods/goods_id/api/cron.php-t=1452023217
NOTIC: D方法实例化没找到模型类Amind\Model\CatModel

[ 2017-09-24T17:11:01+08:00 ] ::1 /shop/index.php/Home/goods/goods/goods_id/api/cron.php-t=1452023217
NOTIC: D方法实例化没找到模型类Amind\Model\CatModel

[ 2017-09-24T17:20:28+08:00 ] ::1 /shop/index.php/Home/cat/cat/cat_id/2.html
NOTIC: D方法实例化没找到模型类Amind\Model\CatModel

[ 2017-09-24T17:20:29+08:00 ] ::1 /shop/index.php/Home/cat/cat/cat_id/api/cron.php-t=1452023217
NOTIC: D方法实例化没找到模型类Amind\Model\CatModel
ERR: 1054:Unknown column 'api' in 'where clause'
 [ SQL语句 ] : SELECT COUNT(*) AS tp_count FROM `goods` WHERE ( cat_id=api ) LIMIT 1  

[ 2017-09-24T17:20:32+08:00 ] ::1 /shop/index.php/Home/goods/goods/goods_id/13.html
NOTIC: D方法实例化没找到模型类Amind\Model\CatModel

[ 2017-09-24T17:20:32+08:00 ] ::1 /shop/index.php/Home/goods/goods/goods_id/api/cron.php-t=1452023217
NOTIC: D方法实例化没找到模型类Amind\Model\CatModel

[ 2017-09-24T17:20:32+08:00 ] ::1 /shop/index.php/Home/goods/goods/goods_id/api/cron.php-t=1452023217
NOTIC: D方法实例化没找到模型类Amind\Model\CatModel

[ 2017-09-24T17:20:37+08:00 ] ::1 /shop/index.php/Home/cat/cat/cat_id/2.html
NOTIC: D方法实例化没找到模型类Amind\Model\CatModel

[ 2017-09-24T17:20:37+08:00 ] ::1 /shop/index.php/Home/cat/cat/cat_id/api/cron.php-t=1452023217
NOTIC: D方法实例化没找到模型类Amind\Model\CatModel
ERR: 1054:Unknown column 'api' in 'where clause'
 [ SQL语句 ] : SELECT COUNT(*) AS tp_count FROM `goods` WHERE ( cat_id=api ) LIMIT 1  

[ 2017-09-24T17:20:39+08:00 ] ::1 /shop/index.php/Home/goods/goods/goods_id/19.html
NOTIC: D方法实例化没找到模型类Amind\Model\CatModel

[ 2017-09-24T17:20:39+08:00 ] ::1 /shop/index.php/Home/goods/goods/goods_id/api/cron.php-t=1452023217
NOTIC: D方法实例化没找到模型类Amind\Model\CatModel

[ 2017-09-24T17:20:39+08:00 ] ::1 /shop/index.php/Home/goods/goods/goods_id/api/cron.php-t=1452023217
NOTIC: D方法实例化没找到模型类Amind\Model\CatModel

[ 2017-09-24T17:20:41+08:00 ] ::1 /shop/index.php/Home/cat/cat/cat_id/api/cron.php-t=1452023217
NOTIC: D方法实例化没找到模型类Amind\Model\CatModel
ERR: 1054:Unknown column 'api' in 'where clause'
 [ SQL语句 ] : SELECT COUNT(*) AS tp_count FROM `goods` WHERE ( cat_id=api ) LIMIT 1  

[ 2017-09-24T17:20:42+08:00 ] ::1 /shop/index.php/Home/goods/goods/goods_id/14.html
NOTIC: D方法实例化没找到模型类Amind\Model\CatModel

[ 2017-09-24T17:20:42+08:00 ] ::1 /shop/index.php/Home/goods/goods/goods_id/api/cron.php-t=1452023217
NOTIC: D方法实例化没找到模型类Amind\Model\CatModel

[ 2017-09-24T17:20:43+08:00 ] ::1 /shop/index.php/Home/goods/goods/goods_id/api/cron.php-t=1452023217
NOTIC: D方法实例化没找到模型类Amind\Model\CatModel

[ 2017-09-24T17:22:53+08:00 ] ::1 /shop/index.php/Home/cat/cat/cat_id/2.html
NOTIC: D方法实例化没找到模型类Amind\Model\CatModel

[ 2017-09-24T17:22:53+08:00 ] ::1 /shop/index.php/Home/cat/cat/cat_id/api/cron.php-t=1452023217
NOTIC: D方法实例化没找到模型类Amind\Model\CatModel
ERR: 1054:Unknown column 'api' in 'where clause'
 [ SQL语句 ] : SELECT COUNT(*) AS tp_count FROM `goods` WHERE ( cat_id=api ) LIMIT 1  

[ 2017-09-24T17:22:56+08:00 ] ::1 /shop/index.php/Home/goods/goods/goods_id/19.html
NOTIC: D方法实例化没找到模型类Amind\Model\CatModel

[ 2017-09-24T17:22:57+08:00 ] ::1 /shop/index.php/Home/goods/goods/goods_id/api/cron.php-t=1452023217
NOTIC: D方法实例化没找到模型类Amind\Model\CatModel

[ 2017-09-24T17:22:57+08:00 ] ::1 /shop/index.php/Home/goods/goods/goods_id/api/cron.php-t=1452023217
NOTIC: D方法实例化没找到模型类Amind\Model\CatModel

[ 2017-09-24T17:23:02+08:00 ] ::1 /shop/index.php/Home/cat/cat/cat_id/2.html
NOTIC: D方法实例化没找到模型类Amind\Model\CatModel

[ 2017-09-24T17:23:03+08:00 ] ::1 /shop/index.php/Home/cat/cat/cat_id/api/cron.php-t=1452023217
NOTIC: D方法实例化没找到模型类Amind\Model\CatModel
ERR: 1054:Unknown column 'api' in 'where clause'
 [ SQL语句 ] : SELECT COUNT(*) AS tp_count FROM `goods` WHERE ( cat_id=api ) LIMIT 1  

[ 2017-09-24T17:23:04+08:00 ] ::1 /shop/index.php/Home/goods/goods/goods_id/14.html
NOTIC: D方法实例化没找到模型类Amind\Model\CatModel

[ 2017-09-24T17:23:04+08:00 ] ::1 /shop/index.php/Home/goods/goods/goods_id/api/cron.php-t=1452023217
NOTIC: D方法实例化没找到模型类Amind\Model\CatModel

[ 2017-09-24T17:23:04+08:00 ] ::1 /shop/index.php/Home/goods/goods/goods_id/api/cron.php-t=1452023217
NOTIC: D方法实例化没找到模型类Amind\Model\CatModel

[ 2017-09-24T17:23:05+08:00 ] ::1 /shop/index.php/Home/cat/cat/cat_id/api/cron.php-t=1452023217
NOTIC: D方法实例化没找到模型类Amind\Model\CatModel
ERR: 1054:Unknown column 'api' in 'where clause'
 [ SQL语句 ] : SELECT COUNT(*) AS tp_count FROM `goods` WHERE ( cat_id=api ) LIMIT 1  

[ 2017-09-24T17:24:47+08:00 ] ::1 /shop/index.php/Home/cat/cat/cat_id/2.html
NOTIC: D方法实例化没找到模型类Amind\Model\CatModel

[ 2017-09-24T17:24:47+08:00 ] ::1 /shop/index.php/Home/cat/cat/cat_id/api/cron.php-t=1452023217
NOTIC: D方法实例化没找到模型类Amind\Model\CatModel
ERR: 1054:Unknown column 'api' in 'where clause'
 [ SQL语句 ] : SELECT COUNT(*) AS tp_count FROM `goods` WHERE ( cat_id=api ) LIMIT 1  

[ 2017-09-24T17:24:48+08:00 ] ::1 /shop/index.php/Home/goods/goods/goods_id/14.html
NOTIC: D方法实例化没找到模型类Amind\Model\CatModel

[ 2017-09-24T17:24:49+08:00 ] ::1 /shop/index.php/Home/goods/goods/goods_id/api/cron.php-t=1452023217
NOTIC: D方法实例化没找到模型类Amind\Model\CatModel

[ 2017-09-24T17:24:49+08:00 ] ::1 /shop/index.php/Home/goods/goods/goods_id/api/cron.php-t=1452023217
NOTIC: D方法实例化没找到模型类Amind\Model\CatModel

[ 2017-09-24T17:28:10+08:00 ] ::1 /shop/index.php/Home/cat/cat/cat_id/2.html
NOTIC: D方法实例化没找到模型类Amind\Model\CatModel

[ 2017-09-24T17:28:11+08:00 ] ::1 /shop/index.php/Home/cat/cat/cat_id/api/cron.php-t=1452023217
NOTIC: D方法实例化没找到模型类Amind\Model\CatModel
ERR: 1054:Unknown column 'api' in 'where clause'
 [ SQL语句 ] : SELECT COUNT(*) AS tp_count FROM `goods` WHERE ( cat_id=api ) LIMIT 1  

[ 2017-09-24T17:28:13+08:00 ] ::1 /shop/index.php/Home/goods/goods/goods_id/19.html
NOTIC: D方法实例化没找到模型类Amind\Model\CatModel
ERR: Think\Controller:history方法不存在！

[ 2017-09-24T17:28:16+08:00 ] ::1 /shop/index.php/Home/cat/cat/cat_id/api/cron.php-t=1452023217
NOTIC: D方法实例化没找到模型类Amind\Model\CatModel
ERR: 1054:Unknown column 'api' in 'where clause'
 [ SQL语句 ] : SELECT COUNT(*) AS tp_count FROM `goods` WHERE ( cat_id=api ) LIMIT 1  

[ 2017-09-24T17:28:52+08:00 ] ::1 /shop/index.php/Home/cat/cat/cat_id/2.html
NOTIC: D方法实例化没找到模型类Amind\Model\CatModel

[ 2017-09-24T17:28:52+08:00 ] ::1 /shop/index.php/Home/cat/cat/cat_id/api/cron.php-t=1452023217
NOTIC: D方法实例化没找到模型类Amind\Model\CatModel
ERR: 1054:Unknown column 'api' in 'where clause'
 [ SQL语句 ] : SELECT COUNT(*) AS tp_count FROM `goods` WHERE ( cat_id=api ) LIMIT 1  

[ 2017-09-24T17:28:54+08:00 ] ::1 /shop/index.php/Home/goods/goods/goods_id/19.html
NOTIC: D方法实例化没找到模型类Amind\Model\CatModel

[ 2017-09-24T17:28:54+08:00 ] ::1 /shop/index.php/Home/goods/goods/goods_id/api/cron.php-t=1452023217
NOTIC: D方法实例化没找到模型类Amind\Model\CatModel

[ 2017-09-24T17:28:54+08:00 ] ::1 /shop/index.php/Home/goods/goods/goods_id/api/cron.php-t=1452023217
NOTIC: D方法实例化没找到模型类Amind\Model\CatModel

[ 2017-09-24T17:29:02+08:00 ] ::1 /shop/index.php/Home/cat/cat/cat_id/2.html
NOTIC: D方法实例化没找到模型类Amind\Model\CatModel

[ 2017-09-24T17:29:02+08:00 ] ::1 /shop/index.php/Home/cat/cat/cat_id/api/cron.php-t=1452023217
NOTIC: D方法实例化没找到模型类Amind\Model\CatModel
ERR: 1054:Unknown column 'api' in 'where clause'
 [ SQL语句 ] : SELECT COUNT(*) AS tp_count FROM `goods` WHERE ( cat_id=api ) LIMIT 1  

[ 2017-09-24T17:29:06+08:00 ] ::1 /shop/index.php/Home/goods/goods/goods_id/13.html
NOTIC: D方法实例化没找到模型类Amind\Model\CatModel

[ 2017-09-24T17:29:06+08:00 ] ::1 /shop/index.php/Home/goods/goods/goods_id/api/cron.php-t=1452023217
NOTIC: D方法实例化没找到模型类Amind\Model\CatModel

[ 2017-09-24T17:29:06+08:00 ] ::1 /shop/index.php/Home/goods/goods/goods_id/api/cron.php-t=1452023217
NOTIC: D方法实例化没找到模型类Amind\Model\CatModel

[ 2017-09-24T17:29:09+08:00 ] ::1 /shop/index.php/Home/cat/cat/cat_id/api/cron.php-t=1452023217
NOTIC: D方法实例化没找到模型类Amind\Model\CatModel
ERR: 1054:Unknown column 'api' in 'where clause'
 [ SQL语句 ] : SELECT COUNT(*) AS tp_count FROM `goods` WHERE ( cat_id=api ) LIMIT 1  

[ 2017-09-24T17:29:10+08:00 ] ::1 /shop/index.php/Home/goods/goods/goods_id/14.html
NOTIC: D方法实例化没找到模型类Amind\Model\CatModel

[ 2017-09-24T17:29:11+08:00 ] ::1 /shop/index.php/Home/goods/goods/goods_id/api/cron.php-t=1452023217
NOTIC: D方法实例化没找到模型类Amind\Model\CatModel

[ 2017-09-24T17:29:11+08:00 ] ::1 /shop/index.php/Home/goods/goods/goods_id/api/cron.php-t=1452023217
NOTIC: D方法实例化没找到模型类Amind\Model\CatModel

[ 2017-09-24T17:29:16+08:00 ] ::1 /shop/index.php/Home/cat/cat/cat_id/api/cron.php-t=1452023217
NOTIC: D方法实例化没找到模型类Amind\Model\CatModel
ERR: 1054:Unknown column 'api' in 'where clause'
 [ SQL语句 ] : SELECT COUNT(*) AS tp_count FROM `goods` WHERE ( cat_id=api ) LIMIT 1  

[ 2017-09-24T17:29:17+08:00 ] ::1 /shop/index.php/Home/goods/goods/goods_id/19.html
NOTIC: D方法实例化没找到模型类Amind\Model\CatModel

[ 2017-09-24T17:29:17+08:00 ] ::1 /shop/index.php/Home/goods/goods/goods_id/api/cron.php-t=1452023217
NOTIC: D方法实例化没找到模型类Amind\Model\CatModel

[ 2017-09-24T17:29:18+08:00 ] ::1 /shop/index.php/Home/goods/goods/goods_id/api/cron.php-t=1452023217
NOTIC: D方法实例化没找到模型类Amind\Model\CatModel

[ 2017-09-24T17:29:38+08:00 ] ::1 /shop/index.php/Home/cat/cat/cat_id/api/cron.php-t=1452023217
NOTIC: D方法实例化没找到模型类Amind\Model\CatModel
ERR: 1054:Unknown column 'api' in 'where clause'
 [ SQL语句 ] : SELECT COUNT(*) AS tp_count FROM `goods` WHERE ( cat_id=api ) LIMIT 1  

[ 2017-09-24T17:29:40+08:00 ] ::1 /shop/index.php/Home/cat/cat/cat_id/2.html
NOTIC: D方法实例化没找到模型类Amind\Model\CatModel

[ 2017-09-24T17:29:40+08:00 ] ::1 /shop/index.php/Home/cat/cat/cat_id/api/cron.php-t=1452023217
NOTIC: D方法实例化没找到模型类Amind\Model\CatModel
ERR: 1054:Unknown column 'api' in 'where clause'
 [ SQL语句 ] : SELECT COUNT(*) AS tp_count FROM `goods` WHERE ( cat_id=api ) LIMIT 1  

[ 2017-09-24T17:29:41+08:00 ] ::1 /shop/index.php/Home/goods/goods/goods_id/19.html
NOTIC: D方法实例化没找到模型类Amind\Model\CatModel

[ 2017-09-24T17:29:42+08:00 ] ::1 /shop/index.php/Home/goods/goods/goods_id/api/cron.php-t=1452023217
NOTIC: D方法实例化没找到模型类Amind\Model\CatModel

[ 2017-09-24T17:29:42+08:00 ] ::1 /shop/index.php/Home/cat/cat/cat_id/api/cron.php-t=1452023217
NOTIC: D方法实例化没找到模型类Amind\Model\CatModel
ERR: 1054:Unknown column 'api' in 'where clause'
 [ SQL语句 ] : SELECT COUNT(*) AS tp_count FROM `goods` WHERE ( cat_id=api ) LIMIT 1  

[ 2017-09-24T17:29:43+08:00 ] ::1 /shop/index.php/Home/goods/goods/goods_id/14.html
NOTIC: D方法实例化没找到模型类Amind\Model\CatModel

[ 2017-09-24T17:29:43+08:00 ] ::1 /shop/index.php/Home/goods/goods/goods_id/api/cron.php-t=1452023217
NOTIC: D方法实例化没找到模型类Amind\Model\CatModel

[ 2017-09-24T17:29:44+08:00 ] ::1 /shop/index.php/Home/goods/goods/goods_id/api/cron.php-t=1452023217
NOTIC: D方法实例化没找到模型类Amind\Model\CatModel

[ 2017-09-24T17:29:44+08:00 ] ::1 /shop/index.php/Home/cat/cat/cat_id/api/cron.php-t=1452023217
NOTIC: D方法实例化没找到模型类Amind\Model\CatModel
ERR: 1054:Unknown column 'api' in 'where clause'
 [ SQL语句 ] : SELECT COUNT(*) AS tp_count FROM `goods` WHERE ( cat_id=api ) LIMIT 1  

[ 2017-09-24T17:29:46+08:00 ] ::1 /shop/index.php/Home/goods/goods/goods_id/13.html
NOTIC: D方法实例化没找到模型类Amind\Model\CatModel

[ 2017-09-24T17:29:46+08:00 ] ::1 /shop/index.php/Home/goods/goods/goods_id/api/cron.php-t=1452023217
NOTIC: D方法实例化没找到模型类Amind\Model\CatModel

[ 2017-09-24T17:29:46+08:00 ] ::1 /shop/index.php/Home/goods/goods/goods_id/api/cron.php-t=1452023217
NOTIC: D方法实例化没找到模型类Amind\Model\CatModel

[ 2017-09-24T17:29:48+08:00 ] ::1 /shop/index.php/Home/cat/cat/cat_id/api/cron.php-t=1452023217
NOTIC: D方法实例化没找到模型类Amind\Model\CatModel
ERR: 1054:Unknown column 'api' in 'where clause'
 [ SQL语句 ] : SELECT COUNT(*) AS tp_count FROM `goods` WHERE ( cat_id=api ) LIMIT 1  

[ 2017-09-24T17:29:49+08:00 ] ::1 /shop/index.php/Home/goods/goods/goods_id/14.html
NOTIC: D方法实例化没找到模型类Amind\Model\CatModel

[ 2017-09-24T17:29:49+08:00 ] ::1 /shop/index.php/Home/goods/goods/goods_id/api/cron.php-t=1452023217
NOTIC: D方法实例化没找到模型类Amind\Model\CatModel

[ 2017-09-24T17:29:49+08:00 ] ::1 /shop/index.php/Home/goods/goods/goods_id/api/cron.php-t=1452023217
NOTIC: D方法实例化没找到模型类Amind\Model\CatModel

[ 2017-09-24T17:29:50+08:00 ] ::1 /shop/index.php/Home/cat/cat/cat_id/api/cron.php-t=1452023217
NOTIC: D方法实例化没找到模型类Amind\Model\CatModel
ERR: 1054:Unknown column 'api' in 'where clause'
 [ SQL语句 ] : SELECT COUNT(*) AS tp_count FROM `goods` WHERE ( cat_id=api ) LIMIT 1  

[ 2017-09-24T17:29:51+08:00 ] ::1 /shop/index.php/Home/goods/goods/goods_id/19.html
NOTIC: D方法实例化没找到模型类Amind\Model\CatModel

[ 2017-09-24T17:29:51+08:00 ] ::1 /shop/index.php/Home/goods/goods/goods_id/api/cron.php-t=1452023217
NOTIC: D方法实例化没找到模型类Amind\Model\CatModel

[ 2017-09-24T17:29:51+08:00 ] ::1 /shop/index.php/Home/goods/goods/goods_id/api/cron.php-t=1452023217
NOTIC: D方法实例化没找到模型类Amind\Model\CatModel

[ 2017-09-24T17:31:13+08:00 ] ::1 /shop/index.php/Home/cat/cat/cat_id/api/cron.php-t=1452023217
NOTIC: D方法实例化没找到模型类Amind\Model\CatModel
ERR: 1054:Unknown column 'api' in 'where clause'
 [ SQL语句 ] : SELECT COUNT(*) AS tp_count FROM `goods` WHERE ( cat_id=api ) LIMIT 1  

[ 2017-09-24T17:31:15+08:00 ] ::1 /shop/index.php/Home/goods/goods/goods_id/19.html
NOTIC: D方法实例化没找到模型类Amind\Model\CatModel

[ 2017-09-24T17:31:16+08:00 ] ::1 /shop/index.php/Home/goods/goods/goods_id/api/cron.php-t=1452023217
NOTIC: D方法实例化没找到模型类Amind\Model\CatModel

[ 2017-09-24T17:31:16+08:00 ] ::1 /shop/index.php/Home/goods/goods/goods_id/api/cron.php-t=1452023217
NOTIC: D方法实例化没找到模型类Amind\Model\CatModel

[ 2017-09-24T17:33:37+08:00 ] ::1 /shop/index.php/Home/goods/goods/goods_id/19.html
NOTIC: D方法实例化没找到模型类Amind\Model\CatModel

[ 2017-09-24T17:33:45+08:00 ] ::1 /shop/index.php/Home/cat/cat/cat_id/api/cron.php-t=1452023217
NOTIC: D方法实例化没找到模型类Amind\Model\CatModel
ERR: 1054:Unknown column 'api' in 'where clause'
 [ SQL语句 ] : SELECT COUNT(*) AS tp_count FROM `goods` WHERE ( cat_id=api ) LIMIT 1  

[ 2017-09-24T17:34:02+08:00 ] ::1 /shop/index.php/Home/goods/goods/goods_id/19.html
NOTIC: D方法实例化没找到模型类Amind\Model\CatModel

[ 2017-09-24T17:34:02+08:00 ] ::1 /shop/index.php/Home/goods/goods/goods_id/api/cron.php-t=1452023217
NOTIC: D方法实例化没找到模型类Amind\Model\CatModel

[ 2017-09-24T17:34:02+08:00 ] ::1 /shop/index.php/Home/goods/goods/goods_id/api/cron.php-t=1452023217
NOTIC: D方法实例化没找到模型类Amind\Model\CatModel

[ 2017-09-24T17:34:05+08:00 ] ::1 /shop/index.php/Home/cat/cat/cat_id/api/cron.php-t=1452023217
NOTIC: D方法实例化没找到模型类Amind\Model\CatModel
ERR: 1054:Unknown column 'api' in 'where clause'
 [ SQL语句 ] : SELECT COUNT(*) AS tp_count FROM `goods` WHERE ( cat_id=api ) LIMIT 1  

[ 2017-09-24T17:34:06+08:00 ] ::1 /shop/index.php/Home/goods/goods/goods_id/14.html
NOTIC: D方法实例化没找到模型类Amind\Model\CatModel

[ 2017-09-24T17:34:06+08:00 ] ::1 /shop/index.php/Home/goods/goods/goods_id/api/cron.php-t=1452023217
NOTIC: D方法实例化没找到模型类Amind\Model\CatModel

[ 2017-09-24T17:34:06+08:00 ] ::1 /shop/index.php/Home/goods/goods/goods_id/api/cron.php-t=1452023217
NOTIC: D方法实例化没找到模型类Amind\Model\CatModel

[ 2017-09-24T17:34:07+08:00 ] ::1 /shop/index.php/Home/cat/cat/cat_id/api/cron.php-t=1452023217
NOTIC: D方法实例化没找到模型类Amind\Model\CatModel
ERR: 1054:Unknown column 'api' in 'where clause'
 [ SQL语句 ] : SELECT COUNT(*) AS tp_count FROM `goods` WHERE ( cat_id=api ) LIMIT 1  

[ 2017-09-24T17:34:09+08:00 ] ::1 /shop/index.php/Home/cat/cat/cat_id/api/cron.php-t=1452023217
NOTIC: D方法实例化没找到模型类Amind\Model\CatModel
ERR: 1054:Unknown column 'api' in 'where clause'
 [ SQL语句 ] : SELECT COUNT(*) AS tp_count FROM `goods` WHERE ( cat_id=api ) LIMIT 1  

[ 2017-09-24T17:34:10+08:00 ] ::1 /shop/index.php/Home/goods/goods/goods_id/api/cron.php-t=1452023217
NOTIC: D方法实例化没找到模型类Amind\Model\CatModel

[ 2017-09-24T17:34:11+08:00 ] ::1 /shop/index.php/Home/goods/goods/goods_id/api/cron.php-t=1452023217
NOTIC: D方法实例化没找到模型类Amind\Model\CatModel

[ 2017-09-24T17:35:37+08:00 ] ::1 /shop/index.php/Home/cat/cat/cat_id/api/cron.php-t=1452023217
NOTIC: D方法实例化没找到模型类Amind\Model\CatModel
ERR: 1054:Unknown column 'api' in 'where clause'
 [ SQL语句 ] : SELECT COUNT(*) AS tp_count FROM `goods` WHERE ( cat_id=api ) LIMIT 1  

[ 2017-09-24T17:35:39+08:00 ] ::1 /shop/index.php/Home/goods/goods/goods_id/19.html
NOTIC: D方法实例化没找到模型类Amind\Model\CatModel

[ 2017-09-24T17:35:39+08:00 ] ::1 /shop/index.php/Home/goods/goods/goods_id/api/cron.php-t=1452023217
NOTIC: D方法实例化没找到模型类Amind\Model\CatModel

[ 2017-09-24T17:35:40+08:00 ] ::1 /shop/index.php/Home/goods/goods/goods_id/api/cron.php-t=1452023217
NOTIC: D方法实例化没找到模型类Amind\Model\CatModel

[ 2017-09-24T17:35:41+08:00 ] ::1 /shop/index.php/Home/cat/cat/cat_id/api/cron.php-t=1452023217
NOTIC: D方法实例化没找到模型类Amind\Model\CatModel
ERR: 1054:Unknown column 'api' in 'where clause'
 [ SQL语句 ] : SELECT COUNT(*) AS tp_count FROM `goods` WHERE ( cat_id=api ) LIMIT 1  

[ 2017-09-24T17:35:42+08:00 ] ::1 /shop/index.php/Home/cat/cat/cat_id/2.html
NOTIC: D方法实例化没找到模型类Amind\Model\CatModel

[ 2017-09-24T17:35:42+08:00 ] ::1 /shop/index.php/Home/cat/cat/cat_id/api/cron.php-t=1452023217
NOTIC: D方法实例化没找到模型类Amind\Model\CatModel
ERR: 1054:Unknown column 'api' in 'where clause'
 [ SQL语句 ] : SELECT COUNT(*) AS tp_count FROM `goods` WHERE ( cat_id=api ) LIMIT 1  

[ 2017-09-24T17:35:43+08:00 ] ::1 /shop/index.php/Home/goods/goods/goods_id/19.html
NOTIC: D方法实例化没找到模型类Amind\Model\CatModel

[ 2017-09-24T17:35:43+08:00 ] ::1 /shop/index.php/Home/goods/goods/goods_id/api/cron.php-t=1452023217
NOTIC: D方法实例化没找到模型类Amind\Model\CatModel

[ 2017-09-24T17:35:43+08:00 ] ::1 /shop/index.php/Home/goods/goods/goods_id/api/cron.php-t=1452023217
NOTIC: D方法实例化没找到模型类Amind\Model\CatModel

[ 2017-09-24T17:35:45+08:00 ] ::1 /shop/index.php/Home/cat/cat/cat_id/api/cron.php-t=1452023217
NOTIC: D方法实例化没找到模型类Amind\Model\CatModel
ERR: 1054:Unknown column 'api' in 'where clause'
 [ SQL语句 ] : SELECT COUNT(*) AS tp_count FROM `goods` WHERE ( cat_id=api ) LIMIT 1  

[ 2017-09-24T17:35:55+08:00 ] ::1 /shop/index.php/Home/cat/cat/cat_id/api/cron.php-t=1452023217
NOTIC: D方法实例化没找到模型类Amind\Model\CatModel
ERR: 1054:Unknown column 'api' in 'where clause'
 [ SQL语句 ] : SELECT COUNT(*) AS tp_count FROM `goods` WHERE ( cat_id=api ) LIMIT 1  

[ 2017-09-24T17:35:57+08:00 ] ::1 /shop/index.php/Home/goods/goods/goods_id/19.html
NOTIC: D方法实例化没找到模型类Amind\Model\CatModel

[ 2017-09-24T17:35:57+08:00 ] ::1 /shop/index.php/Home/goods/goods/goods_id/api/cron.php-t=1452023217
NOTIC: D方法实例化没找到模型类Amind\Model\CatModel

[ 2017-09-24T17:35:57+08:00 ] ::1 /shop/index.php/Home/goods/goods/goods_id/api/cron.php-t=1452023217
NOTIC: D方法实例化没找到模型类Amind\Model\CatModel

[ 2017-09-24T17:35:59+08:00 ] ::1 /shop/index.php/Home/cat/cat/cat_id/api/cron.php-t=1452023217
NOTIC: D方法实例化没找到模型类Amind\Model\CatModel
ERR: 1054:Unknown column 'api' in 'where clause'
 [ SQL语句 ] : SELECT COUNT(*) AS tp_count FROM `goods` WHERE ( cat_id=api ) LIMIT 1  

[ 2017-09-24T17:36:00+08:00 ] ::1 /shop/index.php/Home/cat/cat/cat_id/2.html
NOTIC: D方法实例化没找到模型类Amind\Model\CatModel

[ 2017-09-24T17:36:00+08:00 ] ::1 /shop/index.php/Home/cat/cat/cat_id/api/cron.php-t=1452023217
NOTIC: D方法实例化没找到模型类Amind\Model\CatModel
ERR: 1054:Unknown column 'api' in 'where clause'
 [ SQL语句 ] : SELECT COUNT(*) AS tp_count FROM `goods` WHERE ( cat_id=api ) LIMIT 1  

[ 2017-09-24T17:36:01+08:00 ] ::1 /shop/index.php/Home/goods/goods/goods_id/19.html
NOTIC: D方法实例化没找到模型类Amind\Model\CatModel

[ 2017-09-24T17:36:01+08:00 ] ::1 /shop/index.php/Home/goods/goods/goods_id/api/cron.php-t=1452023217
NOTIC: D方法实例化没找到模型类Amind\Model\CatModel

[ 2017-09-24T17:36:01+08:00 ] ::1 /shop/index.php/Home/goods/goods/goods_id/api/cron.php-t=1452023217
NOTIC: D方法实例化没找到模型类Amind\Model\CatModel

[ 2017-09-24T17:36:02+08:00 ] ::1 /shop/index.php/Home/cat/cat/cat_id/api/cron.php-t=1452023217
NOTIC: D方法实例化没找到模型类Amind\Model\CatModel
ERR: 1054:Unknown column 'api' in 'where clause'
 [ SQL语句 ] : SELECT COUNT(*) AS tp_count FROM `goods` WHERE ( cat_id=api ) LIMIT 1  

[ 2017-09-24T17:37:29+08:00 ] ::1 /shop/index.php/Home/goods/goods/goods_id/19.html
NOTIC: D方法实例化没找到模型类Amind\Model\CatModel

[ 2017-09-24T17:37:30+08:00 ] ::1 /shop/index.php/Home/goods/goods/goods_id/api/cron.php-t=1452023217
NOTIC: D方法实例化没找到模型类Amind\Model\CatModel

[ 2017-09-24T17:37:30+08:00 ] ::1 /shop/index.php/Home/goods/goods/goods_id/api/cron.php-t=1452023217
NOTIC: D方法实例化没找到模型类Amind\Model\CatModel

[ 2017-09-24T17:37:31+08:00 ] ::1 /shop/index.php/Home/cat/cat/cat_id/api/cron.php-t=1452023217
NOTIC: D方法实例化没找到模型类Amind\Model\CatModel
ERR: 1054:Unknown column 'api' in 'where clause'
 [ SQL语句 ] : SELECT COUNT(*) AS tp_count FROM `goods` WHERE ( cat_id=api ) LIMIT 1  

[ 2017-09-24T17:46:18+08:00 ] ::1 /shop/index.php/Home/cat/cat/cat_id/2.html
NOTIC: D方法实例化没找到模型类Amind\Model\CatModel

[ 2017-09-24T17:46:18+08:00 ] ::1 /shop/index.php/Home/cat/cat/cat_id/api/cron.php-t=1452023217
NOTIC: D方法实例化没找到模型类Amind\Model\CatModel
ERR: 1054:Unknown column 'api' in 'where clause'
 [ SQL语句 ] : SELECT COUNT(*) AS tp_count FROM `goods` WHERE ( cat_id=api ) LIMIT 1  

[ 2017-09-24T17:46:20+08:00 ] ::1 /shop/index.php/Home/goods/goods/goods_id/14.html
NOTIC: D方法实例化没找到模型类Amind\Model\CatModel

[ 2017-09-24T17:46:20+08:00 ] ::1 /shop/index.php/Home/goods/goods/goods_id/api/cron.php-t=1452023217
NOTIC: D方法实例化没找到模型类Amind\Model\CatModel

[ 2017-09-24T17:46:21+08:00 ] ::1 /shop/index.php/Home/goods/goods/goods_id/api/cron.php-t=1452023217
NOTIC: D方法实例化没找到模型类Amind\Model\CatModel

[ 2017-09-24T17:46:21+08:00 ] ::1 /shop/index.php/Home/cat/cat/cat_id/api/cron.php-t=1452023217
NOTIC: D方法实例化没找到模型类Amind\Model\CatModel
ERR: 1054:Unknown column 'api' in 'where clause'
 [ SQL语句 ] : SELECT COUNT(*) AS tp_count FROM `goods` WHERE ( cat_id=api ) LIMIT 1  

[ 2017-09-24T17:46:22+08:00 ] ::1 /shop/index.php/Home/goods/goods/goods_id/13.html
NOTIC: D方法实例化没找到模型类Amind\Model\CatModel

[ 2017-09-24T17:46:22+08:00 ] ::1 /shop/index.php/Home/goods/goods/goods_id/api/cron.php-t=1452023217
NOTIC: D方法实例化没找到模型类Amind\Model\CatModel

[ 2017-09-24T17:46:22+08:00 ] ::1 /shop/index.php/Home/goods/goods/goods_id/api/cron.php-t=1452023217
NOTIC: D方法实例化没找到模型类Amind\Model\CatModel

[ 2017-09-24T17:46:23+08:00 ] ::1 /shop/index.php/Home/cat/cat/cat_id/api/cron.php-t=1452023217
NOTIC: D方法实例化没找到模型类Amind\Model\CatModel
ERR: 1054:Unknown column 'api' in 'where clause'
 [ SQL语句 ] : SELECT COUNT(*) AS tp_count FROM `goods` WHERE ( cat_id=api ) LIMIT 1  

[ 2017-09-24T17:46:24+08:00 ] ::1 /shop/index.php/Home/goods/goods/goods_id/19.html
NOTIC: D方法实例化没找到模型类Amind\Model\CatModel

[ 2017-09-24T17:46:24+08:00 ] ::1 /shop/index.php/Home/goods/goods/goods_id/api/cron.php-t=1452023217
NOTIC: D方法实例化没找到模型类Amind\Model\CatModel

[ 2017-09-24T17:46:24+08:00 ] ::1 /shop/index.php/Home/goods/goods/goods_id/api/cron.php-t=1452023217
NOTIC: D方法实例化没找到模型类Amind\Model\CatModel

[ 2017-09-24T17:48:34+08:00 ] ::1 /shop/index.php/Home/cat/cat/cat_id/2.html
NOTIC: D方法实例化没找到模型类Amind\Model\CatModel

[ 2017-09-24T17:48:34+08:00 ] ::1 /shop/index.php/Home/cat/cat/cat_id/api/cron.php-t=1452023217
NOTIC: D方法实例化没找到模型类Amind\Model\CatModel
ERR: 1054:Unknown column 'api' in 'where clause'
 [ SQL语句 ] : SELECT COUNT(*) AS tp_count FROM `goods` WHERE ( cat_id=api ) LIMIT 1  

[ 2017-09-24T17:48:35+08:00 ] ::1 /shop/index.php/Home/goods/goods/goods_id/14.html
NOTIC: D方法实例化没找到模型类Amind\Model\CatModel

[ 2017-09-24T17:48:35+08:00 ] ::1 /shop/index.php/Home/cat/cat/cat_id/api/cron.php-t=1452023217
NOTIC: D方法实例化没找到模型类Amind\Model\CatModel
ERR: 1054:Unknown column 'api' in 'where clause'
 [ SQL语句 ] : SELECT COUNT(*) AS tp_count FROM `goods` WHERE ( cat_id=api ) LIMIT 1  

[ 2017-09-24T17:48:37+08:00 ] ::1 /shop/index.php/Home/goods/goods/goods_id/19.html
NOTIC: D方法实例化没找到模型类Amind\Model\CatModel

[ 2017-09-24T17:49:46+08:00 ] ::1 /shop/index.php/Home/goods/goods/goods_id/19.html
NOTIC: D方法实例化没找到模型类Amind\Model\CatModel

[ 2017-09-24T17:49:47+08:00 ] ::1 /shop/index.php/Home/goods/goods/goods_id/api/cron.php-t=1452023217
NOTIC: D方法实例化没找到模型类Amind\Model\CatModel

[ 2017-09-24T17:49:47+08:00 ] ::1 /shop/index.php/Home/goods/goods/goods_id/api/cron.php-t=1452023217
NOTIC: D方法实例化没找到模型类Amind\Model\CatModel

[ 2017-09-24T17:49:49+08:00 ] ::1 /shop/index.php/Home/cat/cat/cat_id/api/cron.php-t=1452023217
NOTIC: D方法实例化没找到模型类Amind\Model\CatModel
ERR: 1054:Unknown column 'api' in 'where clause'
 [ SQL语句 ] : SELECT COUNT(*) AS tp_count FROM `goods` WHERE ( cat_id=api ) LIMIT 1  

[ 2017-09-24T17:49:49+08:00 ] ::1 /shop/index.php/Home/goods/goods/goods_id/13.html
NOTIC: D方法实例化没找到模型类Amind\Model\CatModel

[ 2017-09-24T17:49:50+08:00 ] ::1 /shop/index.php/Home/goods/goods/goods_id/api/cron.php-t=1452023217
NOTIC: D方法实例化没找到模型类Amind\Model\CatModel

[ 2017-09-24T17:49:50+08:00 ] ::1 /shop/index.php/Home/goods/goods/goods_id/api/cron.php-t=1452023217
NOTIC: D方法实例化没找到模型类Amind\Model\CatModel

[ 2017-09-24T17:49:50+08:00 ] ::1 /shop/index.php/Home/cat/cat/cat_id/api/cron.php-t=1452023217
NOTIC: D方法实例化没找到模型类Amind\Model\CatModel
ERR: 1054:Unknown column 'api' in 'where clause'
 [ SQL语句 ] : SELECT COUNT(*) AS tp_count FROM `goods` WHERE ( cat_id=api ) LIMIT 1  

[ 2017-09-24T17:49:51+08:00 ] ::1 /shop/index.php/Home/goods/goods/goods_id/14.html
NOTIC: D方法实例化没找到模型类Amind\Model\CatModel

[ 2017-09-24T17:49:51+08:00 ] ::1 /shop/index.php/Home/goods/goods/goods_id/api/cron.php-t=1452023217
NOTIC: D方法实例化没找到模型类Amind\Model\CatModel

[ 2017-09-24T17:49:52+08:00 ] ::1 /shop/index.php/Home/goods/goods/goods_id/api/cron.php-t=1452023217
NOTIC: D方法实例化没找到模型类Amind\Model\CatModel

[ 2017-09-24T17:51:30+08:00 ] ::1 /shop/index.php/Home/cat/cat/cat_id/2.html
NOTIC: D方法实例化没找到模型类Amind\Model\CatModel

[ 2017-09-24T17:51:30+08:00 ] ::1 /shop/index.php/Home/cat/cat/cat_id/api/cron.php-t=1452023217
NOTIC: D方法实例化没找到模型类Amind\Model\CatModel
ERR: 1054:Unknown column 'api' in 'where clause'
 [ SQL语句 ] : SELECT COUNT(*) AS tp_count FROM `goods` WHERE ( cat_id=api ) LIMIT 1  

[ 2017-09-24T17:51:31+08:00 ] ::1 /shop/index.php/Home/goods/goods/goods_id/19.html
NOTIC: D方法实例化没找到模型类Amind\Model\CatModel

[ 2017-09-24T17:51:31+08:00 ] ::1 /shop/index.php/Home/goods/goods/goods_id/api/cron.php-t=1452023217
NOTIC: D方法实例化没找到模型类Amind\Model\CatModel

[ 2017-09-24T17:51:32+08:00 ] ::1 /shop/index.php/Home/goods/goods/goods_id/api/cron.php-t=1452023217
NOTIC: D方法实例化没找到模型类Amind\Model\CatModel

[ 2017-09-24T17:51:32+08:00 ] ::1 /shop/index.php/Home/cat/cat/cat_id/api/cron.php-t=1452023217
NOTIC: D方法实例化没找到模型类Amind\Model\CatModel
ERR: 1054:Unknown column 'api' in 'where clause'
 [ SQL语句 ] : SELECT COUNT(*) AS tp_count FROM `goods` WHERE ( cat_id=api ) LIMIT 1  

[ 2017-09-24T17:51:33+08:00 ] ::1 /shop/index.php/Home/goods/goods/goods_id/14.html
NOTIC: D方法实例化没找到模型类Amind\Model\CatModel

[ 2017-09-24T17:51:33+08:00 ] ::1 /shop/index.php/Home/goods/goods/goods_id/api/cron.php-t=1452023217
NOTIC: D方法实例化没找到模型类Amind\Model\CatModel

[ 2017-09-24T17:51:33+08:00 ] ::1 /shop/index.php/Home/goods/goods/goods_id/api/cron.php-t=1452023217
NOTIC: D方法实例化没找到模型类Amind\Model\CatModel

[ 2017-09-24T17:51:34+08:00 ] ::1 /shop/index.php/Home/cat/cat/cat_id/api/cron.php-t=1452023217
NOTIC: D方法实例化没找到模型类Amind\Model\CatModel
ERR: 1054:Unknown column 'api' in 'where clause'
 [ SQL语句 ] : SELECT COUNT(*) AS tp_count FROM `goods` WHERE ( cat_id=api ) LIMIT 1  

[ 2017-09-24T17:51:35+08:00 ] ::1 /shop/index.php/Home/goods/goods/goods_id/13.html
NOTIC: D方法实例化没找到模型类Amind\Model\CatModel

[ 2017-09-24T17:51:35+08:00 ] ::1 /shop/index.php/Home/goods/goods/goods_id/api/cron.php-t=1452023217
NOTIC: D方法实例化没找到模型类Amind\Model\CatModel

[ 2017-09-24T17:51:35+08:00 ] ::1 /shop/index.php/Home/goods/goods/goods_id/api/cron.php-t=1452023217
NOTIC: D方法实例化没找到模型类Amind\Model\CatModel

[ 2017-09-24T17:51:36+08:00 ] ::1 /shop/index.php/Home/cat/cat/cat_id/api/cron.php-t=1452023217
NOTIC: D方法实例化没找到模型类Amind\Model\CatModel
ERR: 1054:Unknown column 'api' in 'where clause'
 [ SQL语句 ] : SELECT COUNT(*) AS tp_count FROM `goods` WHERE ( cat_id=api ) LIMIT 1  

[ 2017-09-24T17:51:38+08:00 ] ::1 /shop/index.php/Home/goods/goods/goods_id/13.html
NOTIC: D方法实例化没找到模型类Amind\Model\CatModel

[ 2017-09-24T17:51:38+08:00 ] ::1 /shop/index.php/Home/goods/goods/goods_id/api/cron.php-t=1452023217
NOTIC: D方法实例化没找到模型类Amind\Model\CatModel

[ 2017-09-24T17:51:39+08:00 ] ::1 /shop/index.php/Home/goods/goods/goods_id/api/cron.php-t=1452023217
NOTIC: D方法实例化没找到模型类Amind\Model\CatModel

[ 2017-09-24T17:51:53+08:00 ] ::1 /shop/index.php/Home/user/api/cron.php-t=1452023217
ERR: 非法操作:api

[ 2017-09-24T17:52:00+08:00 ] ::1 /shop/index.php/Home/user/api/cron.php-t=1452023217
ERR: 非法操作:api

[ 2017-09-24T17:52:05+08:00 ] ::1 /shop/index.php/Home/cat/cat/cat_id/2.html
NOTIC: D方法实例化没找到模型类Amind\Model\CatModel

[ 2017-09-24T17:52:05+08:00 ] ::1 /shop/index.php/Home/cat/cat/cat_id/api/cron.php-t=1452023217
NOTIC: D方法实例化没找到模型类Amind\Model\CatModel
ERR: 1054:Unknown column 'api' in 'where clause'
 [ SQL语句 ] : SELECT COUNT(*) AS tp_count FROM `goods` WHERE ( cat_id=api ) LIMIT 1  

[ 2017-09-24T17:52:06+08:00 ] ::1 /shop/index.php/Home/goods/goods/goods_id/19.html
NOTIC: D方法实例化没找到模型类Amind\Model\CatModel

[ 2017-09-24T17:52:06+08:00 ] ::1 /shop/index.php/Home/goods/goods/goods_id/api/cron.php-t=1452023217
NOTIC: D方法实例化没找到模型类Amind\Model\CatModel

[ 2017-09-24T17:52:07+08:00 ] ::1 /shop/index.php/Home/goods/goods/goods_id/api/cron.php-t=1452023217
NOTIC: D方法实例化没找到模型类Amind\Model\CatModel

[ 2017-09-24T17:52:07+08:00 ] ::1 /shop/index.php/Home/cat/cat/cat_id/api/cron.php-t=1452023217
NOTIC: D方法实例化没找到模型类Amind\Model\CatModel
ERR: 1054:Unknown column 'api' in 'where clause'
 [ SQL语句 ] : SELECT COUNT(*) AS tp_count FROM `goods` WHERE ( cat_id=api ) LIMIT 1  

[ 2017-09-24T17:52:08+08:00 ] ::1 /shop/index.php/Home/goods/goods/goods_id/14.html
NOTIC: D方法实例化没找到模型类Amind\Model\CatModel

[ 2017-09-24T17:52:08+08:00 ] ::1 /shop/index.php/Home/goods/goods/goods_id/api/cron.php-t=1452023217
NOTIC: D方法实例化没找到模型类Amind\Model\CatModel

[ 2017-09-24T17:52:08+08:00 ] ::1 /shop/index.php/Home/goods/goods/goods_id/api/cron.php-t=1452023217
NOTIC: D方法实例化没找到模型类Amind\Model\CatModel

[ 2017-09-24T17:52:09+08:00 ] ::1 /shop/index.php/Home/cat/cat/cat_id/api/cron.php-t=1452023217
NOTIC: D方法实例化没找到模型类Amind\Model\CatModel
ERR: 1054:Unknown column 'api' in 'where clause'
 [ SQL语句 ] : SELECT COUNT(*) AS tp_count FROM `goods` WHERE ( cat_id=api ) LIMIT 1  

[ 2017-09-24T17:52:11+08:00 ] ::1 /shop/index.php/Home/goods/goods/goods_id/19.html
NOTIC: D方法实例化没找到模型类Amind\Model\CatModel

[ 2017-09-24T17:52:11+08:00 ] ::1 /shop/index.php/Home/goods/goods/goods_id/api/cron.php-t=1452023217
NOTIC: D方法实例化没找到模型类Amind\Model\CatModel

[ 2017-09-24T17:52:11+08:00 ] ::1 /shop/index.php/Home/goods/goods/goods_id/api/cron.php-t=1452023217
NOTIC: D方法实例化没找到模型类Amind\Model\CatModel

[ 2017-09-24T17:52:52+08:00 ] ::1 /shop/index.php/Home/cat/cat/cat_id/2.html
NOTIC: D方法实例化没找到模型类Amind\Model\CatModel

[ 2017-09-24T17:52:52+08:00 ] ::1 /shop/index.php/Home/cat/cat/cat_id/api/cron.php-t=1452023217
NOTIC: D方法实例化没找到模型类Amind\Model\CatModel
ERR: 1054:Unknown column 'api' in 'where clause'
 [ SQL语句 ] : SELECT COUNT(*) AS tp_count FROM `goods` WHERE ( cat_id=api ) LIMIT 1  

[ 2017-09-24T17:52:54+08:00 ] ::1 /shop/index.php/Home/goods/goods/goods_id/13.html
NOTIC: D方法实例化没找到模型类Amind\Model\CatModel

[ 2017-09-24T17:52:54+08:00 ] ::1 /shop/index.php/Home/goods/goods/goods_id/api/cron.php-t=1452023217
NOTIC: D方法实例化没找到模型类Amind\Model\CatModel

[ 2017-09-24T17:52:55+08:00 ] ::1 /shop/index.php/Home/goods/goods/goods_id/api/cron.php-t=1452023217
NOTIC: D方法实例化没找到模型类Amind\Model\CatModel

[ 2017-09-24T17:52:55+08:00 ] ::1 /shop/index.php/Home/cat/cat/cat_id/api/cron.php-t=1452023217
NOTIC: D方法实例化没找到模型类Amind\Model\CatModel
ERR: 1054:Unknown column 'api' in 'where clause'
 [ SQL语句 ] : SELECT COUNT(*) AS tp_count FROM `goods` WHERE ( cat_id=api ) LIMIT 1  

[ 2017-09-24T17:52:56+08:00 ] ::1 /shop/index.php/Home/goods/goods/goods_id/14.html
NOTIC: D方法实例化没找到模型类Amind\Model\CatModel

[ 2017-09-24T17:52:56+08:00 ] ::1 /shop/index.php/Home/goods/goods/goods_id/api/cron.php-t=1452023217
NOTIC: D方法实例化没找到模型类Amind\Model\CatModel

[ 2017-09-24T17:52:56+08:00 ] ::1 /shop/index.php/Home/goods/goods/goods_id/api/cron.php-t=1452023217
NOTIC: D方法实例化没找到模型类Amind\Model\CatModel

[ 2017-09-24T17:52:57+08:00 ] ::1 /shop/index.php/Home/cat/cat/cat_id/api/cron.php-t=1452023217
NOTIC: D方法实例化没找到模型类Amind\Model\CatModel
ERR: 1054:Unknown column 'api' in 'where clause'
 [ SQL语句 ] : SELECT COUNT(*) AS tp_count FROM `goods` WHERE ( cat_id=api ) LIMIT 1  

[ 2017-09-24T17:52:57+08:00 ] ::1 /shop/index.php/Home/goods/goods/goods_id/19.html
NOTIC: D方法实例化没找到模型类Amind\Model\CatModel

[ 2017-09-24T17:52:58+08:00 ] ::1 /shop/index.php/Home/goods/goods/goods_id/api/cron.php-t=1452023217
NOTIC: D方法实例化没找到模型类Amind\Model\CatModel

[ 2017-09-24T17:52:58+08:00 ] ::1 /shop/index.php/Home/goods/goods/goods_id/api/cron.php-t=1452023217
NOTIC: D方法实例化没找到模型类Amind\Model\CatModel

[ 2017-09-24T17:52:59+08:00 ] ::1 /shop/index.php/Home/cat/cat/cat_id/api/cron.php-t=1452023217
NOTIC: D方法实例化没找到模型类Amind\Model\CatModel
ERR: 1054:Unknown column 'api' in 'where clause'
 [ SQL语句 ] : SELECT COUNT(*) AS tp_count FROM `goods` WHERE ( cat_id=api ) LIMIT 1  

[ 2017-09-24T17:53:01+08:00 ] ::1 /shop/index.php/Home/goods/goods/goods_id/19.html
NOTIC: D方法实例化没找到模型类Amind\Model\CatModel

[ 2017-09-24T17:53:01+08:00 ] ::1 /shop/index.php/Home/goods/goods/goods_id/api/cron.php-t=1452023217
NOTIC: D方法实例化没找到模型类Amind\Model\CatModel

[ 2017-09-24T17:53:01+08:00 ] ::1 /shop/index.php/Home/goods/goods/goods_id/api/cron.php-t=1452023217
NOTIC: D方法实例化没找到模型类Amind\Model\CatModel

[ 2017-09-24T17:53:12+08:00 ] ::1 /shop/index.php/Home/user/api/cron.php-t=1452023217
ERR: 非法操作:api

[ 2017-09-24T17:53:19+08:00 ] ::1 /shop/index.php/Home/user/api/cron.php-t=1452023217
ERR: 非法操作:api

[ 2017-09-24T17:53:27+08:00 ] ::1 /shop/index.php/Home/user/api/cron.php-t=1452023217
ERR: 非法操作:api

[ 2017-09-24T17:55:22+08:00 ] ::1 /shop/index.php/Home/cat/cat/cat_id/2.html
NOTIC: D方法实例化没找到模型类Amind\Model\CatModel

[ 2017-09-24T17:55:22+08:00 ] ::1 /shop/index.php/Home/cat/cat/cat_id/api/cron.php-t=1452023217
NOTIC: D方法实例化没找到模型类Amind\Model\CatModel
ERR: 1054:Unknown column 'api' in 'where clause'
 [ SQL语句 ] : SELECT COUNT(*) AS tp_count FROM `goods` WHERE ( cat_id=api ) LIMIT 1  

[ 2017-09-24T17:55:23+08:00 ] ::1 /shop/index.php/Home/goods/goods/goods_id/13.html
NOTIC: D方法实例化没找到模型类Amind\Model\CatModel

[ 2017-09-24T17:55:23+08:00 ] ::1 /shop/index.php/Home/goods/goods/goods_id/api/cron.php-t=1452023217
NOTIC: D方法实例化没找到模型类Amind\Model\CatModel

[ 2017-09-24T17:55:23+08:00 ] ::1 /shop/index.php/Home/goods/goods/goods_id/api/cron.php-t=1452023217
NOTIC: D方法实例化没找到模型类Amind\Model\CatModel

[ 2017-09-24T17:55:24+08:00 ] ::1 /shop/index.php/Home/cat/cat/cat_id/api/cron.php-t=1452023217
NOTIC: D方法实例化没找到模型类Amind\Model\CatModel
ERR: 1054:Unknown column 'api' in 'where clause'
 [ SQL语句 ] : SELECT COUNT(*) AS tp_count FROM `goods` WHERE ( cat_id=api ) LIMIT 1  

[ 2017-09-24T17:55:25+08:00 ] ::1 /shop/index.php/Home/goods/goods/goods_id/14.html
NOTIC: D方法实例化没找到模型类Amind\Model\CatModel

[ 2017-09-24T17:55:25+08:00 ] ::1 /shop/index.php/Home/goods/goods/goods_id/api/cron.php-t=1452023217
NOTIC: D方法实例化没找到模型类Amind\Model\CatModel

[ 2017-09-24T17:55:25+08:00 ] ::1 /shop/index.php/Home/goods/goods/goods_id/api/cron.php-t=1452023217
NOTIC: D方法实例化没找到模型类Amind\Model\CatModel

[ 2017-09-24T17:55:25+08:00 ] ::1 /shop/index.php/Home/cat/cat/cat_id/api/cron.php-t=1452023217
NOTIC: D方法实例化没找到模型类Amind\Model\CatModel
ERR: 1054:Unknown column 'api' in 'where clause'
 [ SQL语句 ] : SELECT COUNT(*) AS tp_count FROM `goods` WHERE ( cat_id=api ) LIMIT 1  

[ 2017-09-24T17:55:26+08:00 ] ::1 /shop/index.php/Home/goods/goods/goods_id/19.html
NOTIC: D方法实例化没找到模型类Amind\Model\CatModel

[ 2017-09-24T17:55:27+08:00 ] ::1 /shop/index.php/Home/goods/goods/goods_id/api/cron.php-t=1452023217
NOTIC: D方法实例化没找到模型类Amind\Model\CatModel

[ 2017-09-24T17:55:27+08:00 ] ::1 /shop/index.php/Home/goods/goods/goods_id/api/cron.php-t=1452023217
NOTIC: D方法实例化没找到模型类Amind\Model\CatModel

[ 2017-09-24T18:00:58+08:00 ] ::1 /shop/index.php/Home/cat/cat/cat_id/2.html
NOTIC: D方法实例化没找到模型类Amind\Model\CatModel

[ 2017-09-24T18:00:58+08:00 ] ::1 /shop/index.php/Home/cat/cat/cat_id/api/cron.php-t=1452023217
NOTIC: D方法实例化没找到模型类Amind\Model\CatModel
ERR: 1054:Unknown column 'api' in 'where clause'
 [ SQL语句 ] : SELECT COUNT(*) AS tp_count FROM `goods` WHERE ( cat_id=api ) LIMIT 1  

[ 2017-09-24T18:00:59+08:00 ] ::1 /shop/index.php/Home/goods/goods/goods_id/19.html
NOTIC: D方法实例化没找到模型类Amind\Model\CatModel

[ 2017-09-24T18:01:00+08:00 ] ::1 /shop/index.php/Home/goods/goods/goods_id/api/cron.php-t=1452023217
NOTIC: D方法实例化没找到模型类Amind\Model\CatModel

[ 2017-09-24T18:01:00+08:00 ] ::1 /shop/index.php/Home/goods/goods/goods_id/api/cron.php-t=1452023217
NOTIC: D方法实例化没找到模型类Amind\Model\CatModel

[ 2017-09-24T18:01:00+08:00 ] ::1 /shop/index.php/Home/cat/cat/cat_id/api/cron.php-t=1452023217
NOTIC: D方法实例化没找到模型类Amind\Model\CatModel
ERR: 1054:Unknown column 'api' in 'where clause'
 [ SQL语句 ] : SELECT COUNT(*) AS tp_count FROM `goods` WHERE ( cat_id=api ) LIMIT 1  

[ 2017-09-24T18:01:01+08:00 ] ::1 /shop/index.php/Home/goods/goods/goods_id/14.html
NOTIC: D方法实例化没找到模型类Amind\Model\CatModel

[ 2017-09-24T18:01:01+08:00 ] ::1 /shop/index.php/Home/goods/goods/goods_id/api/cron.php-t=1452023217
NOTIC: D方法实例化没找到模型类Amind\Model\CatModel

[ 2017-09-24T18:01:01+08:00 ] ::1 /shop/index.php/Home/goods/goods/goods_id/api/cron.php-t=1452023217
NOTIC: D方法实例化没找到模型类Amind\Model\CatModel

[ 2017-09-24T18:01:02+08:00 ] ::1 /shop/index.php/Home/cat/cat/cat_id/api/cron.php-t=1452023217
NOTIC: D方法实例化没找到模型类Amind\Model\CatModel
ERR: 1054:Unknown column 'api' in 'where clause'
 [ SQL语句 ] : SELECT COUNT(*) AS tp_count FROM `goods` WHERE ( cat_id=api ) LIMIT 1  

[ 2017-09-24T18:01:02+08:00 ] ::1 /shop/index.php/Home/goods/goods/goods_id/13.html
NOTIC: D方法实例化没找到模型类Amind\Model\CatModel

[ 2017-09-24T18:01:02+08:00 ] ::1 /shop/index.php/Home/goods/goods/goods_id/api/cron.php-t=1452023217
NOTIC: D方法实例化没找到模型类Amind\Model\CatModel

[ 2017-09-24T18:01:02+08:00 ] ::1 /shop/index.php/Home/goods/goods/goods_id/api/cron.php-t=1452023217
NOTIC: D方法实例化没找到模型类Amind\Model\CatModel

[ 2017-09-24T18:01:03+08:00 ] ::1 /shop/index.php/Home/cat/cat/cat_id/api/cron.php-t=1452023217
NOTIC: D方法实例化没找到模型类Amind\Model\CatModel
ERR: 1054:Unknown column 'api' in 'where clause'
 [ SQL语句 ] : SELECT COUNT(*) AS tp_count FROM `goods` WHERE ( cat_id=api ) LIMIT 1  

[ 2017-09-24T18:01:04+08:00 ] ::1 /shop/index.php/Home/goods/goods/goods_id/19.html
NOTIC: D方法实例化没找到模型类Amind\Model\CatModel

[ 2017-09-24T18:01:04+08:00 ] ::1 /shop/index.php/Home/goods/goods/goods_id/api/cron.php-t=1452023217
NOTIC: D方法实例化没找到模型类Amind\Model\CatModel

[ 2017-09-24T18:01:04+08:00 ] ::1 /shop/index.php/Home/goods/goods/goods_id/api/cron.php-t=1452023217
NOTIC: D方法实例化没找到模型类Amind\Model\CatModel

[ 2017-09-24T18:01:35+08:00 ] ::1 /shop/index.php/Home/cat/cat/cat_id/2.html
NOTIC: D方法实例化没找到模型类Amind\Model\CatModel

[ 2017-09-24T18:01:35+08:00 ] ::1 /shop/index.php/Home/cat/cat/cat_id/api/cron.php-t=1452023217
NOTIC: D方法实例化没找到模型类Amind\Model\CatModel
ERR: 1054:Unknown column 'api' in 'where clause'
 [ SQL语句 ] : SELECT COUNT(*) AS tp_count FROM `goods` WHERE ( cat_id=api ) LIMIT 1  

[ 2017-09-24T18:01:36+08:00 ] ::1 /shop/index.php/Home/goods/goods/goods_id/14.html
NOTIC: D方法实例化没找到模型类Amind\Model\CatModel

[ 2017-09-24T18:01:36+08:00 ] ::1 /shop/index.php/Home/goods/goods/goods_id/api/cron.php-t=1452023217
NOTIC: D方法实例化没找到模型类Amind\Model\CatModel

[ 2017-09-24T18:01:36+08:00 ] ::1 /shop/index.php/Home/goods/goods/goods_id/api/cron.php-t=1452023217
NOTIC: D方法实例化没找到模型类Amind\Model\CatModel

[ 2017-09-24T18:01:52+08:00 ] ::1 /shop/index.php/Home/goods/goods/goods_id/14.html
NOTIC: D方法实例化没找到模型类Amind\Model\CatModel

[ 2017-09-24T18:01:52+08:00 ] ::1 /shop/index.php/Home/goods/goods/goods_id/api/cron.php-t=1452023217
NOTIC: D方法实例化没找到模型类Amind\Model\CatModel

[ 2017-09-24T18:01:53+08:00 ] ::1 /shop/index.php/Home/goods/goods/goods_id/14.html
NOTIC: D方法实例化没找到模型类Amind\Model\CatModel

[ 2017-09-24T18:01:53+08:00 ] ::1 /shop/index.php/Home/goods/goods/goods_id/api/cron.php-t=1452023217
NOTIC: D方法实例化没找到模型类Amind\Model\CatModel

[ 2017-09-24T18:01:53+08:00 ] ::1 /shop/index.php/Home/goods/goods/goods_id/api/cron.php-t=1452023217
NOTIC: D方法实例化没找到模型类Amind\Model\CatModel

[ 2017-09-24T18:02:18+08:00 ] ::1 /shop/index.php/Home/goods/goods/goods_id/14.html
NOTIC: D方法实例化没找到模型类Amind\Model\CatModel

[ 2017-09-24T18:02:18+08:00 ] ::1 /shop/index.php/Home/goods/goods/goods_id/api/cron.php-t=1452023217
NOTIC: D方法实例化没找到模型类Amind\Model\CatModel

[ 2017-09-24T18:02:18+08:00 ] ::1 /shop/index.php/Home/goods/goods/goods_id/api/cron.php-t=1452023217
NOTIC: D方法实例化没找到模型类Amind\Model\CatModel

[ 2017-09-24T18:03:00+08:00 ] ::1 /shop/index.php/Home/goods/goods/goods_id/14.html
NOTIC: D方法实例化没找到模型类Amind\Model\CatModel

[ 2017-09-24T18:03:01+08:00 ] ::1 /shop/index.php/Home/goods/goods/goods_id/api/cron.php-t=1452023217
NOTIC: D方法实例化没找到模型类Amind\Model\CatModel

[ 2017-09-24T18:03:01+08:00 ] ::1 /shop/index.php/Home/goods/goods/goods_id/api/cron.php-t=1452023217
NOTIC: D方法实例化没找到模型类Amind\Model\CatModel

[ 2017-09-24T18:03:11+08:00 ] ::1 /shop/index.php/Home/goods/goods/goods_id/14.html
NOTIC: D方法实例化没找到模型类Amind\Model\CatModel

[ 2017-09-24T18:03:11+08:00 ] ::1 /shop/index.php/Home/goods/goods/goods_id/api/cron.php-t=1452023217
NOTIC: D方法实例化没找到模型类Amind\Model\CatModel

[ 2017-09-24T18:03:11+08:00 ] ::1 /shop/index.php/Home/goods/goods/goods_id/api/cron.php-t=1452023217
NOTIC: D方法实例化没找到模型类Amind\Model\CatModel

[ 2017-09-24T18:04:07+08:00 ] ::1 /shop/index.php/Home/goods/goods/goods_id/14.html
NOTIC: D方法实例化没找到模型类Amind\Model\CatModel

[ 2017-09-24T18:04:08+08:00 ] ::1 /shop/index.php/Home/goods/goods/goods_id/api/cron.php-t=1452023217
NOTIC: D方法实例化没找到模型类Amind\Model\CatModel

[ 2017-09-24T18:04:08+08:00 ] ::1 /shop/index.php/Home/goods/goods/goods_id/api/cron.php-t=1452023217
NOTIC: D方法实例化没找到模型类Amind\Model\CatModel

[ 2017-09-24T18:05:38+08:00 ] ::1 /shop/index.php/Home/goods/goods/goods_id/14.html
NOTIC: D方法实例化没找到模型类Amind\Model\CatModel

[ 2017-09-24T18:05:38+08:00 ] ::1 /shop/index.php/Home/goods/goods/goods_id/api/cron.php-t=1452023217
NOTIC: D方法实例化没找到模型类Amind\Model\CatModel

[ 2017-09-24T18:05:38+08:00 ] ::1 /shop/index.php/Home/goods/goods/goods_id/api/cron.php-t=1452023217
NOTIC: D方法实例化没找到模型类Amind\Model\CatModel

[ 2017-09-24T18:06:05+08:00 ] ::1 /shop/index.php/Home/goods/goods/goods_id/14.html
NOTIC: D方法实例化没找到模型类Amind\Model\CatModel

[ 2017-09-24T18:06:05+08:00 ] ::1 /shop/index.php/Home/goods/goods/goods_id/api/cron.php-t=1452023217
NOTIC: D方法实例化没找到模型类Amind\Model\CatModel

[ 2017-09-24T18:06:08+08:00 ] ::1 /shop/index.php/Home/cat/cat/cat_id/api/cron.php-t=1452023217
NOTIC: D方法实例化没找到模型类Amind\Model\CatModel
ERR: 1054:Unknown column 'api' in 'where clause'
 [ SQL语句 ] : SELECT COUNT(*) AS tp_count FROM `goods` WHERE ( cat_id=api ) LIMIT 1  

[ 2017-09-24T18:06:09+08:00 ] ::1 /shop/index.php/Home/goods/goods/goods_id/13.html
NOTIC: D方法实例化没找到模型类Amind\Model\CatModel

[ 2017-09-24T18:06:09+08:00 ] ::1 /shop/index.php/Home/goods/goods/goods_id/api/cron.php-t=1452023217
NOTIC: D方法实例化没找到模型类Amind\Model\CatModel

[ 2017-09-24T18:06:09+08:00 ] ::1 /shop/index.php/Home/goods/goods/goods_id/api/cron.php-t=1452023217
NOTIC: D方法实例化没找到模型类Amind\Model\CatModel

[ 2017-09-24T18:06:10+08:00 ] ::1 /shop/index.php/Home/cat/cat/cat_id/api/cron.php-t=1452023217
NOTIC: D方法实例化没找到模型类Amind\Model\CatModel
ERR: 1054:Unknown column 'api' in 'where clause'
 [ SQL语句 ] : SELECT COUNT(*) AS tp_count FROM `goods` WHERE ( cat_id=api ) LIMIT 1  

[ 2017-09-24T18:06:11+08:00 ] ::1 /shop/index.php/Home/goods/goods/goods_id/19.html
NOTIC: D方法实例化没找到模型类Amind\Model\CatModel

[ 2017-09-24T18:06:11+08:00 ] ::1 /shop/index.php/Home/goods/goods/goods_id/api/cron.php-t=1452023217
NOTIC: D方法实例化没找到模型类Amind\Model\CatModel

[ 2017-09-24T18:06:11+08:00 ] ::1 /shop/index.php/Home/goods/goods/goods_id/api/cron.php-t=1452023217
NOTIC: D方法实例化没找到模型类Amind\Model\CatModel

[ 2017-09-24T18:06:11+08:00 ] ::1 /shop/index.php/Home/cat/cat/cat_id/api/cron.php-t=1452023217
NOTIC: D方法实例化没找到模型类Amind\Model\CatModel
ERR: 1054:Unknown column 'api' in 'where clause'
 [ SQL语句 ] : SELECT COUNT(*) AS tp_count FROM `goods` WHERE ( cat_id=api ) LIMIT 1  

[ 2017-09-24T18:06:14+08:00 ] ::1 /shop/index.php/Home/goods/goods/goods_id/19.html
NOTIC: D方法实例化没找到模型类Amind\Model\CatModel

[ 2017-09-24T18:06:14+08:00 ] ::1 /shop/index.php/Home/goods/goods/goods_id/api/cron.php-t=1452023217
NOTIC: D方法实例化没找到模型类Amind\Model\CatModel

[ 2017-09-24T18:06:15+08:00 ] ::1 /shop/index.php/Home/goods/goods/goods_id/api/cron.php-t=1452023217
NOTIC: D方法实例化没找到模型类Amind\Model\CatModel

