[ 2017-09-27T11:26:14+08:00 ] ::1 /shop/index.php/Home/cat/cat/cat_id/7.html
NOTIC: D方法实例化没找到模型类Amind\Model\CatModel

[ 2017-09-27T11:26:14+08:00 ] ::1 /shop/index.php/Home/cat/cat/cat_id/api/cron.php-t=1452023217
NOTIC: D方法实例化没找到模型类Amind\Model\CatModel
ERR: 1054:Unknown column 'api' in 'where clause'
 [ SQL语句 ] : SELECT COUNT(*) AS tp_count FROM `goods` WHERE ( cat_id=api ) LIMIT 1  

[ 2017-09-27T11:27:06+08:00 ] ::1 /shop/index.php/Home/cat/cat/cat_id/6.html
NOTIC: D方法实例化没找到模型类Amind\Model\CatModel

[ 2017-09-27T11:27:06+08:00 ] ::1 /shop/index.php/Home/cat/cat/cat_id/api/cron.php-t=1452023217
NOTIC: D方法实例化没找到模型类Amind\Model\CatModel
ERR: 1054:Unknown column 'api' in 'where clause'
 [ SQL语句 ] : SELECT COUNT(*) AS tp_count FROM `goods` WHERE ( cat_id=api ) LIMIT 1  

[ 2017-09-27T11:27:07+08:00 ] ::1 /shop/index.php/Home/cat/cat/cat_id/7.html
NOTIC: D方法实例化没找到模型类Amind\Model\CatModel

[ 2017-09-27T11:27:07+08:00 ] ::1 /shop/index.php/Home/cat/cat/cat_id/api/cron.php-t=1452023217
NOTIC: D方法实例化没找到模型类Amind\Model\CatModel
ERR: 1054:Unknown column 'api' in 'where clause'
 [ SQL语句 ] : SELECT COUNT(*) AS tp_count FROM `goods` WHERE ( cat_id=api ) LIMIT 1  

[ 2017-09-27T11:27:09+08:00 ] ::1 /shop/index.php/Home/cat/cat/cat_id/8.html
NOTIC: D方法实例化没找到模型类Amind\Model\CatModel

[ 2017-09-27T11:27:09+08:00 ] ::1 /shop/index.php/Home/cat/cat/cat_id/api/cron.php-t=1452023217
NOTIC: D方法实例化没找到模型类Amind\Model\CatModel
ERR: 1054:Unknown column 'api' in 'where clause'
 [ SQL语句 ] : SELECT COUNT(*) AS tp_count FROM `goods` WHERE ( cat_id=api ) LIMIT 1  

[ 2017-09-27T11:27:10+08:00 ] ::1 /shop/index.php/Home/cat/cat/cat_id/5.html
NOTIC: D方法实例化没找到模型类Amind\Model\CatModel

[ 2017-09-27T11:27:10+08:00 ] ::1 /shop/index.php/Home/cat/cat/cat_id/api/cron.php-t=1452023217
NOTIC: D方法实例化没找到模型类Amind\Model\CatModel
ERR: 1054:Unknown column 'api' in 'where clause'
 [ SQL语句 ] : SELECT COUNT(*) AS tp_count FROM `goods` WHERE ( cat_id=api ) LIMIT 1  

[ 2017-09-27T11:27:11+08:00 ] ::1 /shop/index.php/Home/cat/cat/cat_id/4.html
NOTIC: D方法实例化没找到模型类Amind\Model\CatModel

[ 2017-09-27T11:27:12+08:00 ] ::1 /shop/index.php/Home/cat/cat/cat_id/api/cron.php-t=1452023217
NOTIC: D方法实例化没找到模型类Amind\Model\CatModel
ERR: 1054:Unknown column 'api' in 'where clause'
 [ SQL语句 ] : SELECT COUNT(*) AS tp_count FROM `goods` WHERE ( cat_id=api ) LIMIT 1  

[ 2017-09-27T11:27:13+08:00 ] ::1 /shop/index.php/Home/cat/cat/cat_id/3.html
NOTIC: D方法实例化没找到模型类Amind\Model\CatModel

[ 2017-09-27T11:27:13+08:00 ] ::1 /shop/index.php/Home/cat/cat/cat_id/api/cron.php-t=1452023217
NOTIC: D方法实例化没找到模型类Amind\Model\CatModel
ERR: 1054:Unknown column 'api' in 'where clause'
 [ SQL语句 ] : SELECT COUNT(*) AS tp_count FROM `goods` WHERE ( cat_id=api ) LIMIT 1  

[ 2017-09-27T11:27:27+08:00 ] ::1 /shop/index.php/Home/cat/cat/cat_id/7.html
NOTIC: D方法实例化没找到模型类Amind\Model\CatModel

[ 2017-09-27T11:27:28+08:00 ] ::1 /shop/index.php/Home/cat/cat/cat_id/api/cron.php-t=1452023217
NOTIC: D方法实例化没找到模型类Amind\Model\CatModel
ERR: 1054:Unknown column 'api' in 'where clause'
 [ SQL语句 ] : SELECT COUNT(*) AS tp_count FROM `goods` WHERE ( cat_id=api ) LIMIT 1  

[ 2017-09-27T11:27:29+08:00 ] ::1 /shop/index.php/Home/cat/cat/cat_id/6.html
NOTIC: D方法实例化没找到模型类Amind\Model\CatModel

[ 2017-09-27T11:27:29+08:00 ] ::1 /shop/index.php/Home/cat/cat/cat_id/api/cron.php-t=1452023217
NOTIC: D方法实例化没找到模型类Amind\Model\CatModel
ERR: 1054:Unknown column 'api' in 'where clause'
 [ SQL语句 ] : SELECT COUNT(*) AS tp_count FROM `goods` WHERE ( cat_id=api ) LIMIT 1  

[ 2017-09-27T11:27:30+08:00 ] ::1 /shop/index.php/Home/cat/cat/cat_id/8.html
NOTIC: D方法实例化没找到模型类Amind\Model\CatModel

[ 2017-09-27T11:27:30+08:00 ] ::1 /shop/index.php/Home/cat/cat/cat_id/api/cron.php-t=1452023217
NOTIC: D方法实例化没找到模型类Amind\Model\CatModel
ERR: 1054:Unknown column 'api' in 'where clause'
 [ SQL语句 ] : SELECT COUNT(*) AS tp_count FROM `goods` WHERE ( cat_id=api ) LIMIT 1  

[ 2017-09-27T11:27:31+08:00 ] ::1 /shop/index.php/Home/cat/cat/cat_id/5.html
NOTIC: D方法实例化没找到模型类Amind\Model\CatModel

[ 2017-09-27T11:27:31+08:00 ] ::1 /shop/index.php/Home/cat/cat/cat_id/api/cron.php-t=1452023217
NOTIC: D方法实例化没找到模型类Amind\Model\CatModel
ERR: 1054:Unknown column 'api' in 'where clause'
 [ SQL语句 ] : SELECT COUNT(*) AS tp_count FROM `goods` WHERE ( cat_id=api ) LIMIT 1  

[ 2017-09-27T11:27:32+08:00 ] ::1 /shop/index.php/Home/cat/cat/cat_id/3.html
NOTIC: D方法实例化没找到模型类Amind\Model\CatModel

[ 2017-09-27T11:27:32+08:00 ] ::1 /shop/index.php/Home/cat/cat/cat_id/api/cron.php-t=1452023217
NOTIC: D方法实例化没找到模型类Amind\Model\CatModel
ERR: 1054:Unknown column 'api' in 'where clause'
 [ SQL语句 ] : SELECT COUNT(*) AS tp_count FROM `goods` WHERE ( cat_id=api ) LIMIT 1  

[ 2017-09-27T11:27:33+08:00 ] ::1 /shop/index.php/Home/cat/cat/cat_id/4.html
NOTIC: D方法实例化没找到模型类Amind\Model\CatModel

[ 2017-09-27T11:27:33+08:00 ] ::1 /shop/index.php/Home/cat/cat/cat_id/api/cron.php-t=1452023217
NOTIC: D方法实例化没找到模型类Amind\Model\CatModel
ERR: 1054:Unknown column 'api' in 'where clause'
 [ SQL语句 ] : SELECT COUNT(*) AS tp_count FROM `goods` WHERE ( cat_id=api ) LIMIT 1  

[ 2017-09-27T11:28:59+08:00 ] ::1 /shop/index.php/Home/cat/cat/cat_id/5.html
NOTIC: D方法实例化没找到模型类Amind\Model\CatModel

[ 2017-09-27T11:28:59+08:00 ] ::1 /shop/index.php/Home/cat/cat/cat_id/api/cron.php-t=1452023217
NOTIC: D方法实例化没找到模型类Amind\Model\CatModel
ERR: 1054:Unknown column 'api' in 'where clause'
 [ SQL语句 ] : SELECT COUNT(*) AS tp_count FROM `goods` WHERE ( cat_id=api ) LIMIT 1  

[ 2017-09-27T11:29:05+08:00 ] ::1 /shop/index.php/Home/cat/cat/cat_id/4.html
NOTIC: D方法实例化没找到模型类Amind\Model\CatModel

[ 2017-09-27T11:29:05+08:00 ] ::1 /shop/index.php/Home/cat/cat/cat_id/api/cron.php-t=1452023217
NOTIC: D方法实例化没找到模型类Amind\Model\CatModel
ERR: 1054:Unknown column 'api' in 'where clause'
 [ SQL语句 ] : SELECT COUNT(*) AS tp_count FROM `goods` WHERE ( cat_id=api ) LIMIT 1  

[ 2017-09-27T11:29:06+08:00 ] ::1 /shop/index.php/Home/cat/cat/cat_id/3.html
NOTIC: D方法实例化没找到模型类Amind\Model\CatModel

[ 2017-09-27T11:29:06+08:00 ] ::1 /shop/index.php/Home/cat/cat/cat_id/api/cron.php-t=1452023217
NOTIC: D方法实例化没找到模型类Amind\Model\CatModel
ERR: 1054:Unknown column 'api' in 'where clause'
 [ SQL语句 ] : SELECT COUNT(*) AS tp_count FROM `goods` WHERE ( cat_id=api ) LIMIT 1  

[ 2017-09-27T11:29:07+08:00 ] ::1 /shop/index.php/Home/cat/cat/cat_id/7.html
NOTIC: D方法实例化没找到模型类Amind\Model\CatModel

[ 2017-09-27T11:29:07+08:00 ] ::1 /shop/index.php/Home/cat/cat/cat_id/api/cron.php-t=1452023217
NOTIC: D方法实例化没找到模型类Amind\Model\CatModel
ERR: 1054:Unknown column 'api' in 'where clause'
 [ SQL语句 ] : SELECT COUNT(*) AS tp_count FROM `goods` WHERE ( cat_id=api ) LIMIT 1  

[ 2017-09-27T11:29:08+08:00 ] ::1 /shop/index.php/Home/cat/cat/cat_id/6.html
NOTIC: D方法实例化没找到模型类Amind\Model\CatModel

[ 2017-09-27T11:29:09+08:00 ] ::1 /shop/index.php/Home/cat/cat/cat_id/api/cron.php-t=1452023217
NOTIC: D方法实例化没找到模型类Amind\Model\CatModel
ERR: 1054:Unknown column 'api' in 'where clause'
 [ SQL语句 ] : SELECT COUNT(*) AS tp_count FROM `goods` WHERE ( cat_id=api ) LIMIT 1  

[ 2017-09-27T11:29:09+08:00 ] ::1 /shop/index.php/Home/cat/cat/cat_id/8.html
NOTIC: D方法实例化没找到模型类Amind\Model\CatModel

[ 2017-09-27T11:29:10+08:00 ] ::1 /shop/index.php/Home/cat/cat/cat_id/api/cron.php-t=1452023217
NOTIC: D方法实例化没找到模型类Amind\Model\CatModel
ERR: 1054:Unknown column 'api' in 'where clause'
 [ SQL语句 ] : SELECT COUNT(*) AS tp_count FROM `goods` WHERE ( cat_id=api ) LIMIT 1  

[ 2017-09-27T11:29:38+08:00 ] ::1 /shop/index.php/Home/cat/cat/cat_id/5.html
NOTIC: D方法实例化没找到模型类Amind\Model\CatModel

[ 2017-09-27T11:29:38+08:00 ] ::1 /shop/index.php/Home/cat/cat/cat_id/api/cron.php-t=1452023217
NOTIC: D方法实例化没找到模型类Amind\Model\CatModel
ERR: 1054:Unknown column 'api' in 'where clause'
 [ SQL语句 ] : SELECT COUNT(*) AS tp_count FROM `goods` WHERE ( cat_id=api ) LIMIT 1  

[ 2017-09-27T11:29:44+08:00 ] ::1 /shop/index.php/Home/goods/goods/goods_id/30.html
NOTIC: D方法实例化没找到模型类Amind\Model\CatModel
ERR: Think\Controller:calcCnt方法不存在！

[ 2017-09-27T11:29:49+08:00 ] ::1 /shop/index.php/Home/cat/cat/cat_id/api/cron.php-t=1452023217
NOTIC: D方法实例化没找到模型类Amind\Model\CatModel
ERR: 1054:Unknown column 'api' in 'where clause'
 [ SQL语句 ] : SELECT COUNT(*) AS tp_count FROM `goods` WHERE ( cat_id=api ) LIMIT 1  

[ 2017-09-27T11:32:07+08:00 ] ::1 /shop/index.php/Home/goods/goods/goods_id/30.html
NOTIC: D方法实例化没找到模型类Amind\Model\CatModel

[ 2017-09-27T11:32:07+08:00 ] ::1 /shop/index.php/Home/goods/goods/goods_id/api/cron.php-t=1452023217
NOTIC: D方法实例化没找到模型类Amind\Model\CatModel

[ 2017-09-27T11:32:08+08:00 ] ::1 /shop/index.php/Home/goods/goods/goods_id/api/cron.php-t=1452023217
NOTIC: D方法实例化没找到模型类Amind\Model\CatModel

[ 2017-09-27T11:32:15+08:00 ] ::1 /shop/Home/User/api/cron.php-t=1452023217
ERR: 非法操作:api

[ 2017-09-27T11:32:22+08:00 ] ::1 /shop/Home/User/api/cron.php-t=1452023217
ERR: 非法操作:api

[ 2017-09-27T11:32:26+08:00 ] ::1 /shop/index.php/Home/cat/cat/cat_id/5.html
NOTIC: D方法实例化没找到模型类Amind\Model\CatModel

[ 2017-09-27T11:32:26+08:00 ] ::1 /shop/index.php/Home/cat/cat/cat_id/api/cron.php-t=1452023217
NOTIC: D方法实例化没找到模型类Amind\Model\CatModel
ERR: 1054:Unknown column 'api' in 'where clause'
 [ SQL语句 ] : SELECT COUNT(*) AS tp_count FROM `goods` WHERE ( cat_id=api ) LIMIT 1  

[ 2017-09-27T11:32:29+08:00 ] ::1 /shop/index.php/Home/goods/goods/goods_id/30.html
NOTIC: D方法实例化没找到模型类Amind\Model\CatModel

[ 2017-09-27T11:32:30+08:00 ] ::1 /shop/index.php/Home/goods/goods/goods_id/api/cron.php-t=1452023217
NOTIC: D方法实例化没找到模型类Amind\Model\CatModel

[ 2017-09-27T11:32:32+08:00 ] ::1 /shop/index.php/Home/goods/goods/goods_id/api/cron.php-t=1452023217
NOTIC: D方法实例化没找到模型类Amind\Model\CatModel

[ 2017-09-27T11:33:08+08:00 ] ::1 /shop/index.php/Home/goods/goods/goods_id/api/cron.php-t=1452023217
NOTIC: D方法实例化没找到模型类Amind\Model\CatModel

[ 2017-09-27T11:33:09+08:00 ] ::1 /shop/index.php/Home/cat/cat/cat_id/api/cron.php-t=1452023217
NOTIC: D方法实例化没找到模型类Amind\Model\CatModel
ERR: 1054:Unknown column 'api' in 'where clause'
 [ SQL语句 ] : SELECT COUNT(*) AS tp_count FROM `goods` WHERE ( cat_id=api ) LIMIT 1  

[ 2017-09-27T11:33:10+08:00 ] ::1 /shop/index.php/Home/goods/goods/goods_id/30.html
NOTIC: D方法实例化没找到模型类Amind\Model\CatModel

[ 2017-09-27T11:33:11+08:00 ] ::1 /shop/index.php/Home/cat/cat/cat_id/api/cron.php-t=1452023217
NOTIC: D方法实例化没找到模型类Amind\Model\CatModel
ERR: 1054:Unknown column 'api' in 'where clause'
 [ SQL语句 ] : SELECT COUNT(*) AS tp_count FROM `goods` WHERE ( cat_id=api ) LIMIT 1  

[ 2017-09-27T11:33:12+08:00 ] ::1 /shop/index.php/Home/goods/goods/goods_id/30.html
NOTIC: D方法实例化没找到模型类Amind\Model\CatModel

[ 2017-09-27T11:33:13+08:00 ] ::1 /shop/index.php/Home/cat/cat/cat_id/api/cron.php-t=1452023217
NOTIC: D方法实例化没找到模型类Amind\Model\CatModel
ERR: 1054:Unknown column 'api' in 'where clause'
 [ SQL语句 ] : SELECT COUNT(*) AS tp_count FROM `goods` WHERE ( cat_id=api ) LIMIT 1  

[ 2017-09-27T11:35:36+08:00 ] ::1 /shop/index.php/Home/cat/cat/cat_id/5.html
NOTIC: D方法实例化没找到模型类Amind\Model\CatModel

[ 2017-09-27T11:35:37+08:00 ] ::1 /shop/index.php/Home/cat/cat/cat_id/api/cron.php-t=1452023217
NOTIC: D方法实例化没找到模型类Amind\Model\CatModel
ERR: 1054:Unknown column 'api' in 'where clause'
 [ SQL语句 ] : SELECT COUNT(*) AS tp_count FROM `goods` WHERE ( cat_id=api ) LIMIT 1  

[ 2017-09-27T11:35:39+08:00 ] ::1 /shop/index.php/Home/goods/goods/goods_id/30.html
NOTIC: D方法实例化没找到模型类Amind\Model\CatModel

[ 2017-09-27T11:35:40+08:00 ] ::1 /shop/index.php/Home/cat/cat/cat_id/api/cron.php-t=1452023217
NOTIC: D方法实例化没找到模型类Amind\Model\CatModel
ERR: 1054:Unknown column 'api' in 'where clause'
 [ SQL语句 ] : SELECT COUNT(*) AS tp_count FROM `goods` WHERE ( cat_id=api ) LIMIT 1  

[ 2017-09-27T11:35:47+08:00 ] ::1 /shop/index.php/Home/goods/goods/goods_id/30.html
NOTIC: D方法实例化没找到模型类Amind\Model\CatModel

[ 2017-09-27T11:35:47+08:00 ] ::1 /shop/index.php/Home/goods/goods/goods_id/api/cron.php-t=1452023217
NOTIC: D方法实例化没找到模型类Amind\Model\CatModel

[ 2017-09-27T11:35:51+08:00 ] ::1 /shop/index.php/Home/goods/goods/goods_id/api/cron.php-t=1452023217
NOTIC: D方法实例化没找到模型类Amind\Model\CatModel

[ 2017-09-27T11:35:54+08:00 ] ::1 /shop/index.php/Home/goods/goods/goods_id/api/cron.php-t=1452023217
NOTIC: D方法实例化没找到模型类Amind\Model\CatModel

[ 2017-09-27T11:35:56+08:00 ] ::1 /shop/index.php/Home/goods/goods/goods_id/api/cron.php-t=1452023217
NOTIC: D方法实例化没找到模型类Amind\Model\CatModel

[ 2017-09-27T11:35:58+08:00 ] ::1 /shop/index.php/Home/goods/goods/goods_id/30.html
NOTIC: D方法实例化没找到模型类Amind\Model\CatModel

[ 2017-09-27T11:35:58+08:00 ] ::1 /shop/index.php/Home/goods/goods/goods_id/api/cron.php-t=1452023217
NOTIC: D方法实例化没找到模型类Amind\Model\CatModel

[ 2017-09-27T11:35:59+08:00 ] ::1 /shop/index.php/Home/goods/goods/goods_id/api/cron.php-t=1452023217
NOTIC: D方法实例化没找到模型类Amind\Model\CatModel

[ 2017-09-27T11:37:06+08:00 ] ::1 /shop/index.php/Home/goods/goods/goods_id/30.html
NOTIC: D方法实例化没找到模型类Amind\Model\CatModel

[ 2017-09-27T11:37:06+08:00 ] ::1 /shop/index.php/Home/goods/goods/goods_id/api/cron.php-t=1452023217
NOTIC: D方法实例化没找到模型类Amind\Model\CatModel

[ 2017-09-27T11:37:08+08:00 ] ::1 /shop/index.php/Home/goods/goods/goods_id/30.html
NOTIC: D方法实例化没找到模型类Amind\Model\CatModel

[ 2017-09-27T11:37:08+08:00 ] ::1 /shop/index.php/Home/goods/goods/goods_id/api/cron.php-t=1452023217
NOTIC: D方法实例化没找到模型类Amind\Model\CatModel

[ 2017-09-27T11:37:10+08:00 ] ::1 /shop/index.php/Home/goods/goods/goods_id/api/cron.php-t=1452023217
NOTIC: D方法实例化没找到模型类Amind\Model\CatModel

[ 2017-09-27T11:37:13+08:00 ] ::1 /shop/index.php/Home/goods/goods/goods_id/api/cron.php-t=1452023217
NOTIC: D方法实例化没找到模型类Amind\Model\CatModel

[ 2017-09-27T11:37:15+08:00 ] ::1 /shop/index.php/Home/goods/goods/goods_id/30.html
NOTIC: D方法实例化没找到模型类Amind\Model\CatModel

[ 2017-09-27T11:37:16+08:00 ] ::1 /shop/index.php/Home/goods/goods/goods_id/api/cron.php-t=1452023217
NOTIC: D方法实例化没找到模型类Amind\Model\CatModel

[ 2017-09-27T11:38:37+08:00 ] ::1 /shop/index.php/Home/goods/goods/goods_id/30.html
NOTIC: D方法实例化没找到模型类Amind\Model\CatModel

[ 2017-09-27T11:38:37+08:00 ] ::1 /shop/index.php/Home/goods/goods/goods_id/api/cron.php-t=1452023217
NOTIC: D方法实例化没找到模型类Amind\Model\CatModel

[ 2017-09-27T11:38:38+08:00 ] ::1 /shop/index.php/Home/goods/goods/goods_id/30.html
NOTIC: D方法实例化没找到模型类Amind\Model\CatModel

[ 2017-09-27T11:38:38+08:00 ] ::1 /shop/index.php/Home/goods/goods/goods_id/api/cron.php-t=1452023217
NOTIC: D方法实例化没找到模型类Amind\Model\CatModel

[ 2017-09-27T11:38:40+08:00 ] ::1 /shop/index.php/Home/goods/goods/goods_id/api/cron.php-t=1452023217
NOTIC: D方法实例化没找到模型类Amind\Model\CatModel

[ 2017-09-27T11:38:42+08:00 ] ::1 /shop/index.php/Home/goods/goods/goods_id/api/cron.php-t=1452023217
NOTIC: D方法实例化没找到模型类Amind\Model\CatModel

[ 2017-09-27T11:38:44+08:00 ] ::1 /shop/index.php/Home/goods/goods/goods_id/30.html
NOTIC: D方法实例化没找到模型类Amind\Model\CatModel

[ 2017-09-27T11:38:44+08:00 ] ::1 /shop/index.php/Home/goods/goods/goods_id/api/cron.php-t=1452023217
NOTIC: D方法实例化没找到模型类Amind\Model\CatModel

[ 2017-09-27T11:38:45+08:00 ] ::1 /shop/index.php/Home/goods/goods/goods_id/30.html
NOTIC: D方法实例化没找到模型类Amind\Model\CatModel

[ 2017-09-27T11:38:45+08:00 ] ::1 /shop/index.php/Home/goods/goods/goods_id/api/cron.php-t=1452023217
NOTIC: D方法实例化没找到模型类Amind\Model\CatModel

[ 2017-09-27T11:39:56+08:00 ] ::1 /shop/index.php/Home/goods/goods/goods_id/30.html
NOTIC: D方法实例化没找到模型类Amind\Model\CatModel

[ 2017-09-27T11:39:56+08:00 ] ::1 /shop/index.php/Home/goods/goods/goods_id/api/cron.php-t=1452023217
NOTIC: D方法实例化没找到模型类Amind\Model\CatModel

[ 2017-09-27T11:40:10+08:00 ] ::1 /shop/index.php/Home/goods/goods/goods_id/30.html
NOTIC: D方法实例化没找到模型类Amind\Model\CatModel

[ 2017-09-27T11:40:10+08:00 ] ::1 /shop/index.php/Home/goods/goods/goods_id/api/cron.php-t=1452023217
NOTIC: D方法实例化没找到模型类Amind\Model\CatModel

[ 2017-09-27T11:41:29+08:00 ] ::1 /shop/index.php/Home/goods/goods/goods_id/api/cron.php-t=1452023217
NOTIC: D方法实例化没找到模型类Amind\Model\CatModel

[ 2017-09-27T11:41:32+08:00 ] ::1 /shop/index.php/Home/goods/goods/goods_id/30.html
NOTIC: D方法实例化没找到模型类Amind\Model\CatModel

[ 2017-09-27T11:41:32+08:00 ] ::1 /shop/index.php/Home/goods/goods/goods_id/api/cron.php-t=1452023217
NOTIC: D方法实例化没找到模型类Amind\Model\CatModel

[ 2017-09-27T11:42:00+08:00 ] ::1 /shop/index.php/Home/cat/cat/cat_id/api/cron.php-t=1452023217
NOTIC: D方法实例化没找到模型类Amind\Model\CatModel
ERR: 1054:Unknown column 'api' in 'where clause'
 [ SQL语句 ] : SELECT COUNT(*) AS tp_count FROM `goods` WHERE ( cat_id=api ) LIMIT 1  

[ 2017-09-27T11:44:59+08:00 ] ::1 /shop/index.php/Home/goods/goodslist
ERR: 非法操作:goodslist

[ 2017-09-27T11:46:14+08:00 ] ::1 /shop/index.php/Home/cat/cat/cat_id/6.html
NOTIC: D方法实例化没找到模型类Amind\Model\CatModel

[ 2017-09-27T11:46:14+08:00 ] ::1 /shop/index.php/Home/cat/cat/cat_id/api/cron.php-t=1452023217
NOTIC: D方法实例化没找到模型类Amind\Model\CatModel
ERR: 1054:Unknown column 'api' in 'where clause'
 [ SQL语句 ] : SELECT COUNT(*) AS tp_count FROM `goods` WHERE ( cat_id=api ) LIMIT 1  

[ 2017-09-27T11:52:10+08:00 ] ::1 /shop/index.php/Home/cat/cat/cat_id/5.html
NOTIC: D方法实例化没找到模型类Amind\Model\CatModel

[ 2017-09-27T11:52:10+08:00 ] ::1 /shop/index.php/Home/cat/cat/cat_id/api/cron.php-t=1452023217
NOTIC: D方法实例化没找到模型类Amind\Model\CatModel
ERR: 1054:Unknown column 'api' in 'where clause'
 [ SQL语句 ] : SELECT COUNT(*) AS tp_count FROM `goods` WHERE ( cat_id=api ) LIMIT 1  

[ 2017-09-27T11:54:40+08:00 ] ::1 /shop/index.php/Home/cat/cat/cat_id/5.html
NOTIC: D方法实例化没找到模型类Amind\Model\CatModel

[ 2017-09-27T11:54:41+08:00 ] ::1 /shop/index.php/Home/cat/cat/cat_id/api/cron.php-t=1452023217
NOTIC: D方法实例化没找到模型类Amind\Model\CatModel
ERR: 1054:Unknown column 'api' in 'where clause'
 [ SQL语句 ] : SELECT COUNT(*) AS tp_count FROM `goods` WHERE ( cat_id=api ) LIMIT 1  

[ 2017-09-27T11:55:43+08:00 ] ::1 /shop/index.php/Home/cat/cat/cat_id/5.html
NOTIC: D方法实例化没找到模型类Amind\Model\CatModel

[ 2017-09-27T11:55:43+08:00 ] ::1 /shop/index.php/Home/cat/cat/cat_id/api/cron.php-t=1452023217
NOTIC: D方法实例化没找到模型类Amind\Model\CatModel
ERR: 1054:Unknown column 'api' in 'where clause'
 [ SQL语句 ] : SELECT COUNT(*) AS tp_count FROM `goods` WHERE ( cat_id=api ) LIMIT 1  

[ 2017-09-27T12:30:15+08:00 ] ::1 /shop/index.php/Home/cat/cat/cat_id/3.html
NOTIC: D方法实例化没找到模型类Amind\Model\CatModel

[ 2017-09-27T12:30:15+08:00 ] ::1 /shop/index.php/Home/cat/cat/cat_id/api/cron.php-t=1452023217
NOTIC: D方法实例化没找到模型类Amind\Model\CatModel
ERR: 1054:Unknown column 'api' in 'where clause'
 [ SQL语句 ] : SELECT COUNT(*) AS tp_count FROM `goods` WHERE ( cat_id=api ) LIMIT 1  

[ 2017-09-27T12:30:18+08:00 ] ::1 /shop/index.php/Home/cat/cat/cat_id/8.html
NOTIC: D方法实例化没找到模型类Amind\Model\CatModel

[ 2017-09-27T12:30:18+08:00 ] ::1 /shop/index.php/Home/cat/cat/cat_id/api/cron.php-t=1452023217
NOTIC: D方法实例化没找到模型类Amind\Model\CatModel
ERR: 1054:Unknown column 'api' in 'where clause'
 [ SQL语句 ] : SELECT COUNT(*) AS tp_count FROM `goods` WHERE ( cat_id=api ) LIMIT 1  

[ 2017-09-27T12:30:20+08:00 ] ::1 /shop/index.php/Home/cat/cat/cat_id/4.html
NOTIC: D方法实例化没找到模型类Amind\Model\CatModel

[ 2017-09-27T12:30:20+08:00 ] ::1 /shop/index.php/Home/cat/cat/cat_id/api/cron.php-t=1452023217
NOTIC: D方法实例化没找到模型类Amind\Model\CatModel
ERR: 1054:Unknown column 'api' in 'where clause'
 [ SQL语句 ] : SELECT COUNT(*) AS tp_count FROM `goods` WHERE ( cat_id=api ) LIMIT 1  

[ 2017-09-27T12:30:21+08:00 ] ::1 /shop/index.php/Home/cat/cat/cat_id/5.html
NOTIC: D方法实例化没找到模型类Amind\Model\CatModel

[ 2017-09-27T12:30:21+08:00 ] ::1 /shop/index.php/Home/cat/cat/cat_id/api/cron.php-t=1452023217
NOTIC: D方法实例化没找到模型类Amind\Model\CatModel
ERR: 1054:Unknown column 'api' in 'where clause'
 [ SQL语句 ] : SELECT COUNT(*) AS tp_count FROM `goods` WHERE ( cat_id=api ) LIMIT 1  

[ 2017-09-27T12:30:22+08:00 ] ::1 /shop/index.php/Home/cat/cat/cat_id/7.html
NOTIC: D方法实例化没找到模型类Amind\Model\CatModel

[ 2017-09-27T12:30:22+08:00 ] ::1 /shop/index.php/Home/cat/cat/cat_id/api/cron.php-t=1452023217
NOTIC: D方法实例化没找到模型类Amind\Model\CatModel
ERR: 1054:Unknown column 'api' in 'where clause'
 [ SQL语句 ] : SELECT COUNT(*) AS tp_count FROM `goods` WHERE ( cat_id=api ) LIMIT 1  

[ 2017-09-27T12:30:24+08:00 ] ::1 /shop/index.php/Home/cat/cat/cat_id/6.html
NOTIC: D方法实例化没找到模型类Amind\Model\CatModel

[ 2017-09-27T12:30:24+08:00 ] ::1 /shop/index.php/Home/cat/cat/cat_id/api/cron.php-t=1452023217
NOTIC: D方法实例化没找到模型类Amind\Model\CatModel
ERR: 1054:Unknown column 'api' in 'where clause'
 [ SQL语句 ] : SELECT COUNT(*) AS tp_count FROM `goods` WHERE ( cat_id=api ) LIMIT 1  

[ 2017-09-27T12:30:25+08:00 ] ::1 /shop/index.php/Home/cat/cat/cat_id/8.html
NOTIC: D方法实例化没找到模型类Amind\Model\CatModel

[ 2017-09-27T12:30:25+08:00 ] ::1 /shop/index.php/Home/cat/cat/cat_id/api/cron.php-t=1452023217
NOTIC: D方法实例化没找到模型类Amind\Model\CatModel
ERR: 1054:Unknown column 'api' in 'where clause'
 [ SQL语句 ] : SELECT COUNT(*) AS tp_count FROM `goods` WHERE ( cat_id=api ) LIMIT 1  

[ 2017-09-27T12:30:26+08:00 ] ::1 /shop/index.php/Home/cat/cat/cat_id/6.html
NOTIC: D方法实例化没找到模型类Amind\Model\CatModel

[ 2017-09-27T12:30:26+08:00 ] ::1 /shop/index.php/Home/cat/cat/cat_id/api/cron.php-t=1452023217
NOTIC: D方法实例化没找到模型类Amind\Model\CatModel
ERR: 1054:Unknown column 'api' in 'where clause'
 [ SQL语句 ] : SELECT COUNT(*) AS tp_count FROM `goods` WHERE ( cat_id=api ) LIMIT 1  

[ 2017-09-27T12:30:28+08:00 ] ::1 /shop/index.php/Home/cat/cat/cat_id/7.html
NOTIC: D方法实例化没找到模型类Amind\Model\CatModel

[ 2017-09-27T12:30:28+08:00 ] ::1 /shop/index.php/Home/cat/cat/cat_id/api/cron.php-t=1452023217
NOTIC: D方法实例化没找到模型类Amind\Model\CatModel
ERR: 1054:Unknown column 'api' in 'where clause'
 [ SQL语句 ] : SELECT COUNT(*) AS tp_count FROM `goods` WHERE ( cat_id=api ) LIMIT 1  

[ 2017-09-27T12:30:29+08:00 ] ::1 /shop/index.php/Home/cat/cat/cat_id/8.html
NOTIC: D方法实例化没找到模型类Amind\Model\CatModel

[ 2017-09-27T12:30:29+08:00 ] ::1 /shop/index.php/Home/cat/cat/cat_id/api/cron.php-t=1452023217
NOTIC: D方法实例化没找到模型类Amind\Model\CatModel
ERR: 1054:Unknown column 'api' in 'where clause'
 [ SQL语句 ] : SELECT COUNT(*) AS tp_count FROM `goods` WHERE ( cat_id=api ) LIMIT 1  

[ 2017-09-27T12:30:30+08:00 ] ::1 /shop/index.php/Home/cat/cat/cat_id/5.html
NOTIC: D方法实例化没找到模型类Amind\Model\CatModel

[ 2017-09-27T12:30:30+08:00 ] ::1 /shop/index.php/Home/cat/cat/cat_id/api/cron.php-t=1452023217
NOTIC: D方法实例化没找到模型类Amind\Model\CatModel
ERR: 1054:Unknown column 'api' in 'where clause'
 [ SQL语句 ] : SELECT COUNT(*) AS tp_count FROM `goods` WHERE ( cat_id=api ) LIMIT 1  

[ 2017-09-27T12:30:32+08:00 ] ::1 /shop/index.php/Home/cat/cat/cat_id/4.html
NOTIC: D方法实例化没找到模型类Amind\Model\CatModel

[ 2017-09-27T12:30:32+08:00 ] ::1 /shop/index.php/Home/cat/cat/cat_id/api/cron.php-t=1452023217
NOTIC: D方法实例化没找到模型类Amind\Model\CatModel
ERR: 1054:Unknown column 'api' in 'where clause'
 [ SQL语句 ] : SELECT COUNT(*) AS tp_count FROM `goods` WHERE ( cat_id=api ) LIMIT 1  

[ 2017-09-27T12:30:34+08:00 ] ::1 /shop/index.php/Home/cat/cat/cat_id/3.html
NOTIC: D方法实例化没找到模型类Amind\Model\CatModel

[ 2017-09-27T12:30:34+08:00 ] ::1 /shop/index.php/Home/cat/cat/cat_id/api/cron.php-t=1452023217
NOTIC: D方法实例化没找到模型类Amind\Model\CatModel
ERR: 1054:Unknown column 'api' in 'where clause'
 [ SQL语句 ] : SELECT COUNT(*) AS tp_count FROM `goods` WHERE ( cat_id=api ) LIMIT 1  

[ 2017-09-27T12:31:15+08:00 ] ::1 /shop/index.php/Home/cat/cat/cat_id/3.html
NOTIC: D方法实例化没找到模型类Amind\Model\CatModel

[ 2017-09-27T12:31:15+08:00 ] ::1 /shop/index.php/Home/cat/cat/cat_id/api/cron.php-t=1452023217
NOTIC: D方法实例化没找到模型类Amind\Model\CatModel
ERR: 1054:Unknown column 'api' in 'where clause'
 [ SQL语句 ] : SELECT COUNT(*) AS tp_count FROM `goods` WHERE ( cat_id=api ) LIMIT 1  

[ 2017-09-27T12:33:25+08:00 ] ::1 /shop/index.php/Home/cat/cat/cat_id/4.html
NOTIC: D方法实例化没找到模型类Amind\Model\CatModel

[ 2017-09-27T12:33:25+08:00 ] ::1 /shop/index.php/Home/cat/cat/cat_id/api/cron.php-t=1452023217
NOTIC: D方法实例化没找到模型类Amind\Model\CatModel
ERR: 1054:Unknown column 'api' in 'where clause'
 [ SQL语句 ] : SELECT COUNT(*) AS tp_count FROM `goods` WHERE ( cat_id=api ) LIMIT 1  

[ 2017-09-27T12:38:17+08:00 ] ::1 /shop/index.php/Home/cat/cat/cat_id/4.html
NOTIC: D方法实例化没找到模型类Amind\Model\CatModel

[ 2017-09-27T12:38:17+08:00 ] ::1 /shop/index.php/Home/cat/cat/cat_id/api/cron.php-t=1452023217
NOTIC: D方法实例化没找到模型类Amind\Model\CatModel
ERR: 1054:Unknown column 'api' in 'where clause'
 [ SQL语句 ] : SELECT COUNT(*) AS tp_count FROM `goods` WHERE ( cat_id=api ) LIMIT 1  

[ 2017-09-27T14:59:25+08:00 ] ::1 /shop/index.php/Home/cat/cat/cat_id/6.html
NOTIC: D方法实例化没找到模型类Amind\Model\CatModel

[ 2017-09-27T14:59:25+08:00 ] ::1 /shop/index.php/Home/cat/cat/cat_id/api/cron.php-t=1452023217
NOTIC: D方法实例化没找到模型类Amind\Model\CatModel
ERR: 1054:Unknown column 'api' in 'where clause'
 [ SQL语句 ] : SELECT COUNT(*) AS tp_count FROM `goods` WHERE ( cat_id=api ) LIMIT 1  

[ 2017-09-27T15:04:23+08:00 ] 127.0.0.1 /index.php/Home/cat/cat/cat_id/5.html
NOTIC: D方法实例化没找到模型类Amind\Model\CatModel

[ 2017-09-27T15:04:23+08:00 ] 127.0.0.1 /index.php/Home/cat/cat/cat_id/api/cron.php-t=1452023217
NOTIC: D方法实例化没找到模型类Amind\Model\CatModel
ERR: 1054:Unknown column 'api' in 'where clause'
 [ SQL语句 ] : SELECT COUNT(*) AS tp_count FROM `goods` WHERE ( cat_id=api ) LIMIT 1  

[ 2017-09-27T15:05:44+08:00 ] ::1 /shop/index.php/Home/cat/cat/cat_id/6.html
NOTIC: D方法实例化没找到模型类Amind\Model\CatModel

[ 2017-09-27T15:05:44+08:00 ] ::1 /shop/index.php/Home/cat/cat/cat_id/api/cron.php-t=1452023217
NOTIC: D方法实例化没找到模型类Amind\Model\CatModel
ERR: 1054:Unknown column 'api' in 'where clause'
 [ SQL语句 ] : SELECT COUNT(*) AS tp_count FROM `goods` WHERE ( cat_id=api ) LIMIT 1  

[ 2017-09-27T15:05:46+08:00 ] ::1 /shop/index.php/Home/cat/cat/cat_id/7.html
NOTIC: D方法实例化没找到模型类Amind\Model\CatModel

[ 2017-09-27T15:05:46+08:00 ] ::1 /shop/index.php/Home/cat/cat/cat_id/api/cron.php-t=1452023217
NOTIC: D方法实例化没找到模型类Amind\Model\CatModel
ERR: 1054:Unknown column 'api' in 'where clause'
 [ SQL语句 ] : SELECT COUNT(*) AS tp_count FROM `goods` WHERE ( cat_id=api ) LIMIT 1  

[ 2017-09-27T15:05:48+08:00 ] ::1 /shop/index.php/Home/cat/cat/cat_id/8.html
NOTIC: D方法实例化没找到模型类Amind\Model\CatModel

[ 2017-09-27T15:05:48+08:00 ] ::1 /shop/index.php/Home/cat/cat/cat_id/api/cron.php-t=1452023217
NOTIC: D方法实例化没找到模型类Amind\Model\CatModel
ERR: 1054:Unknown column 'api' in 'where clause'
 [ SQL语句 ] : SELECT COUNT(*) AS tp_count FROM `goods` WHERE ( cat_id=api ) LIMIT 1  

[ 2017-09-27T15:05:49+08:00 ] ::1 /shop/index.php/Home/cat/cat/cat_id/5.html
NOTIC: D方法实例化没找到模型类Amind\Model\CatModel

[ 2017-09-27T15:05:49+08:00 ] ::1 /shop/index.php/Home/cat/cat/cat_id/api/cron.php-t=1452023217
NOTIC: D方法实例化没找到模型类Amind\Model\CatModel
ERR: 1054:Unknown column 'api' in 'where clause'
 [ SQL语句 ] : SELECT COUNT(*) AS tp_count FROM `goods` WHERE ( cat_id=api ) LIMIT 1  

[ 2017-09-27T15:05:51+08:00 ] ::1 /shop/index.php/Home/cat/cat/cat_id/4.html
NOTIC: D方法实例化没找到模型类Amind\Model\CatModel

[ 2017-09-27T15:05:51+08:00 ] ::1 /shop/index.php/Home/cat/cat/cat_id/api/cron.php-t=1452023217
NOTIC: D方法实例化没找到模型类Amind\Model\CatModel
ERR: 1054:Unknown column 'api' in 'where clause'
 [ SQL语句 ] : SELECT COUNT(*) AS tp_count FROM `goods` WHERE ( cat_id=api ) LIMIT 1  

[ 2017-09-27T15:05:53+08:00 ] ::1 /shop/index.php/Home/cat/cat/cat_id/3.html
NOTIC: D方法实例化没找到模型类Amind\Model\CatModel

[ 2017-09-27T15:05:53+08:00 ] ::1 /shop/index.php/Home/cat/cat/cat_id/api/cron.php-t=1452023217
NOTIC: D方法实例化没找到模型类Amind\Model\CatModel
ERR: 1054:Unknown column 'api' in 'where clause'
 [ SQL语句 ] : SELECT COUNT(*) AS tp_count FROM `goods` WHERE ( cat_id=api ) LIMIT 1  

[ 2017-09-27T15:06:15+08:00 ] ::1 /shop/index.php/Home/cat/cat/cat_id/4.html
NOTIC: D方法实例化没找到模型类Amind\Model\CatModel

[ 2017-09-27T15:06:15+08:00 ] ::1 /shop/index.php/Home/cat/cat/cat_id/api/cron.php-t=1452023217
NOTIC: D方法实例化没找到模型类Amind\Model\CatModel
ERR: 1054:Unknown column 'api' in 'where clause'
 [ SQL语句 ] : SELECT COUNT(*) AS tp_count FROM `goods` WHERE ( cat_id=api ) LIMIT 1  

[ 2017-09-27T19:10:57+08:00 ] ::1 /shop/index.php/Home/cat/cat/cat_id/4.html
NOTIC: D方法实例化没找到模型类Amind\Model\CatModel

[ 2017-09-27T19:10:57+08:00 ] ::1 /shop/index.php/Home/cat/cat/cat_id/5.html
NOTIC: D方法实例化没找到模型类Amind\Model\CatModel

[ 2017-09-27T19:10:57+08:00 ] ::1 /shop/index.php/Home/cat/cat/cat_id/api/cron.php-t=1452023217
NOTIC: D方法实例化没找到模型类Amind\Model\CatModel
ERR: 1054:Unknown column 'api' in 'where clause'
 [ SQL语句 ] : SELECT COUNT(*) AS tp_count FROM `goods` WHERE ( cat_id=api ) LIMIT 1  

[ 2017-09-27T19:10:59+08:00 ] ::1 /shop/index.php/Home/cat/cat/cat_id/4.html
NOTIC: D方法实例化没找到模型类Amind\Model\CatModel

[ 2017-09-27T19:10:59+08:00 ] ::1 /shop/index.php/Home/cat/cat/cat_id/api/cron.php-t=1452023217
NOTIC: D方法实例化没找到模型类Amind\Model\CatModel
ERR: 1054:Unknown column 'api' in 'where clause'
 [ SQL语句 ] : SELECT COUNT(*) AS tp_count FROM `goods` WHERE ( cat_id=api ) LIMIT 1  

[ 2017-09-27T19:11:01+08:00 ] ::1 /shop/index.php/Home/cat/cat/cat_id/3.html
NOTIC: D方法实例化没找到模型类Amind\Model\CatModel

[ 2017-09-27T19:11:01+08:00 ] ::1 /shop/index.php/Home/cat/cat/cat_id/api/cron.php-t=1452023217
NOTIC: D方法实例化没找到模型类Amind\Model\CatModel
ERR: 1054:Unknown column 'api' in 'where clause'
 [ SQL语句 ] : SELECT COUNT(*) AS tp_count FROM `goods` WHERE ( cat_id=api ) LIMIT 1  

[ 2017-09-27T19:11:03+08:00 ] ::1 /shop/index.php/Home/cat/cat/cat_id/4.html
NOTIC: D方法实例化没找到模型类Amind\Model\CatModel

[ 2017-09-27T19:11:03+08:00 ] ::1 /shop/index.php/Home/cat/cat/cat_id/api/cron.php-t=1452023217
NOTIC: D方法实例化没找到模型类Amind\Model\CatModel
ERR: 1054:Unknown column 'api' in 'where clause'
 [ SQL语句 ] : SELECT COUNT(*) AS tp_count FROM `goods` WHERE ( cat_id=api ) LIMIT 1  

[ 2017-09-27T19:11:04+08:00 ] ::1 /shop/index.php/Home/goods/goods/goods_id/30.html
NOTIC: D方法实例化没找到模型类Amind\Model\CatModel

[ 2017-09-27T19:11:05+08:00 ] ::1 /shop/index.php/Home/goods/goods/goods_id/api/cron.php-t=1452023217
NOTIC: D方法实例化没找到模型类Amind\Model\CatModel

[ 2017-09-27T19:11:05+08:00 ] ::1 /shop/index.php/Home/goods/goods/goods_id/api/cron.php-t=1452023217
NOTIC: D方法实例化没找到模型类Amind\Model\CatModel

[ 2017-09-27T19:11:13+08:00 ] ::1 /shop/index.php/Home/cat/cat/cat_id/api/cron.php-t=1452023217
NOTIC: D方法实例化没找到模型类Amind\Model\CatModel
ERR: 1054:Unknown column 'api' in 'where clause'
 [ SQL语句 ] : SELECT COUNT(*) AS tp_count FROM `goods` WHERE ( cat_id=api ) LIMIT 1  

[ 2017-09-27T19:11:15+08:00 ] ::1 /shop/index.php/Home/goods/goods/goods_id/30.html
NOTIC: D方法实例化没找到模型类Amind\Model\CatModel

[ 2017-09-27T19:11:15+08:00 ] ::1 /shop/index.php/Home/goods/goods/goods_id/api/cron.php-t=1452023217
NOTIC: D方法实例化没找到模型类Amind\Model\CatModel

[ 2017-09-27T19:11:55+08:00 ] ::1 /shop/index.php/Home/cat/cat/cat_id/api/cron.php-t=1452023217
NOTIC: D方法实例化没找到模型类Amind\Model\CatModel
ERR: 1054:Unknown column 'api' in 'where clause'
 [ SQL语句 ] : SELECT COUNT(*) AS tp_count FROM `goods` WHERE ( cat_id=api ) LIMIT 1  

[ 2017-09-27T19:13:21+08:00 ] 127.0.0.1 /index.php/Home/cat/cat/cat_id/3.html
NOTIC: D方法实例化没找到模型类Amind\Model\CatModel

[ 2017-09-27T19:13:21+08:00 ] 127.0.0.1 /index.php/Home/cat/cat/cat_id/api/cron.php-t=1452023217
NOTIC: D方法实例化没找到模型类Amind\Model\CatModel
ERR: 1054:Unknown column 'api' in 'where clause'
 [ SQL语句 ] : SELECT COUNT(*) AS tp_count FROM `goods` WHERE ( cat_id=api ) LIMIT 1  

[ 2017-09-27T19:14:56+08:00 ] 127.0.0.1 /index.php/Home/cat/cat/cat_id/3.html
NOTIC: D方法实例化没找到模型类Amind\Model\CatModel

[ 2017-09-27T19:14:57+08:00 ] 127.0.0.1 /index.php/Home/cat/cat/cat_id/api/cron.php-t=1452023217
NOTIC: D方法实例化没找到模型类Amind\Model\CatModel
ERR: 1054:Unknown column 'api' in 'where clause'
 [ SQL语句 ] : SELECT COUNT(*) AS tp_count FROM `goods` WHERE ( cat_id=api ) LIMIT 1  

[ 2017-09-27T19:15:24+08:00 ] 127.0.0.1 /index.php/Home/cat/cat/cat_id/6.html
NOTIC: D方法实例化没找到模型类Amind\Model\CatModel

[ 2017-09-27T19:15:24+08:00 ] 127.0.0.1 /index.php/Home/cat/cat/cat_id/api/cron.php-t=1452023217
NOTIC: D方法实例化没找到模型类Amind\Model\CatModel
ERR: 1054:Unknown column 'api' in 'where clause'
 [ SQL语句 ] : SELECT COUNT(*) AS tp_count FROM `goods` WHERE ( cat_id=api ) LIMIT 1  

[ 2017-09-27T19:15:27+08:00 ] 127.0.0.1 /index.php/Home/cat/cat/cat_id/7.html
NOTIC: D方法实例化没找到模型类Amind\Model\CatModel

[ 2017-09-27T19:15:27+08:00 ] 127.0.0.1 /index.php/Home/cat/cat/cat_id/api/cron.php-t=1452023217
NOTIC: D方法实例化没找到模型类Amind\Model\CatModel
ERR: 1054:Unknown column 'api' in 'where clause'
 [ SQL语句 ] : SELECT COUNT(*) AS tp_count FROM `goods` WHERE ( cat_id=api ) LIMIT 1  

[ 2017-09-27T19:15:29+08:00 ] 127.0.0.1 /index.php/Home/cat/cat/cat_id/5.html
NOTIC: D方法实例化没找到模型类Amind\Model\CatModel

[ 2017-09-27T19:15:29+08:00 ] 127.0.0.1 /index.php/Home/cat/cat/cat_id/api/cron.php-t=1452023217
NOTIC: D方法实例化没找到模型类Amind\Model\CatModel
ERR: 1054:Unknown column 'api' in 'where clause'
 [ SQL语句 ] : SELECT COUNT(*) AS tp_count FROM `goods` WHERE ( cat_id=api ) LIMIT 1  

[ 2017-09-27T19:15:31+08:00 ] 127.0.0.1 /index.php/Home/cat/cat/cat_id/4.html
NOTIC: D方法实例化没找到模型类Amind\Model\CatModel

[ 2017-09-27T19:15:31+08:00 ] 127.0.0.1 /index.php/Home/cat/cat/cat_id/api/cron.php-t=1452023217
NOTIC: D方法实例化没找到模型类Amind\Model\CatModel
ERR: 1054:Unknown column 'api' in 'where clause'
 [ SQL语句 ] : SELECT COUNT(*) AS tp_count FROM `goods` WHERE ( cat_id=api ) LIMIT 1  

[ 2017-09-27T19:15:34+08:00 ] 127.0.0.1 /index.php/Home/cat/cat/cat_id/3.html
NOTIC: D方法实例化没找到模型类Amind\Model\CatModel

[ 2017-09-27T19:15:34+08:00 ] 127.0.0.1 /index.php/Home/cat/cat/cat_id/api/cron.php-t=1452023217
NOTIC: D方法实例化没找到模型类Amind\Model\CatModel
ERR: 1054:Unknown column 'api' in 'where clause'
 [ SQL语句 ] : SELECT COUNT(*) AS tp_count FROM `goods` WHERE ( cat_id=api ) LIMIT 1  

[ 2017-09-27T19:35:32+08:00 ] 127.0.0.1 /index.php/Home/cat/cat/cat_id/5.html
NOTIC: D方法实例化没找到模型类Amind\Model\CatModel

[ 2017-09-27T19:35:32+08:00 ] 127.0.0.1 /index.php/Home/cat/cat/cat_id/api/cron.php-t=1452023217
NOTIC: D方法实例化没找到模型类Amind\Model\CatModel
ERR: 1054:Unknown column 'api' in 'where clause'
 [ SQL语句 ] : SELECT COUNT(*) AS tp_count FROM `goods` WHERE ( cat_id=api ) LIMIT 1  

[ 2017-09-27T19:35:36+08:00 ] 127.0.0.1 /index.php/Home/cat/cat/cat_id/4.html
NOTIC: D方法实例化没找到模型类Amind\Model\CatModel

[ 2017-09-27T19:35:36+08:00 ] 127.0.0.1 /index.php/Home/cat/cat/cat_id/api/cron.php-t=1452023217
NOTIC: D方法实例化没找到模型类Amind\Model\CatModel
ERR: 1054:Unknown column 'api' in 'where clause'
 [ SQL语句 ] : SELECT COUNT(*) AS tp_count FROM `goods` WHERE ( cat_id=api ) LIMIT 1  

[ 2017-09-27T19:35:42+08:00 ] 127.0.0.1 /Home/cat/cat/cat_id/4.html
NOTIC: D方法实例化没找到模型类Amind\Model\CatModel

[ 2017-09-27T19:35:42+08:00 ] 127.0.0.1 /Home/cat/cat/cat_id/api/cron.php-t=1452023217
NOTIC: D方法实例化没找到模型类Amind\Model\CatModel
ERR: 1054:Unknown column 'api' in 'where clause'
 [ SQL语句 ] : SELECT COUNT(*) AS tp_count FROM `goods` WHERE ( cat_id=api ) LIMIT 1  

[ 2017-09-27T19:36:07+08:00 ] 127.0.0.1 /index.php/Home/cat/cat/cat_id/api/cron.php-t=1452023217
NOTIC: D方法实例化没找到模型类Amind\Model\CatModel
ERR: 1054:Unknown column 'api' in 'where clause'
 [ SQL语句 ] : SELECT COUNT(*) AS tp_count FROM `goods` WHERE ( cat_id=api ) LIMIT 1  

[ 2017-09-27T19:36:39+08:00 ] 127.0.0.1 /index.php/Home/cat/cat/cat_id/3.html
NOTIC: D方法实例化没找到模型类Amind\Model\CatModel

[ 2017-09-27T19:36:39+08:00 ] 127.0.0.1 /index.php/Home/cat/cat/cat_id/api/cron.php-t=1452023217
NOTIC: D方法实例化没找到模型类Amind\Model\CatModel
ERR: 1054:Unknown column 'api' in 'where clause'
 [ SQL语句 ] : SELECT COUNT(*) AS tp_count FROM `goods` WHERE ( cat_id=api ) LIMIT 1  

[ 2017-09-27T19:36:42+08:00 ] 127.0.0.1 /index.php/Home/goods/goods/goods_id/31.html
NOTIC: D方法实例化没找到模型类Amind\Model\CatModel

[ 2017-09-27T19:36:42+08:00 ] 127.0.0.1 /index.php/Home/goods/goods/goods_id/api/cron.php-t=1452023217
NOTIC: D方法实例化没找到模型类Amind\Model\CatModel

[ 2017-09-27T19:36:42+08:00 ] 127.0.0.1 /index.php/Home/goods/goods/goods_id/api/cron.php-t=1452023217
NOTIC: D方法实例化没找到模型类Amind\Model\CatModel

[ 2017-09-27T19:36:45+08:00 ] 127.0.0.1 /index.php/Home/cat/cat/cat_id/api/cron.php-t=1452023217
NOTIC: D方法实例化没找到模型类Amind\Model\CatModel
ERR: 1054:Unknown column 'api' in 'where clause'
 [ SQL语句 ] : SELECT COUNT(*) AS tp_count FROM `goods` WHERE ( cat_id=api ) LIMIT 1  

[ 2017-09-27T19:36:49+08:00 ] 127.0.0.1 /Home/cat/cat/cat_id/3.html
NOTIC: D方法实例化没找到模型类Amind\Model\CatModel

[ 2017-09-27T19:36:49+08:00 ] 127.0.0.1 /Home/cat/cat/cat_id/api/cron.php-t=1452023217
NOTIC: D方法实例化没找到模型类Amind\Model\CatModel
ERR: 1054:Unknown column 'api' in 'where clause'
 [ SQL语句 ] : SELECT COUNT(*) AS tp_count FROM `goods` WHERE ( cat_id=api ) LIMIT 1  

[ 2017-09-27T19:37:43+08:00 ] 127.0.0.1 /Home/cat/cat/cat_id/3.html
NOTIC: D方法实例化没找到模型类Amind\Model\CatModel

[ 2017-09-27T19:37:43+08:00 ] 127.0.0.1 /Home/cat/cat/cat_id/api/cron.php-t=1452023217
NOTIC: D方法实例化没找到模型类Amind\Model\CatModel
ERR: 1054:Unknown column 'api' in 'where clause'
 [ SQL语句 ] : SELECT COUNT(*) AS tp_count FROM `goods` WHERE ( cat_id=api ) LIMIT 1  

[ 2017-09-27T19:41:11+08:00 ] 127.0.0.1 /Home/cat/cat/cat_id/3.html
NOTIC: D方法实例化没找到模型类Amind\Model\CatModel

[ 2017-09-27T19:41:11+08:00 ] 127.0.0.1 /Home/cat/cat/cat_id/api/cron.php-t=1452023217
NOTIC: D方法实例化没找到模型类Amind\Model\CatModel
ERR: 1054:Unknown column 'api' in 'where clause'
 [ SQL语句 ] : SELECT COUNT(*) AS tp_count FROM `goods` WHERE ( cat_id=api ) LIMIT 1  

[ 2017-09-27T19:42:40+08:00 ] 127.0.0.1 /index.php/Home/cat/cat/cat_id/api/cron.php-t=1452023217
NOTIC: D方法实例化没找到模型类Amind\Model\CatModel
ERR: 1054:Unknown column 'api' in 'where clause'
 [ SQL语句 ] : SELECT COUNT(*) AS tp_count FROM `goods` WHERE ( cat_id=api ) LIMIT 1  

[ 2017-09-27T19:42:42+08:00 ] 127.0.0.1 /index.php/Home/cat/cat/cat_id/5.html
NOTIC: D方法实例化没找到模型类Amind\Model\CatModel

[ 2017-09-27T19:42:42+08:00 ] 127.0.0.1 /index.php/Home/cat/cat/cat_id/api/cron.php-t=1452023217
NOTIC: D方法实例化没找到模型类Amind\Model\CatModel
ERR: 1054:Unknown column 'api' in 'where clause'
 [ SQL语句 ] : SELECT COUNT(*) AS tp_count FROM `goods` WHERE ( cat_id=api ) LIMIT 1  

[ 2017-09-27T19:42:44+08:00 ] 127.0.0.1 /index.php/Home/goods/goods/goods_id/35.html
NOTIC: D方法实例化没找到模型类Amind\Model\CatModel

[ 2017-09-27T19:42:44+08:00 ] 127.0.0.1 /index.php/Home/goods/goods/goods_id/api/cron.php-t=1452023217
NOTIC: D方法实例化没找到模型类Amind\Model\CatModel

[ 2017-09-27T19:42:45+08:00 ] 127.0.0.1 /index.php/Home/goods/goods/goods_id/api/cron.php-t=1452023217
NOTIC: D方法实例化没找到模型类Amind\Model\CatModel

[ 2017-09-27T19:42:46+08:00 ] 127.0.0.1 /index.php/Home/cat/cat/cat_id/api/cron.php-t=1452023217
NOTIC: D方法实例化没找到模型类Amind\Model\CatModel
ERR: 1054:Unknown column 'api' in 'where clause'
 [ SQL语句 ] : SELECT COUNT(*) AS tp_count FROM `goods` WHERE ( cat_id=api ) LIMIT 1  

[ 2017-09-27T19:42:48+08:00 ] 127.0.0.1 /index.php/Home/goods/goods/goods_id/35.html
NOTIC: D方法实例化没找到模型类Amind\Model\CatModel

[ 2017-09-27T19:42:48+08:00 ] 127.0.0.1 /index.php/Home/goods/goods/goods_id/api/cron.php-t=1452023217
NOTIC: D方法实例化没找到模型类Amind\Model\CatModel

[ 2017-09-27T19:42:48+08:00 ] 127.0.0.1 /index.php/Home/goods/goods/goods_id/api/cron.php-t=1452023217
NOTIC: D方法实例化没找到模型类Amind\Model\CatModel

[ 2017-09-27T19:42:50+08:00 ] 127.0.0.1 /index.php/Home/cat/cat/cat_id/api/cron.php-t=1452023217
NOTIC: D方法实例化没找到模型类Amind\Model\CatModel
ERR: 1054:Unknown column 'api' in 'where clause'
 [ SQL语句 ] : SELECT COUNT(*) AS tp_count FROM `goods` WHERE ( cat_id=api ) LIMIT 1  

[ 2017-09-27T19:46:11+08:00 ] 127.0.0.1 /index.php/Home/cat/cat/cat_id/5.html
NOTIC: D方法实例化没找到模型类Amind\Model\CatModel

[ 2017-09-27T19:46:11+08:00 ] 127.0.0.1 /index.php/Home/cat/cat/cat_id/api/cron.php-t=1452023217
NOTIC: D方法实例化没找到模型类Amind\Model\CatModel
ERR: 1054:Unknown column 'api' in 'where clause'
 [ SQL语句 ] : SELECT COUNT(*) AS tp_count FROM `goods` WHERE ( cat_id=api ) LIMIT 1  

[ 2017-09-27T19:46:16+08:00 ] 127.0.0.1 /index.php/Home/cat/cat/cat_id/5.html
NOTIC: D方法实例化没找到模型类Amind\Model\CatModel

[ 2017-09-27T19:46:16+08:00 ] 127.0.0.1 /index.php/Home/cat/cat/cat_id/api/cron.php-t=1452023217
NOTIC: D方法实例化没找到模型类Amind\Model\CatModel
ERR: 1054:Unknown column 'api' in 'where clause'
 [ SQL语句 ] : SELECT COUNT(*) AS tp_count FROM `goods` WHERE ( cat_id=api ) LIMIT 1  

[ 2017-09-27T19:46:18+08:00 ] 127.0.0.1 /index.php/Home/cat/cat/cat_id/7.html
NOTIC: D方法实例化没找到模型类Amind\Model\CatModel

[ 2017-09-27T19:46:18+08:00 ] 127.0.0.1 /index.php/Home/cat/cat/cat_id/api/cron.php-t=1452023217
NOTIC: D方法实例化没找到模型类Amind\Model\CatModel
ERR: 1054:Unknown column 'api' in 'where clause'
 [ SQL语句 ] : SELECT COUNT(*) AS tp_count FROM `goods` WHERE ( cat_id=api ) LIMIT 1  

[ 2017-09-27T19:46:19+08:00 ] 127.0.0.1 /index.php/Home/cat/cat/cat_id/6.html
NOTIC: D方法实例化没找到模型类Amind\Model\CatModel

[ 2017-09-27T19:46:20+08:00 ] 127.0.0.1 /index.php/Home/cat/cat/cat_id/api/cron.php-t=1452023217
NOTIC: D方法实例化没找到模型类Amind\Model\CatModel
ERR: 1054:Unknown column 'api' in 'where clause'
 [ SQL语句 ] : SELECT COUNT(*) AS tp_count FROM `goods` WHERE ( cat_id=api ) LIMIT 1  

[ 2017-09-27T19:46:42+08:00 ] 127.0.0.1 /index.php/Home/cat/cat/cat_id/6.html
NOTIC: D方法实例化没找到模型类Amind\Model\CatModel

[ 2017-09-27T19:46:42+08:00 ] 127.0.0.1 /index.php/Home/cat/cat/cat_id/api/cron.php-t=1452023217
NOTIC: D方法实例化没找到模型类Amind\Model\CatModel
ERR: 1054:Unknown column 'api' in 'where clause'
 [ SQL语句 ] : SELECT COUNT(*) AS tp_count FROM `goods` WHERE ( cat_id=api ) LIMIT 1  

[ 2017-09-27T19:47:45+08:00 ] 127.0.0.1 /index.php/Home/cat/cat/cat_id/6.html
NOTIC: D方法实例化没找到模型类Amind\Model\CatModel
ERR: 1054:Unknown column '' in 'field list'
 [ SQL语句 ] : SELECT `goods_id`,`goods_name`,`goods_img`,``,`thunm_img`,`shop_price`,`market_price` FROM `goods` WHERE ( cat_id=6 ) ORDER BY goods_id desc LIMIT 0,4  

[ 2017-09-27T19:48:04+08:00 ] 127.0.0.1 /index.php/Home/cat/cat/cat_id/6.html
NOTIC: D方法实例化没找到模型类Amind\Model\CatModel
ERR: 1054:Unknown column 'thunm_img' in 'field list'
 [ SQL语句 ] : SELECT `goods_id`,`goods_name`,`goods_img`,`thunm_img`,`shop_price`,`market_price` FROM `goods` WHERE ( cat_id=6 ) ORDER BY goods_id desc LIMIT 0,4  

[ 2017-09-27T19:48:13+08:00 ] 127.0.0.1 /index.php/Home/cat/cat/cat_id/6.html
NOTIC: D方法实例化没找到模型类Amind\Model\CatModel

[ 2017-09-27T19:48:13+08:00 ] 127.0.0.1 /index.php/Home/cat/cat/cat_id/api/cron.php-t=1452023217
NOTIC: D方法实例化没找到模型类Amind\Model\CatModel
ERR: 1054:Unknown column 'api' in 'where clause'
 [ SQL语句 ] : SELECT COUNT(*) AS tp_count FROM `goods` WHERE ( cat_id=api ) LIMIT 1  

[ 2017-09-27T19:48:19+08:00 ] 127.0.0.1 /index.php/Home/cat/cat/cat_id/4.html
NOTIC: D方法实例化没找到模型类Amind\Model\CatModel

[ 2017-09-27T19:48:19+08:00 ] 127.0.0.1 /index.php/Home/cat/cat/cat_id/api/cron.php-t=1452023217
NOTIC: D方法实例化没找到模型类Amind\Model\CatModel
ERR: 1054:Unknown column 'api' in 'where clause'
 [ SQL语句 ] : SELECT COUNT(*) AS tp_count FROM `goods` WHERE ( cat_id=api ) LIMIT 1  

[ 2017-09-27T19:48:21+08:00 ] 127.0.0.1 /index.php/Home/cat/cat/cat_id/5.html
NOTIC: D方法实例化没找到模型类Amind\Model\CatModel

[ 2017-09-27T19:48:21+08:00 ] 127.0.0.1 /index.php/Home/cat/cat/cat_id/api/cron.php-t=1452023217
NOTIC: D方法实例化没找到模型类Amind\Model\CatModel
ERR: 1054:Unknown column 'api' in 'where clause'
 [ SQL语句 ] : SELECT COUNT(*) AS tp_count FROM `goods` WHERE ( cat_id=api ) LIMIT 1  

[ 2017-09-27T19:48:23+08:00 ] 127.0.0.1 /index.php/Home/cat/cat/cat_id/4.html
NOTIC: D方法实例化没找到模型类Amind\Model\CatModel

[ 2017-09-27T19:48:23+08:00 ] 127.0.0.1 /index.php/Home/cat/cat/cat_id/api/cron.php-t=1452023217
NOTIC: D方法实例化没找到模型类Amind\Model\CatModel
ERR: 1054:Unknown column 'api' in 'where clause'
 [ SQL语句 ] : SELECT COUNT(*) AS tp_count FROM `goods` WHERE ( cat_id=api ) LIMIT 1  

[ 2017-09-27T19:48:24+08:00 ] 127.0.0.1 /index.php/Home/goods/goods/goods_id/30.html
NOTIC: D方法实例化没找到模型类Amind\Model\CatModel

[ 2017-09-27T19:48:25+08:00 ] 127.0.0.1 /index.php/Home/goods/goods/goods_id/api/cron.php-t=1452023217
NOTIC: D方法实例化没找到模型类Amind\Model\CatModel

[ 2017-09-27T19:48:25+08:00 ] 127.0.0.1 /index.php/Home/goods/goods/goods_id/api/cron.php-t=1452023217
NOTIC: D方法实例化没找到模型类Amind\Model\CatModel

[ 2017-09-27T19:50:42+08:00 ] 127.0.0.1 /index.php/Home/goods/goods/goods_id/30.html
NOTIC: D方法实例化没找到模型类Amind\Model\CatModel

[ 2017-09-27T19:50:42+08:00 ] 127.0.0.1 /index.php/Home/goods/goods/goods_id/api/cron.php-t=1452023217
NOTIC: D方法实例化没找到模型类Amind\Model\CatModel

[ 2017-09-27T19:50:43+08:00 ] 127.0.0.1 /index.php/Home/goods/goods/goods_id/api/cron.php-t=1452023217
NOTIC: D方法实例化没找到模型类Amind\Model\CatModel

[ 2017-09-27T19:51:20+08:00 ] 127.0.0.1 /index.php/Home/goods/goods/goods_id/30.html
NOTIC: D方法实例化没找到模型类Amind\Model\CatModel

[ 2017-09-27T19:51:20+08:00 ] 127.0.0.1 /index.php/Home/goods/goods/goods_id/api/cron.php-t=1452023217
NOTIC: D方法实例化没找到模型类Amind\Model\CatModel

[ 2017-09-27T19:51:21+08:00 ] 127.0.0.1 /index.php/Home/goods/goods/goods_id/api/cron.php-t=1452023217
NOTIC: D方法实例化没找到模型类Amind\Model\CatModel

[ 2017-09-27T19:52:19+08:00 ] 127.0.0.1 /index.php/Home/goods/goods/goods_id/30.html
NOTIC: D方法实例化没找到模型类Amind\Model\CatModel

[ 2017-09-27T19:52:19+08:00 ] 127.0.0.1 /index.php/Home/goods/goods/goods_id/api/cron.php-t=1452023217
NOTIC: D方法实例化没找到模型类Amind\Model\CatModel

[ 2017-09-27T19:52:19+08:00 ] 127.0.0.1 /index.php/Home/goods/goods/goods_id/api/cron.php-t=1452023217
NOTIC: D方法实例化没找到模型类Amind\Model\CatModel

[ 2017-09-27T19:52:36+08:00 ] 127.0.0.1 /index.php/Home/user/api/cron.php-t=1452023217
ERR: 非法操作:api

[ 2017-09-27T19:52:41+08:00 ] 127.0.0.1 /index.php/Home/user/api/cron.php-t=1452023217
ERR: 非法操作:api

[ 2017-09-27T19:52:45+08:00 ] 127.0.0.1 /index.php/Home/cat/cat/cat_id/5.html
NOTIC: D方法实例化没找到模型类Amind\Model\CatModel

[ 2017-09-27T19:52:45+08:00 ] 127.0.0.1 /index.php/Home/cat/cat/cat_id/api/cron.php-t=1452023217
NOTIC: D方法实例化没找到模型类Amind\Model\CatModel
ERR: 1054:Unknown column 'api' in 'where clause'
 [ SQL语句 ] : SELECT COUNT(*) AS tp_count FROM `goods` WHERE ( cat_id=api ) LIMIT 1  

[ 2017-09-27T19:52:46+08:00 ] 127.0.0.1 /index.php/Home/cat/cat/cat_id/3.html
NOTIC: D方法实例化没找到模型类Amind\Model\CatModel

[ 2017-09-27T19:52:47+08:00 ] 127.0.0.1 /index.php/Home/cat/cat/cat_id/api/cron.php-t=1452023217
NOTIC: D方法实例化没找到模型类Amind\Model\CatModel
ERR: 1054:Unknown column 'api' in 'where clause'
 [ SQL语句 ] : SELECT COUNT(*) AS tp_count FROM `goods` WHERE ( cat_id=api ) LIMIT 1  

[ 2017-09-27T19:52:48+08:00 ] 127.0.0.1 /index.php/Home/cat/cat/cat_id/4.html
NOTIC: D方法实例化没找到模型类Amind\Model\CatModel

[ 2017-09-27T19:52:48+08:00 ] 127.0.0.1 /index.php/Home/cat/cat/cat_id/api/cron.php-t=1452023217
NOTIC: D方法实例化没找到模型类Amind\Model\CatModel
ERR: 1054:Unknown column 'api' in 'where clause'
 [ SQL语句 ] : SELECT COUNT(*) AS tp_count FROM `goods` WHERE ( cat_id=api ) LIMIT 1  

[ 2017-09-27T19:52:50+08:00 ] 127.0.0.1 /index.php/Home/goods/goods/goods_id/30.html
NOTIC: D方法实例化没找到模型类Amind\Model\CatModel

[ 2017-09-27T19:52:50+08:00 ] 127.0.0.1 /index.php/Home/goods/goods/goods_id/api/cron.php-t=1452023217
NOTIC: D方法实例化没找到模型类Amind\Model\CatModel

[ 2017-09-27T19:57:31+08:00 ] 127.0.0.1 /index.php/Home/goods/goods/goods_id/api/cron.php-t=1452023217
NOTIC: D方法实例化没找到模型类Amind\Model\CatModel

[ 2017-09-27T19:57:32+08:00 ] 127.0.0.1 /index.php/Home/goods/goods/goods_id/30.html
NOTIC: D方法实例化没找到模型类Amind\Model\CatModel

[ 2017-09-27T19:57:33+08:00 ] 127.0.0.1 /index.php/Home/goods/goods/goods_id/api/cron.php-t=1452023217
NOTIC: D方法实例化没找到模型类Amind\Model\CatModel

[ 2017-09-27T19:57:36+08:00 ] 127.0.0.1 /index.php/Home/goods/goods/goods_id/api/cron.php-t=1452023217
NOTIC: D方法实例化没找到模型类Amind\Model\CatModel

[ 2017-09-27T19:57:36+08:00 ] 127.0.0.1 /index.php/Home/goods/goods/goods_id/30.html
NOTIC: D方法实例化没找到模型类Amind\Model\CatModel

[ 2017-09-27T19:57:37+08:00 ] 127.0.0.1 /index.php/Home/goods/goods/goods_id/api/cron.php-t=1452023217
NOTIC: D方法实例化没找到模型类Amind\Model\CatModel

[ 2017-09-27T19:58:21+08:00 ] 127.0.0.1 /index.php/Home/order/api/cron.php-t=1452023217
ERR: 非法操作:api

[ 2017-09-27T19:58:43+08:00 ] 127.0.0.1 /index.php/Home/goods/goods/goods_id/api/cron.php-t=1452023217
NOTIC: D方法实例化没找到模型类Amind\Model\CatModel

[ 2017-09-27T19:58:53+08:00 ] 127.0.0.1 /index.php/Home/cat/cat/cat_id/api/cron.php-t=1452023217
NOTIC: D方法实例化没找到模型类Amind\Model\CatModel
ERR: 1054:Unknown column 'api' in 'where clause'
 [ SQL语句 ] : SELECT COUNT(*) AS tp_count FROM `goods` WHERE ( cat_id=api ) LIMIT 1  

[ 2017-09-27T19:58:59+08:00 ] 127.0.0.1 /index.php/Home/goods/goods/goods_id/30.html
NOTIC: D方法实例化没找到模型类Amind\Model\CatModel

[ 2017-09-27T19:58:59+08:00 ] 127.0.0.1 /index.php/Home/goods/goods/goods_id/api/cron.php-t=1452023217
NOTIC: D方法实例化没找到模型类Amind\Model\CatModel

[ 2017-09-27T19:59:02+08:00 ] 127.0.0.1 /index.php/Home/goods/goods/goods_id/api/cron.php-t=1452023217
NOTIC: D方法实例化没找到模型类Amind\Model\CatModel

[ 2017-09-27T19:59:03+08:00 ] 127.0.0.1 /index.php/Home/cat/cat/cat_id/api/cron.php-t=1452023217
NOTIC: D方法实例化没找到模型类Amind\Model\CatModel
ERR: 1054:Unknown column 'api' in 'where clause'
 [ SQL语句 ] : SELECT COUNT(*) AS tp_count FROM `goods` WHERE ( cat_id=api ) LIMIT 1  

[ 2017-09-27T19:59:05+08:00 ] 127.0.0.1 /index.php/Home/cat/cat/cat_id/4.html
NOTIC: D方法实例化没找到模型类Amind\Model\CatModel

[ 2017-09-27T19:59:05+08:00 ] 127.0.0.1 /index.php/Home/cat/cat/cat_id/api/cron.php-t=1452023217
NOTIC: D方法实例化没找到模型类Amind\Model\CatModel
ERR: 1054:Unknown column 'api' in 'where clause'
 [ SQL语句 ] : SELECT COUNT(*) AS tp_count FROM `goods` WHERE ( cat_id=api ) LIMIT 1  

[ 2017-09-27T19:59:06+08:00 ] 127.0.0.1 /index.php/Home/cat/cat/cat_id/4.html
NOTIC: D方法实例化没找到模型类Amind\Model\CatModel

[ 2017-09-27T19:59:06+08:00 ] 127.0.0.1 /index.php/Home/cat/cat/cat_id/api/cron.php-t=1452023217
NOTIC: D方法实例化没找到模型类Amind\Model\CatModel
ERR: 1054:Unknown column 'api' in 'where clause'
 [ SQL语句 ] : SELECT COUNT(*) AS tp_count FROM `goods` WHERE ( cat_id=api ) LIMIT 1  

[ 2017-09-27T19:59:06+08:00 ] 127.0.0.1 /index.php/Home/goods/goods/goods_id/30.html
NOTIC: D方法实例化没找到模型类Amind\Model\CatModel

[ 2017-09-27T19:59:07+08:00 ] 127.0.0.1 /index.php/Home/goods/goods/goods_id/api/cron.php-t=1452023217
NOTIC: D方法实例化没找到模型类Amind\Model\CatModel

[ 2017-09-27T19:59:08+08:00 ] 127.0.0.1 /index.php/Home/order/api/cron.php-t=1452023217
ERR: 非法操作:api

[ 2017-09-27T19:59:10+08:00 ] 127.0.0.1 /index.php/Home/goods/goods/goods_id/api/cron.php-t=1452023217
NOTIC: D方法实例化没找到模型类Amind\Model\CatModel

[ 2017-09-27T19:59:10+08:00 ] 127.0.0.1 /index.php/Home/cat/cat/cat_id/api/cron.php-t=1452023217
NOTIC: D方法实例化没找到模型类Amind\Model\CatModel
ERR: 1054:Unknown column 'api' in 'where clause'
 [ SQL语句 ] : SELECT COUNT(*) AS tp_count FROM `goods` WHERE ( cat_id=api ) LIMIT 1  

[ 2017-09-27T19:59:37+08:00 ] 127.0.0.1 /index.php/Home/goods/goods/goods_id/30.html
NOTIC: D方法实例化没找到模型类Amind\Model\CatModel

[ 2017-09-27T19:59:37+08:00 ] 127.0.0.1 /index.php/Home/goods/goods/goods_id/api/cron.php-t=1452023217
NOTIC: D方法实例化没找到模型类Amind\Model\CatModel

[ 2017-09-27T20:05:19+08:00 ] 127.0.0.1 /index.php/Home/cat/cat/cat_id/api/cron.php-t=1452023217
NOTIC: D方法实例化没找到模型类Amind\Model\CatModel
ERR: 1054:Unknown column 'api' in 'where clause'
 [ SQL语句 ] : SELECT COUNT(*) AS tp_count FROM `goods` WHERE ( cat_id=api ) LIMIT 1  

[ 2017-09-27T20:05:19+08:00 ] 127.0.0.1 /index.php/Home/cat/cat/cat_id/4.html
NOTIC: D方法实例化没找到模型类Amind\Model\CatModel

[ 2017-09-27T20:05:20+08:00 ] 127.0.0.1 /index.php/Home/cat/cat/cat_id/api/cron.php-t=1452023217
NOTIC: D方法实例化没找到模型类Amind\Model\CatModel
ERR: 1054:Unknown column 'api' in 'where clause'
 [ SQL语句 ] : SELECT COUNT(*) AS tp_count FROM `goods` WHERE ( cat_id=api ) LIMIT 1  

[ 2017-09-27T20:05:36+08:00 ] 127.0.0.1 /index.php/Home/cat/cat/cat_id/4.html
NOTIC: D方法实例化没找到模型类Amind\Model\CatModel

[ 2017-09-27T20:05:37+08:00 ] 127.0.0.1 /index.php/Home/cat/cat/cat_id/api/cron.php-t=1452023217
NOTIC: D方法实例化没找到模型类Amind\Model\CatModel
ERR: 1054:Unknown column 'api' in 'where clause'
 [ SQL语句 ] : SELECT COUNT(*) AS tp_count FROM `goods` WHERE ( cat_id=api ) LIMIT 1  

[ 2017-09-27T20:05:53+08:00 ] 127.0.0.1 /index.php/Home/cat/cat/cat_id/4.html
NOTIC: D方法实例化没找到模型类Amind\Model\CatModel

[ 2017-09-27T20:05:53+08:00 ] 127.0.0.1 /index.php/Home/cat/cat/cat_id/api/cron.php-t=1452023217
NOTIC: D方法实例化没找到模型类Amind\Model\CatModel
ERR: 1054:Unknown column 'api' in 'where clause'
 [ SQL语句 ] : SELECT COUNT(*) AS tp_count FROM `goods` WHERE ( cat_id=api ) LIMIT 1  

[ 2017-09-27T20:05:54+08:00 ] 127.0.0.1 /index.php/Home/cat/cat/cat_id/4.html
NOTIC: D方法实例化没找到模型类Amind\Model\CatModel

[ 2017-09-27T20:05:54+08:00 ] 127.0.0.1 /index.php/Home/cat/cat/cat_id/api/cron.php-t=1452023217
NOTIC: D方法实例化没找到模型类Amind\Model\CatModel
ERR: 1054:Unknown column 'api' in 'where clause'
 [ SQL语句 ] : SELECT COUNT(*) AS tp_count FROM `goods` WHERE ( cat_id=api ) LIMIT 1  

[ 2017-09-27T20:05:55+08:00 ] 127.0.0.1 /index.php/Home/order/api/cron.php-t=1452023217
ERR: 非法操作:api

[ 2017-09-27T20:05:57+08:00 ] 127.0.0.1 /index.php/Home/cat/cat/cat_id/api/cron.php-t=1452023217
NOTIC: D方法实例化没找到模型类Amind\Model\CatModel
ERR: 1054:Unknown column 'api' in 'where clause'
 [ SQL语句 ] : SELECT COUNT(*) AS tp_count FROM `goods` WHERE ( cat_id=api ) LIMIT 1  

[ 2017-09-27T20:05:58+08:00 ] 127.0.0.1 /index.php/Home/order/api/cron.php-t=1452023217
ERR: 非法操作:api

[ 2017-09-27T20:05:59+08:00 ] 127.0.0.1 /index.php/Home/cat/cat/cat_id/api/cron.php-t=1452023217
NOTIC: D方法实例化没找到模型类Amind\Model\CatModel
ERR: 1054:Unknown column 'api' in 'where clause'
 [ SQL语句 ] : SELECT COUNT(*) AS tp_count FROM `goods` WHERE ( cat_id=api ) LIMIT 1  

[ 2017-09-27T20:52:29+08:00 ] 127.0.0.1 /index.php/Home/order/api/cron.php-t=1452023217
ERR: 非法操作:api

