[ 2017-09-23T09:57:58+08:00 ] ::1 /shop/index.php/Home/cat/cat/cat_id/api/cron.php-t=1452023217
ERR: 1054:Unknown column 'api' in 'where clause'
 [ SQL语句 ] : SELECT COUNT(*) AS tp_count FROM `goods` WHERE ( cat_id=api ) LIMIT 1  

[ 2017-09-23T09:58:00+08:00 ] ::1 /shop/index.php/Home/cat/cat/cat_id/api/cron.php-t=1452023217
ERR: 1054:Unknown column 'api' in 'where clause'
 [ SQL语句 ] : SELECT COUNT(*) AS tp_count FROM `goods` WHERE ( cat_id=api ) LIMIT 1  

[ 2017-09-23T09:58:04+08:00 ] ::1 /shop/index.php/Home/cat/cat/cat_id/api/cron.php-t=1452023217
ERR: 1054:Unknown column 'api' in 'where clause'
 [ SQL语句 ] : SELECT COUNT(*) AS tp_count FROM `goods` WHERE ( cat_id=api ) LIMIT 1  

[ 2017-09-23T10:00:09+08:00 ] ::1 /shop/index.php/Home/cat/cat/cat_id/api/cron.php-t=1452023217
ERR: 1054:Unknown column 'api' in 'where clause'
 [ SQL语句 ] : SELECT COUNT(*) AS tp_count FROM `goods` WHERE ( cat_id=api ) LIMIT 1  

[ 2017-09-23T10:00:15+08:00 ] ::1 /shop/index.php/Home/cat/cat/cat_id/api/cron.php-t=1452023217
ERR: 1054:Unknown column 'api' in 'where clause'
 [ SQL语句 ] : SELECT COUNT(*) AS tp_count FROM `goods` WHERE ( cat_id=api ) LIMIT 1  

[ 2017-09-23T10:00:20+08:00 ] ::1 /shop/index.php/Home/cat/cat/cat_id/api/cron.php-t=1452023217
ERR: 1054:Unknown column 'api' in 'where clause'
 [ SQL语句 ] : SELECT COUNT(*) AS tp_count FROM `goods` WHERE ( cat_id=api ) LIMIT 1  

[ 2017-09-23T10:00:24+08:00 ] ::1 /shop/index.php/Home/cat/cat/cat_id/api/cron.php-t=1452023217
ERR: 1054:Unknown column 'api' in 'where clause'
 [ SQL语句 ] : SELECT COUNT(*) AS tp_count FROM `goods` WHERE ( cat_id=api ) LIMIT 1  

[ 2017-09-23T10:00:28+08:00 ] ::1 /shop/index.php/Home/cat/cat/cat_id/api/cron.php-t=1452023217
ERR: 1054:Unknown column 'api' in 'where clause'
 [ SQL语句 ] : SELECT COUNT(*) AS tp_count FROM `goods` WHERE ( cat_id=api ) LIMIT 1  

[ 2017-09-23T10:02:17+08:00 ] ::1 /shop/index.php/Home/cat/cat/cat_id/api/cron.php-t=1452023217
ERR: 1054:Unknown column 'api' in 'where clause'
 [ SQL语句 ] : SELECT COUNT(*) AS tp_count FROM `goods` WHERE ( cat_id=api ) LIMIT 1  

[ 2017-09-23T10:02:20+08:00 ] ::1 /shop/index.php/Home/cat/cat/cat_id/api/cron.php-t=1452023217
ERR: 1054:Unknown column 'api' in 'where clause'
 [ SQL语句 ] : SELECT COUNT(*) AS tp_count FROM `goods` WHERE ( cat_id=api ) LIMIT 1  

[ 2017-09-23T10:03:11+08:00 ] ::1 /shop/index.php/Home/Goods/Home.html
ERR: 非法操作:Home

[ 2017-09-23T10:03:32+08:00 ] ::1 /shop/index.php/Home/Goods/Home.html
ERR: 非法操作:Home

[ 2017-09-23T10:03:37+08:00 ] ::1 /shop/index.php/Home/Goods/Home.html
ERR: 非法操作:Home

[ 2017-09-23T10:06:53+08:00 ] ::1 /shop/index.php/Home/cat/cat/cat_id/api/cron.php-t=1452023217
ERR: 1054:Unknown column 'api' in 'where clause'
 [ SQL语句 ] : SELECT COUNT(*) AS tp_count FROM `goods` WHERE ( cat_id=api ) LIMIT 1  

[ 2017-09-23T10:06:55+08:00 ] ::1 /shop/index.php/Home/cat/cat/cat_id/api/cron.php-t=1452023217
ERR: 1054:Unknown column 'api' in 'where clause'
 [ SQL语句 ] : SELECT COUNT(*) AS tp_count FROM `goods` WHERE ( cat_id=api ) LIMIT 1  

[ 2017-09-23T10:09:57+08:00 ] ::1 /shop/index.php/Home/cat/cat/cat_id/api/cron.php-t=1452023217
ERR: 1054:Unknown column 'api' in 'where clause'
 [ SQL语句 ] : SELECT COUNT(*) AS tp_count FROM `goods` WHERE ( cat_id=api ) LIMIT 1  

[ 2017-09-23T10:09:59+08:00 ] ::1 /shop/index.php/Home/cat/cat/cat_id/api/cron.php-t=1452023217
ERR: 1054:Unknown column 'api' in 'where clause'
 [ SQL语句 ] : SELECT COUNT(*) AS tp_count FROM `goods` WHERE ( cat_id=api ) LIMIT 1  

[ 2017-09-23T10:10:00+08:00 ] ::1 /shop/index.php/Home/cat/cat/cat_id/api/cron.php-t=1452023217
ERR: 1054:Unknown column 'api' in 'where clause'
 [ SQL语句 ] : SELECT COUNT(*) AS tp_count FROM `goods` WHERE ( cat_id=api ) LIMIT 1  

[ 2017-09-23T10:13:35+08:00 ] ::1 /shop/index.php/Home/cat/cat/cat_id/api/cron.php-t=1452023217
ERR: 1054:Unknown column 'api' in 'where clause'
 [ SQL语句 ] : SELECT COUNT(*) AS tp_count FROM `goods` WHERE ( cat_id=api ) LIMIT 1  

[ 2017-09-23T10:15:40+08:00 ] ::1 /shop/index.php/Home/cat/cat/cat_id/api/cron.php-t=1452023217
ERR: 1054:Unknown column 'api' in 'where clause'
 [ SQL语句 ] : SELECT COUNT(*) AS tp_count FROM `goods` WHERE ( cat_id=api ) LIMIT 1  

[ 2017-09-23T10:16:11+08:00 ] ::1 /shop/index.php/Home/cat/cat/cat_id/api/cron.php-t=1452023217
ERR: 1054:Unknown column 'api' in 'where clause'
 [ SQL语句 ] : SELECT COUNT(*) AS tp_count FROM `goods` WHERE ( cat_id=api ) LIMIT 1  

[ 2017-09-23T10:17:54+08:00 ] ::1 /shop/index.php/Home/cat/cat/cat_id/api/cron.php-t=1452023217
ERR: 1054:Unknown column 'api' in 'where clause'
 [ SQL语句 ] : SELECT COUNT(*) AS tp_count FROM `goods` WHERE ( cat_id=api ) LIMIT 1  

[ 2017-09-23T10:20:51+08:00 ] ::1 /shop/index.php/Home/cat/cat/cat_id/api/cron.php-t=1452023217
ERR: 1054:Unknown column 'api' in 'where clause'
 [ SQL语句 ] : SELECT COUNT(*) AS tp_count FROM `goods` WHERE ( cat_id=api ) LIMIT 1  

[ 2017-09-23T10:22:31+08:00 ] ::1 /shop/index.php/Home/cat/cat/cat_id/api/cron.php-t=1452023217
ERR: 1054:Unknown column 'api' in 'where clause'
 [ SQL语句 ] : SELECT COUNT(*) AS tp_count FROM `goods` WHERE ( cat_id=api ) LIMIT 1  

[ 2017-09-23T10:29:37+08:00 ] ::1 /shop/index.php/Home/cat/cat/cat_id/api/cron.php-t=1452023217
ERR: 1054:Unknown column 'api' in 'where clause'
 [ SQL语句 ] : SELECT COUNT(*) AS tp_count FROM `goods` WHERE ( cat_id=api ) LIMIT 1  

[ 2017-09-23T10:35:59+08:00 ] ::1 /shop/index.php/Home/cat/cat/cat_id/api/cron.php-t=1452023217
ERR: 1054:Unknown column 'api' in 'where clause'
 [ SQL语句 ] : SELECT COUNT(*) AS tp_count FROM `goods` WHERE ( cat_id=api ) LIMIT 1  

[ 2017-09-23T10:36:26+08:00 ] ::1 /shop/index.php/Home/cat/cat/cat_id/api/cron.php-t=1452023217
ERR: 1054:Unknown column 'api' in 'where clause'
 [ SQL语句 ] : SELECT COUNT(*) AS tp_count FROM `goods` WHERE ( cat_id=api ) LIMIT 1  

[ 2017-09-23T10:40:18+08:00 ] ::1 /shop/index.php/Home/cat/cat/cat_id/api/cron.php-t=1452023217
ERR: 1054:Unknown column 'api' in 'where clause'
 [ SQL语句 ] : SELECT COUNT(*) AS tp_count FROM `goods` WHERE ( cat_id=api ) LIMIT 1  

[ 2017-09-23T10:40:34+08:00 ] ::1 /shop/index.php/Home/cat/cat/cat_id/api/cron.php-t=1452023217
ERR: 1054:Unknown column 'api' in 'where clause'
 [ SQL语句 ] : SELECT COUNT(*) AS tp_count FROM `goods` WHERE ( cat_id=api ) LIMIT 1  

[ 2017-09-23T10:40:34+08:00 ] ::1 /shop/index.php/Home/cat/cat/cat_id/api/cron.php-t=1452023217
ERR: 1054:Unknown column 'api' in 'where clause'
 [ SQL语句 ] : SELECT COUNT(*) AS tp_count FROM `goods` WHERE ( cat_id=api ) LIMIT 1  

[ 2017-09-23T10:40:55+08:00 ] ::1 /shop/index.php/Home/cat/cat/cat_id/api/cron.php-t=1452023217
ERR: 1054:Unknown column 'api' in 'where clause'
 [ SQL语句 ] : SELECT COUNT(*) AS tp_count FROM `goods` WHERE ( cat_id=api ) LIMIT 1  

[ 2017-09-23T10:44:04+08:00 ] ::1 /shop/index.php/Home/cat/cat/cat_id/api/cron.php-t=1452023217
ERR: 1054:Unknown column 'api' in 'where clause'
 [ SQL语句 ] : SELECT COUNT(*) AS tp_count FROM `goods` WHERE ( cat_id=api ) LIMIT 1  

[ 2017-09-23T10:44:20+08:00 ] ::1 /shop/index.php/Home/cat/cat/cat_id/api/cron.php-t=1452023217
ERR: 1054:Unknown column 'api' in 'where clause'
 [ SQL语句 ] : SELECT COUNT(*) AS tp_count FROM `goods` WHERE ( cat_id=api ) LIMIT 1  

[ 2017-09-23T10:46:12+08:00 ] ::1 /shop/index.php/Home/cat/cat/cat_id/api/cron.php-t=1452023217
ERR: 1054:Unknown column 'api' in 'where clause'
 [ SQL语句 ] : SELECT COUNT(*) AS tp_count FROM `goods` WHERE ( cat_id=api ) LIMIT 1  

[ 2017-09-23T10:47:36+08:00 ] ::1 /shop/index.php/Home/cat/cat/cat_id/api/cron.php-t=1452023217
ERR: 1054:Unknown column 'api' in 'where clause'
 [ SQL语句 ] : SELECT COUNT(*) AS tp_count FROM `goods` WHERE ( cat_id=api ) LIMIT 1  

[ 2017-09-23T10:47:36+08:00 ] ::1 /shop/index.php/Home/goods/goods/goods_id/19.html
ERR: Think\Controller:famliy方法不存在！

[ 2017-09-23T10:48:18+08:00 ] ::1 /shop/index.php/Home/cat/cat/cat_id/api/cron.php-t=1452023217
ERR: 1054:Unknown column 'api' in 'where clause'
 [ SQL语句 ] : SELECT COUNT(*) AS tp_count FROM `goods` WHERE ( cat_id=api ) LIMIT 1  

[ 2017-09-23T10:48:22+08:00 ] ::1 /shop/index.php/Home/cat/cat/cat_id/api/cron.php-t=1452023217
ERR: 1054:Unknown column 'api' in 'where clause'
 [ SQL语句 ] : SELECT COUNT(*) AS tp_count FROM `goods` WHERE ( cat_id=api ) LIMIT 1  

[ 2017-09-23T10:54:19+08:00 ] ::1 /shop/index.php/Home/cat/cat/cat_id/api/cron.php-t=1452023217
ERR: 1054:Unknown column 'api' in 'where clause'
 [ SQL语句 ] : SELECT COUNT(*) AS tp_count FROM `goods` WHERE ( cat_id=api ) LIMIT 1  

[ 2017-09-23T10:54:19+08:00 ] ::1 /shop/index.php/Home/cat/cat/cat_id/api/cron.php-t=1452023217
ERR: 1054:Unknown column 'api' in 'where clause'
 [ SQL语句 ] : SELECT COUNT(*) AS tp_count FROM `goods` WHERE ( cat_id=api ) LIMIT 1  

[ 2017-09-23T10:54:20+08:00 ] ::1 /shop/index.php/Home/cat/cat/cat_id/api/cron.php-t=1452023217
ERR: 1054:Unknown column 'api' in 'where clause'
 [ SQL语句 ] : SELECT COUNT(*) AS tp_count FROM `goods` WHERE ( cat_id=api ) LIMIT 1  

[ 2017-09-23T10:54:28+08:00 ] ::1 /shop/index.php/Home/cat/cat/cat_id/api/cron.php-t=1452023217
ERR: 1054:Unknown column 'api' in 'where clause'
 [ SQL语句 ] : SELECT COUNT(*) AS tp_count FROM `goods` WHERE ( cat_id=api ) LIMIT 1  

[ 2017-09-23T10:54:47+08:00 ] ::1 /shop/index.php/Home/cat/cat/cat_id/api/cron.php-t=1452023217
ERR: 1054:Unknown column 'api' in 'where clause'
 [ SQL语句 ] : SELECT COUNT(*) AS tp_count FROM `goods` WHERE ( cat_id=api ) LIMIT 1  

[ 2017-09-23T10:54:50+08:00 ] ::1 /shop/index.php/Home/cat/cat/cat_id/api/cron.php-t=1452023217
ERR: 1054:Unknown column 'api' in 'where clause'
 [ SQL语句 ] : SELECT COUNT(*) AS tp_count FROM `goods` WHERE ( cat_id=api ) LIMIT 1  

[ 2017-09-23T10:55:37+08:00 ] ::1 /shop/index.php/Home/cat/cat/cat_id/api/cron.php-t=1452023217
ERR: 1054:Unknown column 'api' in 'where clause'
 [ SQL语句 ] : SELECT COUNT(*) AS tp_count FROM `goods` WHERE ( cat_id=api ) LIMIT 1  

[ 2017-09-23T10:56:37+08:00 ] ::1 /shop/index.php/Home/cat/cat/cat_id/api/cron.php-t=1452023217
ERR: 1054:Unknown column 'api' in 'where clause'
 [ SQL语句 ] : SELECT COUNT(*) AS tp_count FROM `goods` WHERE ( cat_id=api ) LIMIT 1  

[ 2017-09-23T10:57:32+08:00 ] ::1 /shop/index.php/Home/goods/goods/goods_id/19.html
NOTIC: D方法实例化没找到模型类Amind\Model\CatModel

[ 2017-09-23T10:57:33+08:00 ] ::1 /shop/index.php/Home/goods/goods/goods_id/api/cron.php-t=1452023217
NOTIC: D方法实例化没找到模型类Amind\Model\CatModel

[ 2017-09-23T10:57:33+08:00 ] ::1 /shop/index.php/Home/goods/goods/goods_id/api/cron.php-t=1452023217
NOTIC: D方法实例化没找到模型类Amind\Model\CatModel

[ 2017-09-23T10:57:34+08:00 ] ::1 /shop/index.php/Home/goods/goods/goods_id/api/cron.php-t=1452023217
NOTIC: D方法实例化没找到模型类Amind\Model\CatModel

[ 2017-09-23T10:57:39+08:00 ] ::1 /shop/index.php/Home/cat/cat/cat_id/api/cron.php-t=1452023217
ERR: 1054:Unknown column 'api' in 'where clause'
 [ SQL语句 ] : SELECT COUNT(*) AS tp_count FROM `goods` WHERE ( cat_id=api ) LIMIT 1  

[ 2017-09-23T10:57:41+08:00 ] ::1 /shop/index.php/Home/goods/goods/goods_id/19.html
NOTIC: D方法实例化没找到模型类Amind\Model\CatModel

[ 2017-09-23T10:57:41+08:00 ] ::1 /shop/index.php/Home/goods/goods/goods_id/api/cron.php-t=1452023217
NOTIC: D方法实例化没找到模型类Amind\Model\CatModel

[ 2017-09-23T10:57:42+08:00 ] ::1 /shop/index.php/Home/goods/goods/goods_id/api/cron.php-t=1452023217
NOTIC: D方法实例化没找到模型类Amind\Model\CatModel

[ 2017-09-23T10:57:47+08:00 ] ::1 /shop/index.php/Home/goods/goods/goods_id/api/cron.php-t=1452023217
NOTIC: D方法实例化没找到模型类Amind\Model\CatModel

[ 2017-09-23T10:57:47+08:00 ] ::1 /shop/index.php/Home/goods/goods/goods_id/api/cron.php-t=1452023217
NOTIC: D方法实例化没找到模型类Amind\Model\CatModel

[ 2017-09-23T14:01:48+08:00 ] ::1 /shop/index.php/Home/cat/cat/cat_id/api/cron.php-t=1452023217
ERR: 1054:Unknown column 'api' in 'where clause'
 [ SQL语句 ] : SELECT COUNT(*) AS tp_count FROM `goods` WHERE ( cat_id=api ) LIMIT 1  

[ 2017-09-23T14:01:55+08:00 ] ::1 /shop/index.php/Home/goods/goods/goods_id/19.html
NOTIC: D方法实例化没找到模型类Amind\Model\CatModel

[ 2017-09-23T14:01:55+08:00 ] ::1 /shop/index.php/Home/goods/goods/goods_id/api/cron.php-t=1452023217
NOTIC: D方法实例化没找到模型类Amind\Model\CatModel

[ 2017-09-23T14:01:55+08:00 ] ::1 /shop/index.php/Home/goods/goods/goods_id/api/cron.php-t=1452023217
NOTIC: D方法实例化没找到模型类Amind\Model\CatModel

[ 2017-09-23T14:24:49+08:00 ] ::1 /shop/index.php/Home/cat/cat/cat_id/api/cron.php-t=1452023217
ERR: 1054:Unknown column 'api' in 'where clause'
 [ SQL语句 ] : SELECT COUNT(*) AS tp_count FROM `goods` WHERE ( cat_id=api ) LIMIT 1  

[ 2017-09-23T14:42:48+08:00 ] ::1 /shop/index.php/Home/cat/cat/cat_id/2.html
NOTIC: D方法实例化没找到模型类Goods\Model\FamliyModel
ERR: 1146:Table 'shop.famliy' doesn't exist
 [ SQL语句 ] : SHOW COLUMNS FROM `famliy`

[ 2017-09-23T14:42:48+08:00 ] ::1 /shop/index.php/Home/cat/cat/cat_id/api/cron.php-t=1452023217
ERR: 1054:Unknown column 'api' in 'where clause'
 [ SQL语句 ] : SELECT COUNT(*) AS tp_count FROM `goods` WHERE ( cat_id=api ) LIMIT 1  

[ 2017-09-23T14:43:19+08:00 ] ::1 /shop/index.php/Home/cat/cat/cat_id/2.html
NOTIC: D方法实例化没找到模型类Amind\Model\CatModel

[ 2017-09-23T14:43:19+08:00 ] ::1 /shop/index.php/Home/cat/cat/cat_id/api/cron.php-t=1452023217
ERR: 1054:Unknown column 'api' in 'where clause'
 [ SQL语句 ] : SELECT COUNT(*) AS tp_count FROM `goods` WHERE ( cat_id=api ) LIMIT 1  

[ 2017-09-23T14:48:40+08:00 ] ::1 /shop/index.php/Home/cat/cat/cat_id/2.html
ERR: Think\Controller:catfamliy方法不存在！

[ 2017-09-23T14:49:33+08:00 ] ::1 /shop/index.php/Home/cat/cat/cat_id/2.html
NOTIC: D方法实例化没找到模型类Amind\Model\CatModel

[ 2017-09-23T14:49:33+08:00 ] ::1 /shop/index.php/Home/cat/cat/cat_id/api/cron.php-t=1452023217
ERR: 1054:Unknown column 'api' in 'where clause'
 [ SQL语句 ] : SELECT COUNT(*) AS tp_count FROM `goods` WHERE ( cat_id=api ) LIMIT 1  

[ 2017-09-23T14:50:15+08:00 ] ::1 /shop/index.php/Home/cat/cat/cat_id/2.html
NOTIC: D方法实例化没找到模型类Amind\Model\CatModel

[ 2017-09-23T14:53:01+08:00 ] ::1 /shop/index.php/Home/cat/cat/cat_id/2.html
NOTIC: D方法实例化没找到模型类Amind\Model\CatModel

[ 2017-09-23T14:53:22+08:00 ] ::1 /shop/index.php/Home/cat/cat/cat_id/2.html
NOTIC: D方法实例化没找到模型类Amind\Model\CatModel

[ 2017-09-23T14:53:23+08:00 ] ::1 /shop/index.php/Home/cat/cat/cat_id/2.html
NOTIC: D方法实例化没找到模型类Amind\Model\CatModel

[ 2017-09-23T14:53:23+08:00 ] ::1 /shop/index.php/Home/cat/cat/cat_id/2.html
NOTIC: D方法实例化没找到模型类Amind\Model\CatModel

[ 2017-09-23T15:01:47+08:00 ] ::1 /shop/index.php/Home/cat/cat/cat_id/2.html
NOTIC: D方法实例化没找到模型类Amind\Model\CatModel

[ 2017-09-23T15:01:47+08:00 ] ::1 /shop/index.php/Home/cat/cat/cat_id/api/cron.php-t=1452023217
ERR: 1054:Unknown column 'api' in 'where clause'
 [ SQL语句 ] : SELECT COUNT(*) AS tp_count FROM `goods` WHERE ( cat_id=api ) LIMIT 1  

[ 2017-09-23T15:02:01+08:00 ] ::1 /shop/index.php/Home/cat/cat/cat_id/2.html
NOTIC: D方法实例化没找到模型类Amind\Model\CatModel

[ 2017-09-23T15:04:15+08:00 ] ::1 /shop/index.php/Home/cat/cat/cat_id/2.html
NOTIC: D方法实例化没找到模型类Amind\Model\CatModel

[ 2017-09-23T15:04:59+08:00 ] ::1 /shop/index.php/Home/cat/cat/cat_id/2.html
NOTIC: D方法实例化没找到模型类Amind\Model\CatModel
ERR: Think\Controller:catfamliy方法不存在！

[ 2017-09-23T15:05:35+08:00 ] ::1 /shop/index.php/Home/cat/cat/cat_id/2.html
ERR: Think\Controller:famliy方法不存在！

[ 2017-09-23T15:05:36+08:00 ] ::1 /shop/index.php/Home/cat/cat/cat_id/2.html
ERR: Think\Controller:famliy方法不存在！

[ 2017-09-23T15:05:36+08:00 ] ::1 /shop/index.php/Home/cat/cat/cat_id/2.html
ERR: Think\Controller:famliy方法不存在！

[ 2017-09-23T15:05:36+08:00 ] ::1 /shop/index.php/Home/cat/cat/cat_id/2.html
ERR: Think\Controller:famliy方法不存在！

[ 2017-09-23T15:05:36+08:00 ] ::1 /shop/index.php/Home/cat/cat/cat_id/2.html
ERR: Think\Controller:famliy方法不存在！

[ 2017-09-23T15:27:02+08:00 ] ::1 /shop/index.php/Home/cat/cat/cat_id/2.html
NOTIC: D方法实例化没找到模型类Amind\Model\CatModel

[ 2017-09-23T15:27:02+08:00 ] ::1 /shop/index.php/Home/cat/cat/cat_id/api/cron.php-t=1452023217
ERR: 1054:Unknown column 'api' in 'where clause'
 [ SQL语句 ] : SELECT COUNT(*) AS tp_count FROM `goods` WHERE ( cat_id=api ) LIMIT 1  

[ 2017-09-23T15:27:06+08:00 ] ::1 /shop/index.php/Home/cat/cat/cat_id/2.html
NOTIC: D方法实例化没找到模型类Amind\Model\CatModel

[ 2017-09-23T15:27:06+08:00 ] ::1 /shop/index.php/Home/cat/cat/cat_id/api/cron.php-t=1452023217
ERR: 1054:Unknown column 'api' in 'where clause'
 [ SQL语句 ] : SELECT COUNT(*) AS tp_count FROM `goods` WHERE ( cat_id=api ) LIMIT 1  

[ 2017-09-23T15:27:08+08:00 ] ::1 /shop/index.php/Home/cat/cat/cat_id/2.html
NOTIC: D方法实例化没找到模型类Amind\Model\CatModel

[ 2017-09-23T15:27:09+08:00 ] ::1 /shop/index.php/Home/cat/cat/cat_id/api/cron.php-t=1452023217
ERR: 1054:Unknown column 'api' in 'where clause'
 [ SQL语句 ] : SELECT COUNT(*) AS tp_count FROM `goods` WHERE ( cat_id=api ) LIMIT 1  

[ 2017-09-23T15:28:23+08:00 ] ::1 /shop/index.php/Home/cat/cat/cat_id/2.html
NOTIC: D方法实例化没找到模型类Amind\Model\CatModel

[ 2017-09-23T15:32:52+08:00 ] ::1 /shop/index.php/Home/cat/cat/cat_id/2.html
NOTIC: D方法实例化没找到模型类Amind\Model\CatModel

[ 2017-09-23T15:32:52+08:00 ] ::1 /shop/index.php/Home/cat/cat/cat_id/api/cron.php-t=1452023217
ERR: 1054:Unknown column 'api' in 'where clause'
 [ SQL语句 ] : SELECT COUNT(*) AS tp_count FROM `goods` WHERE ( cat_id=api ) LIMIT 1  

[ 2017-09-23T15:35:02+08:00 ] ::1 /shop/index.php/Home/cat/cat/cat_id/2.html
NOTIC: D方法实例化没找到模型类Amind\Model\CatModel

[ 2017-09-23T15:35:02+08:00 ] ::1 /shop/index.php/Home/cat/cat/cat_id/api/cron.php-t=1452023217
ERR: 1054:Unknown column 'api' in 'where clause'
 [ SQL语句 ] : SELECT COUNT(*) AS tp_count FROM `goods` WHERE ( cat_id=api ) LIMIT 1  

[ 2017-09-23T15:35:34+08:00 ] ::1 /shop/index.php/Home/cat/cat/cat_id/2.html
NOTIC: D方法实例化没找到模型类Amind\Model\CatModel

[ 2017-09-23T15:35:35+08:00 ] ::1 /shop/index.php/Home/cat/cat/cat_id/api/cron.php-t=1452023217
ERR: 1054:Unknown column 'api' in 'where clause'
 [ SQL语句 ] : SELECT COUNT(*) AS tp_count FROM `goods` WHERE ( cat_id=api ) LIMIT 1  

[ 2017-09-23T15:35:35+08:00 ] ::1 /shop/index.php/Home/cat/cat/cat_id/2.html
NOTIC: D方法实例化没找到模型类Amind\Model\CatModel

[ 2017-09-23T15:35:35+08:00 ] ::1 /shop/index.php/Home/cat/cat/cat_id/api/cron.php-t=1452023217
ERR: 1054:Unknown column 'api' in 'where clause'
 [ SQL语句 ] : SELECT COUNT(*) AS tp_count FROM `goods` WHERE ( cat_id=api ) LIMIT 1  

[ 2017-09-23T15:45:01+08:00 ] ::1 /shop/index.php/Home/cat/cat/cat_id/2.html
NOTIC: D方法实例化没找到模型类Amind\Model\CatModel

[ 2017-09-23T15:45:01+08:00 ] ::1 /shop/index.php/Home/cat/cat/cat_id/api/cron.php-t=1452023217
ERR: 1054:Unknown column 'api' in 'where clause'
 [ SQL语句 ] : SELECT COUNT(*) AS tp_count FROM `goods` WHERE ( cat_id=api ) LIMIT 1  

[ 2017-09-23T15:45:04+08:00 ] ::1 /shop/index.php/Home/goods/goods/goods_id/19.html
NOTIC: D方法实例化没找到模型类Amind\Model\CatModel

[ 2017-09-23T15:45:04+08:00 ] ::1 /shop/index.php/Home/goods/goods/goods_id/api/cron.php-t=1452023217
NOTIC: D方法实例化没找到模型类Amind\Model\CatModel

[ 2017-09-23T15:45:04+08:00 ] ::1 /shop/index.php/Home/goods/goods/goods_id/api/cron.php-t=1452023217
NOTIC: D方法实例化没找到模型类Amind\Model\CatModel

[ 2017-09-23T15:45:10+08:00 ] ::1 /shop/index.php/Home/cat/cat/cat_id/api/cron.php-t=1452023217
ERR: 1054:Unknown column 'api' in 'where clause'
 [ SQL语句 ] : SELECT COUNT(*) AS tp_count FROM `goods` WHERE ( cat_id=api ) LIMIT 1  

[ 2017-09-23T15:49:46+08:00 ] ::1 /shop/index.php/Home/cat/cat/cat_id/2.html
NOTIC: D方法实例化没找到模型类Amind\Model\CatModel

[ 2017-09-23T15:49:47+08:00 ] ::1 /shop/index.php/Home/cat/cat/cat_id/api/cron.php-t=1452023217
ERR: 1054:Unknown column 'api' in 'where clause'
 [ SQL语句 ] : SELECT COUNT(*) AS tp_count FROM `goods` WHERE ( cat_id=api ) LIMIT 1  

[ 2017-09-23T15:49:51+08:00 ] ::1 /shop/index.php/Home/goods/goods/goods_id/19.html
NOTIC: D方法实例化没找到模型类Amind\Model\CatModel

[ 2017-09-23T15:49:51+08:00 ] ::1 /shop/index.php/Home/goods/goods/goods_id/api/cron.php-t=1452023217
NOTIC: D方法实例化没找到模型类Amind\Model\CatModel

[ 2017-09-23T15:49:51+08:00 ] ::1 /shop/index.php/Home/goods/goods/goods_id/api/cron.php-t=1452023217
NOTIC: D方法实例化没找到模型类Amind\Model\CatModel

[ 2017-09-23T15:49:52+08:00 ] ::1 /shop/index.php/Home/cat/cat/cat_id/api/cron.php-t=1452023217
ERR: 1054:Unknown column 'api' in 'where clause'
 [ SQL语句 ] : SELECT COUNT(*) AS tp_count FROM `goods` WHERE ( cat_id=api ) LIMIT 1  

[ 2017-09-23T15:49:53+08:00 ] ::1 /shop/index.php/Home/goods/goods/goods_id/19.html
NOTIC: D方法实例化没找到模型类Amind\Model\CatModel

[ 2017-09-23T15:49:54+08:00 ] ::1 /shop/index.php/Home/goods/goods/goods_id/api/cron.php-t=1452023217
NOTIC: D方法实例化没找到模型类Amind\Model\CatModel

[ 2017-09-23T15:49:55+08:00 ] ::1 /shop/index.php/Home/cat/cat/cat_id/api/cron.php-t=1452023217
ERR: 1054:Unknown column 'api' in 'where clause'
 [ SQL语句 ] : SELECT COUNT(*) AS tp_count FROM `goods` WHERE ( cat_id=api ) LIMIT 1  

[ 2017-09-23T15:49:55+08:00 ] ::1 /shop/index.php/Home/goods/goods/goods_id/19.html
NOTIC: D方法实例化没找到模型类Amind\Model\CatModel

[ 2017-09-23T15:49:56+08:00 ] ::1 /shop/index.php/Home/goods/goods/goods_id/api/cron.php-t=1452023217
NOTIC: D方法实例化没找到模型类Amind\Model\CatModel

[ 2017-09-23T15:49:56+08:00 ] ::1 /shop/index.php/Home/goods/goods/goods_id/api/cron.php-t=1452023217
NOTIC: D方法实例化没找到模型类Amind\Model\CatModel

[ 2017-09-23T15:49:57+08:00 ] ::1 /shop/index.php/Home/cat/cat/cat_id/api/cron.php-t=1452023217
ERR: 1054:Unknown column 'api' in 'where clause'
 [ SQL语句 ] : SELECT COUNT(*) AS tp_count FROM `goods` WHERE ( cat_id=api ) LIMIT 1  

[ 2017-09-23T15:50:36+08:00 ] ::1 /shop/index.php/Home/cat/cat/cat_id/2.html
NOTIC: D方法实例化没找到模型类Amind\Model\CatModel

[ 2017-09-23T15:50:36+08:00 ] ::1 /shop/index.php/Home/cat/cat/cat_id/api/cron.php-t=1452023217
ERR: 1054:Unknown column 'api' in 'where clause'
 [ SQL语句 ] : SELECT COUNT(*) AS tp_count FROM `goods` WHERE ( cat_id=api ) LIMIT 1  

[ 2017-09-23T15:50:37+08:00 ] ::1 /shop/index.php/Home/goods/goods/goods_id/19.html
NOTIC: D方法实例化没找到模型类Amind\Model\CatModel

[ 2017-09-23T15:50:37+08:00 ] ::1 /shop/index.php/Home/goods/goods/goods_id/api/cron.php-t=1452023217
NOTIC: D方法实例化没找到模型类Amind\Model\CatModel

[ 2017-09-23T15:50:40+08:00 ] ::1 /shop/index.php/Home/cat/cat/cat_id/2.html
NOTIC: D方法实例化没找到模型类Amind\Model\CatModel

[ 2017-09-23T15:50:40+08:00 ] ::1 /shop/index.php/Home/cat/cat/cat_id/api/cron.php-t=1452023217
ERR: 1054:Unknown column 'api' in 'where clause'
 [ SQL语句 ] : SELECT COUNT(*) AS tp_count FROM `goods` WHERE ( cat_id=api ) LIMIT 1  

[ 2017-09-23T15:56:49+08:00 ] ::1 /shop/index.php/Home/user/api/cron.php-t=1452023217
ERR: 非法操作:api

[ 2017-09-23T16:00:47+08:00 ] ::1 /shop/index.php/Home/user/api/cron.php-t=1452023217
ERR: 非法操作:api

[ 2017-09-23T16:40:22+08:00 ] ::1 /shop/index.php/Home/user/api/cron.php-t=1452023217
ERR: 非法操作:api

[ 2017-09-23T16:40:28+08:00 ] ::1 /shop/index.php/Home/cat/cat/cat_id/2.html
NOTIC: D方法实例化没找到模型类Home\Model\FamliyModel
ERR: 1146:Table 'shop.famliy' doesn't exist
 [ SQL语句 ] : SHOW COLUMNS FROM `famliy`

[ 2017-09-23T16:41:21+08:00 ] ::1 /shop/index.php/Home/cat/cat/cat_id/2.html
NOTIC: D方法实例化没找到模型类Amind\Model\CatModel

[ 2017-09-23T16:41:21+08:00 ] ::1 /shop/index.php/Home/cat/cat/cat_id/api/cron.php-t=1452023217
ERR: 1054:Unknown column 'api' in 'where clause'
 [ SQL语句 ] : SELECT COUNT(*) AS tp_count FROM `goods` WHERE ( cat_id=api ) LIMIT 1  

[ 2017-09-23T16:42:31+08:00 ] ::1 /shop/index.php/home/user/
ERR: 非法操作:index

[ 2017-09-23T16:42:34+08:00 ] ::1 /shop/index.php/home/user/api/cron.php-t=1452023217
ERR: 非法操作:api

[ 2017-09-23T16:42:50+08:00 ] ::1 /shop/index.php/Home/user/api/cron.php-t=1452023217
ERR: 非法操作:api

[ 2017-09-23T16:56:08+08:00 ] ::1 /shop/index.php/Home/user/reg.html
ERR: Think\Controller:create方法不存在！

[ 2017-09-23T16:57:14+08:00 ] ::1 /shop/index.php/Home/user/reg.html
ERR: Think\Controller:create方法不存在！

[ 2017-09-23T17:00:30+08:00 ] ::1 /shop/index.php/home/user/api/cron.php-t=1452023217
ERR: 非法操作:api

[ 2017-09-23T17:06:32+08:00 ] ::1 /shop/index.php/Home/user/api/cron.php-t=1452023217
ERR: 非法操作:api

[ 2017-09-23T17:06:44+08:00 ] ::1 /shop/index.php/Home/user/api/cron.php-t=1452023217
ERR: 非法操作:api

[ 2017-09-23T17:07:43+08:00 ] ::1 /shop/index.php/Home/user/api/cron.php-t=1452023217
ERR: 非法操作:api

[ 2017-09-23T17:09:05+08:00 ] ::1 /shop/index.php/Home/user/reg.html
ERR: Think\Controller:yan方法不存在！

[ 2017-09-23T17:09:27+08:00 ] ::1 /shop/index.php/Home/user/api/cron.php-t=1452023217
ERR: 非法操作:api

[ 2017-09-23T17:09:32+08:00 ] ::1 /shop/index.php/Home/user/api/cron.php-t=1452023217
ERR: 非法操作:api

[ 2017-09-23T17:10:25+08:00 ] ::1 /shop/index.php/Home/user/api/cron.php-t=1452023217
ERR: 非法操作:api

[ 2017-09-23T17:10:27+08:00 ] ::1 /shop/index.php/Home/user/api/cron.php-t=1452023217
ERR: 非法操作:api

[ 2017-09-23T17:10:30+08:00 ] ::1 /shop/index.php/Home/user/api/cron.php-t=1452023217
ERR: 非法操作:api

[ 2017-09-23T17:11:17+08:00 ] ::1 /shop/index.php/Home/user/api/cron.php-t=1452023217
ERR: 非法操作:api

[ 2017-09-23T17:11:24+08:00 ] ::1 /shop/index.php/Home/user/api/cron.php-t=1452023217
ERR: 非法操作:api

[ 2017-09-23T17:11:44+08:00 ] ::1 /shop/index.php/Home/user/api/cron.php-t=1452023217
ERR: 非法操作:api

[ 2017-09-23T17:11:46+08:00 ] ::1 /shop/index.php/Home/user/api/cron.php-t=1452023217
ERR: 非法操作:api

[ 2017-09-23T17:12:05+08:00 ] ::1 /shop/index.php/Home/user/api/cron.php-t=1452023217
ERR: 非法操作:api

[ 2017-09-23T17:12:07+08:00 ] ::1 /shop/index.php/Home/user/api/cron.php-t=1452023217
ERR: 非法操作:api

[ 2017-09-23T17:12:10+08:00 ] ::1 /shop/index.php/Home/user/api/cron.php-t=1452023217
ERR: 非法操作:api

[ 2017-09-23T17:13:05+08:00 ] ::1 /shop/index.php/Home/user/api/cron.php-t=1452023217
ERR: 非法操作:api

[ 2017-09-23T17:13:08+08:00 ] ::1 /shop/index.php/Home/user/api/cron.php-t=1452023217
ERR: 非法操作:api

[ 2017-09-23T17:13:12+08:00 ] ::1 /shop/index.php/Home/user/api/cron.php-t=1452023217
ERR: 非法操作:api

[ 2017-09-23T19:30:36+08:00 ] ::1 /shop/index.php/Home/cat/cat/cat_id/2.html
NOTIC: D方法实例化没找到模型类Amind\Model\CatModel

[ 2017-09-23T19:30:37+08:00 ] ::1 /shop/index.php/Home/cat/cat/cat_id/api/cron.php-t=1452023217
ERR: 1054:Unknown column 'api' in 'where clause'
 [ SQL语句 ] : SELECT COUNT(*) AS tp_count FROM `goods` WHERE ( cat_id=api ) LIMIT 1  

[ 2017-09-23T19:33:16+08:00 ] ::1 /shop/index.php/home/user/api/cron.php-t=1452023217
ERR: 非法操作:api

[ 2017-09-23T19:33:19+08:00 ] ::1 /shop/index.php/Home/user/api/cron.php-t=1452023217
ERR: 非法操作:api

[ 2017-09-23T19:33:57+08:00 ] ::1 /shop/index.php/Home/user/api/cron.php-t=1452023217
ERR: 非法操作:api

[ 2017-09-23T19:33:59+08:00 ] ::1 /shop/index.php/Home/user/api/cron.php-t=1452023217
ERR: 非法操作:api

[ 2017-09-23T19:34:01+08:00 ] ::1 /shop/index.php/Home/user/api/cron.php-t=1452023217
ERR: 非法操作:api

[ 2017-09-23T19:34:04+08:00 ] ::1 /shop/index.php/Home/user/api/cron.php-t=1452023217
ERR: 非法操作:api

[ 2017-09-23T19:34:57+08:00 ] ::1 /shop/index.php/Home/user/api/cron.php-t=1452023217
ERR: 非法操作:api

[ 2017-09-23T19:35:01+08:00 ] ::1 /shop/index.php/Home/user/api/cron.php-t=1452023217
ERR: 非法操作:api

[ 2017-09-23T19:35:08+08:00 ] ::1 /shop/index.php/Home/user/api/cron.php-t=1452023217
ERR: 非法操作:api

[ 2017-09-23T19:39:12+08:00 ] ::1 /shop/index.php/Home/user/api/cron.php-t=1452023217
ERR: 非法操作:api

[ 2017-09-23T19:39:25+08:00 ] ::1 /shop/index.php/Home/user/api/cron.php-t=1452023217
ERR: 非法操作:api

[ 2017-09-23T19:40:03+08:00 ] ::1 /shop/index.php/Home/user/api/cron.php-t=1452023217
ERR: 非法操作:api

[ 2017-09-23T19:40:23+08:00 ] ::1 /shop/index.php/Home/user/api/cron.php-t=1452023217
ERR: 非法操作:api

[ 2017-09-23T19:40:37+08:00 ] ::1 /shop/index.php/Home/user/api/cron.php-t=1452023217
ERR: 非法操作:api

[ 2017-09-23T19:41:08+08:00 ] ::1 /shop/index.php/Home/user/api/cron.php-t=1452023217
ERR: 非法操作:api

[ 2017-09-23T19:41:18+08:00 ] ::1 /shop/index.php/Home/user/api/cron.php-t=1452023217
ERR: 非法操作:api

[ 2017-09-23T19:41:31+08:00 ] ::1 /shop/index.php/Home/user/api/cron.php-t=1452023217
ERR: 非法操作:api

[ 2017-09-23T19:42:07+08:00 ] ::1 /shop/index.php/Home/user/api/cron.php-t=1452023217
ERR: 非法操作:api

[ 2017-09-23T19:42:19+08:00 ] ::1 /shop/index.php/Home/user/api/cron.php-t=1452023217
ERR: 非法操作:api

[ 2017-09-23T20:07:31+08:00 ] ::1 /shop/index.php/Home/user/api/cron.php-t=1452023217
ERR: 非法操作:api

[ 2017-09-23T20:07:45+08:00 ] ::1 /shop/index.php/Home/user/api/cron.php-t=1452023217
ERR: 非法操作:api

[ 2017-09-23T20:07:57+08:00 ] ::1 /shop/index.php/Home/user/api/cron.php-t=1452023217
ERR: 非法操作:api

[ 2017-09-23T20:08:03+08:00 ] ::1 /shop/index.php/Home/user/reg.html
ERR: 1048:Column 'salt' cannot be null
 [ SQL语句 ] : INSERT INTO `user` (`username`,`email`,`password`,`salt`) VALUES ('123123','111@qq.com','96e79218965eb72c92a549dd5a330112',NULL)

[ 2017-09-23T20:10:49+08:00 ] ::1 /shop/index.php/Home/user/api/cron.php-t=1452023217
ERR: 非法操作:api

[ 2017-09-23T20:10:59+08:00 ] ::1 /shop/index.php/Home/user/api/cron.php-t=1452023217
ERR: 非法操作:api

[ 2017-09-23T20:13:39+08:00 ] ::1 /shop/index.php/Home/user/yzm.html
ERR: 非法操作:yzm

[ 2017-09-23T20:13:39+08:00 ] ::1 /shop/index.php/Home/user/api/cron.php-t=1452023217
ERR: 非法操作:api

[ 2017-09-23T20:24:22+08:00 ] ::1 /shop/index.php/Home/user/yzm.html
ERR: 非法操作:yzm

[ 2017-09-23T20:24:22+08:00 ] ::1 /shop/index.php/Home/user/api/cron.php-t=1452023217
ERR: 非法操作:api

[ 2017-09-23T20:24:23+08:00 ] ::1 /shop/index.php/Home/user/api/cron.php-t=1452023217
ERR: 非法操作:api

[ 2017-09-23T20:24:23+08:00 ] ::1 /shop/index.php/Home/user/yzm.html
ERR: 非法操作:yzm

[ 2017-09-23T20:24:23+08:00 ] ::1 /shop/index.php/Home/user/api/cron.php-t=1452023217
ERR: 非法操作:api

[ 2017-09-23T20:24:23+08:00 ] ::1 /shop/index.php/Home/user/yzm.html
ERR: 非法操作:yzm

[ 2017-09-23T20:24:42+08:00 ] ::1 /shop/index.php/Home/user/login
ERR: 1064:You have an error in your SQL syntax; check the manual that corresponds to your MySQL server version for the right syntax to use near ') LIMIT 1' at line 1
 [ SQL语句 ] : SELECT * FROM `user` WHERE ( username= ) LIMIT 1  

[ 2017-09-23T20:25:17+08:00 ] ::1 /shop/index.php/Home/user/api/cron.php-t=1452023217
ERR: 非法操作:api

[ 2017-09-23T20:25:17+08:00 ] ::1 /shop/index.php/Home/user/yzm.html
ERR: 非法操作:yzm

[ 2017-09-23T20:25:18+08:00 ] ::1 /shop/index.php/Home/user/login
ERR: 1054:Unknown column 'I' in 'where clause'
 [ SQL语句 ] : SELECT * FROM `user` WHERE ( username=I ) LIMIT 1  

[ 2017-09-23T20:25:41+08:00 ] ::1 /shop/index.php/Home/user/api/cron.php-t=1452023217
ERR: 非法操作:api

[ 2017-09-23T20:25:41+08:00 ] ::1 /shop/index.php/Home/user/yzm.html
ERR: 非法操作:yzm

[ 2017-09-23T20:25:43+08:00 ] ::1 /shop/index.php/Home/user/login
ERR: 1054:Unknown column 'I' in 'where clause'
 [ SQL语句 ] : SELECT * FROM `user` WHERE ( username=I ) LIMIT 1  

[ 2017-09-23T20:25:44+08:00 ] ::1 /shop/index.php/Home/user/api/cron.php-t=1452023217
ERR: 非法操作:api

[ 2017-09-23T20:25:44+08:00 ] ::1 /shop/index.php/Home/user/yzm.html
ERR: 非法操作:yzm

[ 2017-09-23T20:25:47+08:00 ] ::1 /shop/index.php/Home/user/login
ERR: 1054:Unknown column 'I' in 'where clause'
 [ SQL语句 ] : SELECT * FROM `user` WHERE ( username=I ) LIMIT 1  

[ 2017-09-23T20:26:06+08:00 ] ::1 /shop/index.php/Home/user/login
ERR: 1054:Unknown column 'I' in 'where clause'
 [ SQL语句 ] : SELECT * FROM `user` WHERE ( username=I ) LIMIT 1  

[ 2017-09-23T20:26:09+08:00 ] ::1 /shop/index.php/Home/user/api/cron.php-t=1452023217
ERR: 非法操作:api

[ 2017-09-23T20:26:09+08:00 ] ::1 /shop/index.php/Home/user/yzm.html
ERR: 非法操作:yzm

[ 2017-09-23T20:26:11+08:00 ] ::1 /shop/index.php/Home/user/login
ERR: 1054:Unknown column 'I' in 'where clause'
 [ SQL语句 ] : SELECT * FROM `user` WHERE ( username=I ) LIMIT 1  

[ 2017-09-23T20:29:05+08:00 ] ::1 /shop/index.php/Home/user/api/cron.php-t=1452023217
ERR: 非法操作:api

[ 2017-09-23T20:29:05+08:00 ] ::1 /shop/index.php/Home/user/yzm.html
ERR: 非法操作:yzm

[ 2017-09-23T20:29:09+08:00 ] ::1 /shop/index.php/Home/user/api/cron.php-t=1452023217
ERR: 非法操作:api

[ 2017-09-23T20:29:09+08:00 ] ::1 /shop/index.php/Home/user/yzm.html
ERR: 非法操作:yzm

[ 2017-09-23T20:29:15+08:00 ] ::1 /shop/index.php/Home/user/yzm.html
ERR: 非法操作:yzm

[ 2017-09-23T20:29:15+08:00 ] ::1 /shop/index.php/Home/user/api/cron.php-t=1452023217
ERR: 非法操作:api

[ 2017-09-23T20:30:07+08:00 ] ::1 /shop/index.php/Home/user/api/cron.php-t=1452023217
ERR: 非法操作:api

[ 2017-09-23T20:30:07+08:00 ] ::1 /shop/index.php/Home/user/yzm.html
ERR: 非法操作:yzm

[ 2017-09-23T20:30:29+08:00 ] ::1 /shop/index.php/Home/user/login
ERR: 1054:Unknown column 'ttt111' in 'where clause'
 [ SQL语句 ] : SELECT * FROM `user` WHERE ( username=ttt111 ) LIMIT 1  

[ 2017-09-23T20:31:39+08:00 ] ::1 /shop/index.php/Home/user/api/cron.php-t=1452023217
ERR: 非法操作:api

[ 2017-09-23T20:31:39+08:00 ] ::1 /shop/index.php/Home/user/yzm.html
ERR: 非法操作:yzm

[ 2017-09-23T20:31:41+08:00 ] ::1 /shop/index.php/Home/user/yzm.html
ERR: 非法操作:yzm

[ 2017-09-23T20:31:41+08:00 ] ::1 /shop/index.php/Home/user/api/cron.php-t=1452023217
ERR: 非法操作:api

[ 2017-09-23T20:31:42+08:00 ] ::1 /shop/index.php/Home/user/yzm.html
ERR: 非法操作:yzm

[ 2017-09-23T20:31:42+08:00 ] ::1 /shop/index.php/Home/user/api/cron.php-t=1452023217
ERR: 非法操作:api

[ 2017-09-23T20:31:45+08:00 ] ::1 /shop/index.php/Home/user/yzm.html
ERR: 非法操作:yzm

[ 2017-09-23T20:31:45+08:00 ] ::1 /shop/index.php/Home/user/api/cron.php-t=1452023217
ERR: 非法操作:api

[ 2017-09-23T20:32:48+08:00 ] ::1 /shop/index.php/Home/user/api/cron.php-t=1452023217
ERR: 非法操作:api

[ 2017-09-23T20:32:48+08:00 ] ::1 /shop/index.php/Home/user/yzm.html
ERR: 非法操作:yzm

[ 2017-09-23T20:32:57+08:00 ] ::1 /shop/index.php/Home/user/yzm.html
ERR: 非法操作:yzm

[ 2017-09-23T20:32:57+08:00 ] ::1 /shop/index.php/Home/user/api/cron.php-t=1452023217
ERR: 非法操作:api

[ 2017-09-23T20:32:57+08:00 ] ::1 /shop/index.php/Home/user/api/cron.php-t=1452023217
ERR: 非法操作:api

[ 2017-09-23T20:32:57+08:00 ] ::1 /shop/index.php/Home/user/yzm.html
ERR: 非法操作:yzm

[ 2017-09-23T20:34:35+08:00 ] ::1 /shop/index.php/Home/user/yzm.html
ERR: 非法操作:yzm

[ 2017-09-23T20:34:35+08:00 ] ::1 /shop/index.php/Home/user/api/cron.php-t=1452023217
ERR: 非法操作:api

[ 2017-09-23T20:34:35+08:00 ] ::1 /shop/index.php/Home/user/yzm.html
ERR: 非法操作:yzm

[ 2017-09-23T20:38:19+08:00 ] ::1 /shop/index.php/Home/user/yzm.html
ERR: 非法操作:yzm

[ 2017-09-23T20:38:19+08:00 ] ::1 /shop/index.php/Home/user/api/cron.php-t=1452023217
ERR: 非法操作:api

[ 2017-09-23T20:43:38+08:00 ] ::1 /shop/index.php/Home/user/yzm.html
ERR: 非法操作:yzm

[ 2017-09-23T20:43:38+08:00 ] ::1 /shop/index.php/Home/user/api/cron.php-t=1452023217
ERR: 非法操作:api

[ 2017-09-23T20:43:45+08:00 ] ::1 /shop/index.php/Home/user/yzm.html
ERR: 非法操作:yzm

[ 2017-09-23T20:43:45+08:00 ] ::1 /shop/index.php/Home/user/api/cron.php-t=1452023217
ERR: 非法操作:api

[ 2017-09-23T20:43:45+08:00 ] ::1 /shop/index.php/Home/user/yzm.html
ERR: 非法操作:yzm

[ 2017-09-23T20:43:45+08:00 ] ::1 /shop/index.php/Home/user/api/cron.php-t=1452023217
ERR: 非法操作:api

[ 2017-09-23T20:43:58+08:00 ] ::1 /shop/index.php/Home/user/yzm.html
ERR: 非法操作:yzm

[ 2017-09-23T20:43:58+08:00 ] ::1 /shop/index.php/Home/user/api/cron.php-t=1452023217
ERR: 非法操作:api

[ 2017-09-23T20:43:58+08:00 ] ::1 /shop/index.php/Home/user/api/cron.php-t=1452023217
ERR: 非法操作:api

[ 2017-09-23T20:43:58+08:00 ] ::1 /shop/index.php/Home/user/yzm.html
ERR: 非法操作:yzm

[ 2017-09-23T20:44:04+08:00 ] ::1 /shop/index.php/Home/user/api/cron.php-t=1452023217
ERR: 非法操作:api

[ 2017-09-23T20:44:04+08:00 ] ::1 /shop/index.php/Home/user/yzm.html
ERR: 非法操作:yzm

[ 2017-09-23T20:44:05+08:00 ] ::1 /shop/index.php/Home/user/yzm.html
ERR: 非法操作:yzm

[ 2017-09-23T20:44:05+08:00 ] ::1 /shop/index.php/Home/user/api/cron.php-t=1452023217
ERR: 非法操作:api

[ 2017-09-23T20:44:11+08:00 ] ::1 /shop/index.php/Home/user/api/cron.php-t=1452023217
ERR: 非法操作:api

[ 2017-09-23T20:44:25+08:00 ] ::1 /shop/index.php/Home/user/api/cron.php-t=1452023217
ERR: 非法操作:api

[ 2017-09-23T20:44:41+08:00 ] ::1 /shop/index.php/Home/user/api/cron.php-t=1452023217
ERR: 非法操作:api

[ 2017-09-23T20:44:41+08:00 ] ::1 /shop/index.php/Home/user/yzm.html
ERR: 非法操作:yzm

[ 2017-09-23T20:44:52+08:00 ] ::1 /shop/index.php/Home/user/yzm.html
ERR: 非法操作:yzm

[ 2017-09-23T20:44:52+08:00 ] ::1 /shop/index.php/Home/user/api/cron.php-t=1452023217
ERR: 非法操作:api

[ 2017-09-23T20:48:44+08:00 ] ::1 /shop/index.php/Home/user/yzm.html
ERR: 非法操作:yzm

[ 2017-09-23T20:48:44+08:00 ] ::1 /shop/index.php/Home/user/api/cron.php-t=1452023217
ERR: 非法操作:api

[ 2017-09-23T20:48:47+08:00 ] ::1 /shop/index.php/Home/user/yzm.html
ERR: 非法操作:yzm

[ 2017-09-23T20:48:47+08:00 ] ::1 /shop/index.php/Home/user/api/cron.php-t=1452023217
ERR: 非法操作:api

[ 2017-09-23T20:49:06+08:00 ] ::1 /shop/index.php/Home/user/api/cron.php-t=1452023217
ERR: 非法操作:api

[ 2017-09-23T20:49:06+08:00 ] ::1 /shop/index.php/Home/user/yzm.html
ERR: 非法操作:yzm

[ 2017-09-23T20:49:37+08:00 ] ::1 /shop/index.php/Home/user/yzm.html
ERR: 非法操作:yzm

[ 2017-09-23T20:49:37+08:00 ] ::1 /shop/index.php/home/user/api/cron.php-t=1452023217
ERR: 非法操作:api

[ 2017-09-23T20:49:45+08:00 ] ::1 /shop/index.php/Home/user/yzm.html
ERR: 非法操作:yzm

[ 2017-09-23T20:49:45+08:00 ] ::1 /shop/index.php/home/user/api/cron.php-t=1452023217
ERR: 非法操作:api

[ 2017-09-23T20:50:06+08:00 ] ::1 /shop/index.php/Home/user/yzm.html
ERR: 非法操作:yzm

[ 2017-09-23T20:50:06+08:00 ] ::1 /shop/index.php/home/user/api/cron.php-t=1452023217
ERR: 非法操作:api

[ 2017-09-23T20:50:07+08:00 ] ::1 /shop/index.php/home/user/api/cron.php-t=1452023217
ERR: 非法操作:api

[ 2017-09-23T20:50:07+08:00 ] ::1 /shop/index.php/Home/user/yzm.html
ERR: 非法操作:yzm

[ 2017-09-23T20:50:08+08:00 ] ::1 /shop/index.php/Home/user/yzm.html
ERR: 非法操作:yzm

[ 2017-09-23T20:50:08+08:00 ] ::1 /shop/index.php/home/user/api/cron.php-t=1452023217
ERR: 非法操作:api

[ 2017-09-23T22:17:53+08:00 ] ::1 /shop/index.php/Home/user/yzm.html
ERR: 非法操作:yzm

[ 2017-09-23T22:17:53+08:00 ] ::1 /shop/index.php/home/user/api/cron.php-t=1452023217
ERR: 非法操作:api

[ 2017-09-23T22:17:57+08:00 ] ::1 /shop/index.php/Home/user/yzm.html
ERR: 非法操作:yzm

[ 2017-09-23T22:17:57+08:00 ] ::1 /shop/index.php/home/user/api/cron.php-t=1452023217
ERR: 非法操作:api

[ 2017-09-23T22:17:58+08:00 ] ::1 /shop/index.php/home/user/api/cron.php-t=1452023217
ERR: 非法操作:api

[ 2017-09-23T22:17:58+08:00 ] ::1 /shop/index.php/Home/user/yzm.html
ERR: 非法操作:yzm

[ 2017-09-23T22:18:09+08:00 ] ::1 /shop/index.php/Home/user/yzm.html
ERR: 非法操作:yzm

[ 2017-09-23T22:18:09+08:00 ] ::1 /shop/index.php/home/user/api/cron.php-t=1452023217
ERR: 非法操作:api

[ 2017-09-23T22:18:11+08:00 ] ::1 /shop/index.php/home/user/api/cron.php-t=1452023217
ERR: 非法操作:api

[ 2017-09-23T22:18:11+08:00 ] ::1 /shop/index.php/Home/user/yzm.html
ERR: 非法操作:yzm

[ 2017-09-23T22:18:19+08:00 ] ::1 /shop/index.php/home/user/api/cron.php-t=1452023217
ERR: 非法操作:api

[ 2017-09-23T22:18:19+08:00 ] ::1 /shop/index.php/Home/user/yzm.html
ERR: 非法操作:yzm

[ 2017-09-23T22:18:25+08:00 ] ::1 /shop/index.php/home/user/api/cron.php-t=1452023217
ERR: 非法操作:api

[ 2017-09-23T22:18:25+08:00 ] ::1 /shop/index.php/Home/user/yzm.html
ERR: 非法操作:yzm

[ 2017-09-23T22:18:26+08:00 ] ::1 /shop/index.php/home/user/api/cron.php-t=1452023217
ERR: 非法操作:api

[ 2017-09-23T22:18:26+08:00 ] ::1 /shop/index.php/Home/user/yzm.html
ERR: 非法操作:yzm

[ 2017-09-23T22:18:26+08:00 ] ::1 /shop/index.php/Home/user/yzm.html
ERR: 非法操作:yzm

[ 2017-09-23T22:18:26+08:00 ] ::1 /shop/index.php/home/user/api/cron.php-t=1452023217
ERR: 非法操作:api

[ 2017-09-23T22:18:26+08:00 ] ::1 /shop/index.php/home/user/api/cron.php-t=1452023217
ERR: 非法操作:api

[ 2017-09-23T22:18:26+08:00 ] ::1 /shop/index.php/Home/user/yzm.html
ERR: 非法操作:yzm

[ 2017-09-23T22:18:26+08:00 ] ::1 /shop/index.php/home/user/api/cron.php-t=1452023217
ERR: 非法操作:api

[ 2017-09-23T22:18:26+08:00 ] ::1 /shop/index.php/Home/user/yzm.html
ERR: 非法操作:yzm

[ 2017-09-23T22:18:27+08:00 ] ::1 /shop/index.php/home/user/api/cron.php-t=1452023217
ERR: 非法操作:api

[ 2017-09-23T22:18:27+08:00 ] ::1 /shop/index.php/Home/user/yzm.html
ERR: 非法操作:yzm

[ 2017-09-23T22:18:28+08:00 ] ::1 /shop/index.php/Home/user/yzm.html
ERR: 非法操作:yzm

[ 2017-09-23T22:18:28+08:00 ] ::1 /shop/index.php/home/user/api/cron.php-t=1452023217
ERR: 非法操作:api

[ 2017-09-23T22:18:38+08:00 ] ::1 /shop/index.php/home/user/api/cron.php-t=1452023217
ERR: 非法操作:api

[ 2017-09-23T22:18:38+08:00 ] ::1 /shop/index.php/Home/user/yzm.html
ERR: 非法操作:yzm

[ 2017-09-23T22:18:47+08:00 ] ::1 /shop/index.php/Home/user/yzm.html
ERR: 非法操作:yzm

[ 2017-09-23T22:18:47+08:00 ] ::1 /shop/index.php/home/user/api/cron.php-t=1452023217
ERR: 非法操作:api

[ 2017-09-23T22:18:57+08:00 ] ::1 /shop/index.php/Home/user/yzm.html
ERR: 非法操作:yzm

[ 2017-09-23T22:18:57+08:00 ] ::1 /shop/index.php/home/user/api/cron.php-t=1452023217
ERR: 非法操作:api

[ 2017-09-23T22:49:20+08:00 ] ::1 /shop/index.php/home/user/api/cron.php-t=1452023217
ERR: 非法操作:api

[ 2017-09-23T22:50:16+08:00 ] ::1 /shop/index.php/home/user/api/cron.php-t=1452023217
ERR: 非法操作:api

[ 2017-09-23T22:50:27+08:00 ] ::1 /shop/index.php/home/user/api/cron.php-t=1452023217
ERR: 非法操作:api

[ 2017-09-23T22:50:36+08:00 ] ::1 /shop/index.php/home/user/api/cron.php-t=1452023217
ERR: 非法操作:api

[ 2017-09-23T22:51:44+08:00 ] ::1 /shop/index.php/home/user/api/cron.php-t=1452023217
ERR: 非法操作:api

[ 2017-09-23T22:51:44+08:00 ] ::1 /shop/index.php/home/user/api/cron.php-t=1452023217
ERR: 非法操作:api

[ 2017-09-23T22:51:50+08:00 ] ::1 /shop/index.php/home/user/api/cron.php-t=1452023217
ERR: 非法操作:api

[ 2017-09-23T22:51:51+08:00 ] ::1 /shop/index.php/home/user/api/cron.php-t=1452023217
ERR: 非法操作:api

[ 2017-09-23T22:52:02+08:00 ] ::1 /shop/index.php/home/user/api/cron.php-t=1452023217
ERR: 非法操作:api

[ 2017-09-23T22:52:47+08:00 ] ::1 /shop/index.php/home/user/api/cron.php-t=1452023217
ERR: 非法操作:api

[ 2017-09-23T22:52:48+08:00 ] ::1 /shop/index.php/home/user/api/cron.php-t=1452023217
ERR: 非法操作:api

[ 2017-09-23T22:52:58+08:00 ] ::1 /shop/index.php/home/user/api/cron.php-t=1452023217
ERR: 非法操作:api

[ 2017-09-23T22:52:58+08:00 ] ::1 /shop/index.php/home/user/api/cron.php-t=1452023217
ERR: 非法操作:api

[ 2017-09-23T22:53:12+08:00 ] ::1 /shop/index.php/home/user/api/cron.php-t=1452023217
ERR: 非法操作:api

[ 2017-09-23T22:53:12+08:00 ] ::1 /shop/index.php/home/user/api/cron.php-t=1452023217
ERR: 非法操作:api

[ 2017-09-23T22:53:13+08:00 ] ::1 /shop/index.php/home/user/api/cron.php-t=1452023217
ERR: 非法操作:api

[ 2017-09-23T22:53:14+08:00 ] ::1 /shop/index.php/home/user/api/cron.php-t=1452023217
ERR: 非法操作:api

[ 2017-09-23T22:53:15+08:00 ] ::1 /shop/index.php/home/user/api/cron.php-t=1452023217
ERR: 非法操作:api

[ 2017-09-23T22:53:16+08:00 ] ::1 /shop/index.php/home/user/api/cron.php-t=1452023217
ERR: 非法操作:api

[ 2017-09-23T22:53:26+08:00 ] ::1 /shop/index.php/home/user/api/cron.php-t=1452023217
ERR: 非法操作:api

[ 2017-09-23T22:53:26+08:00 ] ::1 /shop/index.php/home/user/api/cron.php-t=1452023217
ERR: 非法操作:api

[ 2017-09-23T22:53:40+08:00 ] ::1 /shop/index.php/home/user/api/cron.php-t=1452023217
ERR: 非法操作:api

[ 2017-09-23T22:53:48+08:00 ] ::1 /shop/index.php/home/user/api/cron.php-t=1452023217
ERR: 非法操作:api

[ 2017-09-23T22:53:50+08:00 ] ::1 /shop/index.php/home/user/api/cron.php-t=1452023217
ERR: 非法操作:api

[ 2017-09-23T22:53:51+08:00 ] ::1 /shop/index.php/home/user/api/cron.php-t=1452023217
ERR: 非法操作:api

[ 2017-09-23T22:53:52+08:00 ] ::1 /shop/index.php/home/user/api/cron.php-t=1452023217
ERR: 非法操作:api

[ 2017-09-23T22:54:03+08:00 ] ::1 /shop/index.php/home/user/api/cron.php-t=1452023217
ERR: 非法操作:api

[ 2017-09-23T22:54:06+08:00 ] ::1 /shop/index.php/home/user/api/cron.php-t=1452023217
ERR: 非法操作:api

[ 2017-09-23T22:54:07+08:00 ] ::1 /shop/index.php/home/user/api/cron.php-t=1452023217
ERR: 非法操作:api

[ 2017-09-23T22:54:15+08:00 ] ::1 /shop/index.php/home/user/api/cron.php-t=1452023217
ERR: 非法操作:api

[ 2017-09-23T22:54:24+08:00 ] ::1 /shop/index.php/home/user/api/cron.php-t=1452023217
ERR: 非法操作:api

[ 2017-09-23T22:54:37+08:00 ] ::1 /shop/index.php/home/user/api/cron.php-t=1452023217
ERR: 非法操作:api

[ 2017-09-23T22:56:04+08:00 ] ::1 /shop/index.php/home/user/api/cron.php-t=1452023217
ERR: 非法操作:api

[ 2017-09-23T22:56:43+08:00 ] ::1 /shop/index.php/home/user/api/cron.php-t=1452023217
ERR: 非法操作:api

[ 2017-09-23T22:56:53+08:00 ] ::1 /shop/index.php/home/user/api/cron.php-t=1452023217
ERR: 非法操作:api

[ 2017-09-23T22:56:53+08:00 ] ::1 /shop/index.php/home/user/api/cron.php-t=1452023217
ERR: 非法操作:api

[ 2017-09-23T22:56:58+08:00 ] ::1 /shop/index.php/home/user/api/cron.php-t=1452023217
ERR: 非法操作:api

[ 2017-09-23T22:57:02+08:00 ] ::1 /shop/index.php/home/user/api/cron.php-t=1452023217
ERR: 非法操作:api

[ 2017-09-23T22:57:28+08:00 ] ::1 /shop/index.php/home/user/api/cron.php-t=1452023217
ERR: 非法操作:api

[ 2017-09-23T22:57:30+08:00 ] ::1 /shop/index.php/home/user/api/cron.php-t=1452023217
ERR: 非法操作:api

