[ 2017-09-21T17:28:45+08:00 ] ::1 /shop/index.php/index
ERR: 无法加载模块:Index

[ 2017-09-21T21:14:32+08:00 ] ::1 /shop/index.php/api/cron.php-t=1452023217
ERR: 无法加载模块:Api

[ 2017-09-21T21:14:32+08:00 ] ::1 /shop/index.php/animated_favicon.gif
ERR: 无法加载模块:Animated_favicon

[ 2017-09-21T21:14:32+08:00 ] ::1 /shop/index.php/themes/68ecshop_hechafree/images/sdgg.gif
ERR: 无法加载模块:Themes

[ 2017-09-21T21:14:33+08:00 ] ::1 /shop/index.php/api/cron.php-t=1452023217
ERR: 无法加载模块:Api

[ 2017-09-21T21:14:33+08:00 ] ::1 /shop/index.php/favicon.ico
ERR: 无法加载模块:Favicon

[ 2017-09-21T21:14:33+08:00 ] ::1 /shop/index.php/themes/68ecshop_hechafree/images/sdgg.gif
ERR: 无法加载模块:Themes

[ 2017-09-21T21:17:53+08:00 ] ::1 /shop/index.php/api/cron.php-t=1452023217
ERR: 无法加载模块:Api

[ 2017-09-21T21:17:53+08:00 ] ::1 /shop/index.php/api/cron.php-t=1452023217
ERR: 无法加载模块:Api

[ 2017-09-21T21:17:53+08:00 ] ::1 /shop/index.php/themes/68ecshop_hechafree/images/sdgg.gif
ERR: 无法加载模块:Themes

[ 2017-09-21T21:20:18+08:00 ] ::1 /shop/index.php/api/cron.php-t=1452023217
ERR: 无法加载模块:Api

[ 2017-09-21T21:20:19+08:00 ] ::1 /shop/index.php/themes/68ecshop_hechafree/images/sdgg.gif
ERR: 无法加载模块:Themes

[ 2017-09-21T21:21:44+08:00 ] ::1 /shop/index.php/api/cron.php-t=1452023217
ERR: 无法加载模块:Api

[ 2017-09-21T21:21:44+08:00 ] ::1 /shop/index.php/themes/68ecshop_hechafree/images/sdgg.gif
ERR: 无法加载模块:Themes

[ 2017-09-21T21:21:45+08:00 ] ::1 /shop/index.php/api/cron.php-t=1452023217
ERR: 无法加载模块:Api

[ 2017-09-21T21:21:45+08:00 ] ::1 /shop/index.php/themes/68ecshop_hechafree/images/sdgg.gif
ERR: 无法加载模块:Themes

[ 2017-09-21T21:21:46+08:00 ] ::1 /shop/index.php/api/cron.php-t=1452023217
ERR: 无法加载模块:Api

[ 2017-09-21T21:21:46+08:00 ] ::1 /shop/index.php/themes/68ecshop_hechafree/images/sdgg.gif
ERR: 无法加载模块:Themes

[ 2017-09-21T21:21:47+08:00 ] ::1 /shop/index.php/api/cron.php-t=1452023217
ERR: 无法加载模块:Api

[ 2017-09-21T21:21:47+08:00 ] ::1 /shop/index.php/themes/68ecshop_hechafree/images/sdgg.gif
ERR: 无法加载模块:Themes

[ 2017-09-21T21:22:06+08:00 ] ::1 /shop/index.php/api/cron.php-t=1452023217
ERR: 无法加载模块:Api

[ 2017-09-21T21:22:06+08:00 ] ::1 /shop/index.php/themes/68ecshop_hechafree/images/sdgg.gif
ERR: 无法加载模块:Themes

[ 2017-09-21T21:22:06+08:00 ] ::1 /shop/index.php/api/cron.php-t=1452023217
ERR: 无法加载模块:Api

[ 2017-09-21T21:22:06+08:00 ] ::1 /shop/index.php/themes/68ecshop_hechafree/images/sdgg.gif
ERR: 无法加载模块:Themes

[ 2017-09-21T21:22:07+08:00 ] ::1 /shop/index.php/api/cron.php-t=1452023217
ERR: 无法加载模块:Api

[ 2017-09-21T21:22:07+08:00 ] ::1 /shop/index.php/themes/68ecshop_hechafree/images/sdgg.gif
ERR: 无法加载模块:Themes

[ 2017-09-21T21:22:07+08:00 ] ::1 /shop/index.php/api/cron.php-t=1452023217
ERR: 无法加载模块:Api

[ 2017-09-21T21:22:07+08:00 ] ::1 /shop/index.php/themes/68ecshop_hechafree/images/sdgg.gif
ERR: 无法加载模块:Themes

[ 2017-09-21T21:22:07+08:00 ] ::1 /shop/index.php/api/cron.php-t=1452023217
ERR: 无法加载模块:Api

[ 2017-09-21T21:22:07+08:00 ] ::1 /shop/index.php/themes/68ecshop_hechafree/images/sdgg.gif
ERR: 无法加载模块:Themes

[ 2017-09-21T21:23:58+08:00 ] ::1 /shop/index.php/api/cron.php-t=1452023217
ERR: 无法加载模块:Api

[ 2017-09-21T21:23:58+08:00 ] ::1 /shop/index.php/themes/68ecshop_hechafree/images/sdgg.gif
ERR: 无法加载模块:Themes

[ 2017-09-21T21:24:00+08:00 ] ::1 /shop/index.php/api/cron.php-t=1452023217
ERR: 无法加载模块:Api

[ 2017-09-21T21:24:00+08:00 ] ::1 /shop/index.php/themes/68ecshop_hechafree/images/sdgg.gif
ERR: 无法加载模块:Themes

[ 2017-09-21T21:25:43+08:00 ] ::1 /shop/index.php/api/cron.php-t=1452023217
ERR: 无法加载模块:Api

[ 2017-09-21T21:25:43+08:00 ] ::1 /shop/index.php/themes/68ecshop_hechafree/images/sdgg.gif
ERR: 无法加载模块:Themes

[ 2017-09-21T21:25:44+08:00 ] ::1 /shop/index.php/api/cron.php-t=1452023217
ERR: 无法加载模块:Api

[ 2017-09-21T21:25:44+08:00 ] ::1 /shop/index.php/themes/68ecshop_hechafree/images/sdgg.gif
ERR: 无法加载模块:Themes

[ 2017-09-21T21:26:11+08:00 ] ::1 /shop/index.php/api/cron.php-t=1452023217
ERR: 无法加载模块:Api

[ 2017-09-21T21:26:11+08:00 ] ::1 /shop/index.php/themes/68ecshop_hechafree/images/sdgg.gif
ERR: 无法加载模块:Themes

[ 2017-09-21T21:26:24+08:00 ] ::1 /shop/index.php/api/cron.php-t=1452023217
ERR: 无法加载模块:Api

[ 2017-09-21T21:26:24+08:00 ] ::1 /shop/index.php/themes/68ecshop_hechafree/images/sdgg.gif
ERR: 无法加载模块:Themes

[ 2017-09-21T21:26:24+08:00 ] ::1 /shop/index.php/api/cron.php-t=1452023217
ERR: 无法加载模块:Api

[ 2017-09-21T21:26:24+08:00 ] ::1 /shop/index.php/themes/68ecshop_hechafree/images/sdgg.gif
ERR: 无法加载模块:Themes

[ 2017-09-21T21:26:25+08:00 ] ::1 /shop/index.php/api/cron.php-t=1452023217
ERR: 无法加载模块:Api

[ 2017-09-21T21:26:25+08:00 ] ::1 /shop/index.php/themes/68ecshop_hechafree/images/sdgg.gif
ERR: 无法加载模块:Themes

[ 2017-09-21T21:26:25+08:00 ] ::1 /shop/index.php/api/cron.php-t=1452023217
ERR: 无法加载模块:Api

[ 2017-09-21T21:26:25+08:00 ] ::1 /shop/index.php/themes/68ecshop_hechafree/images/sdgg.gif
ERR: 无法加载模块:Themes

[ 2017-09-21T21:27:06+08:00 ] ::1 /shop/index.php/api/cron.php-t=1452023217
ERR: 无法加载模块:Api

[ 2017-09-21T21:27:07+08:00 ] ::1 /shop/index.php/themes/68ecshop_hechafree/images/sdgg.gif
ERR: 无法加载模块:Themes

[ 2017-09-21T21:27:07+08:00 ] ::1 /shop/index.php/api/cron.php-t=1452023217
ERR: 无法加载模块:Api

[ 2017-09-21T21:27:07+08:00 ] ::1 /shop/index.php/themes/68ecshop_hechafree/images/sdgg.gif
ERR: 无法加载模块:Themes

[ 2017-09-21T21:28:08+08:00 ] ::1 /shop/index.php/api/cron.php-t=1452023217
ERR: 无法加载模块:Api

[ 2017-09-21T21:28:08+08:00 ] ::1 /shop/index.php/api/cron.php-t=1452023217
ERR: 无法加载模块:Api

[ 2017-09-21T21:28:08+08:00 ] ::1 /shop/index.php/themes/68ecshop_hechafree/images/sdgg.gif
ERR: 无法加载模块:Themes

[ 2017-09-21T21:28:09+08:00 ] ::1 /shop/index.php/api/cron.php-t=1452023217
ERR: 无法加载模块:Api

[ 2017-09-21T21:28:09+08:00 ] ::1 /shop/index.php/api/cron.php-t=1452023217
ERR: 无法加载模块:Api

[ 2017-09-21T21:28:09+08:00 ] ::1 /shop/index.php/themes/68ecshop_hechafree/images/sdgg.gif
ERR: 无法加载模块:Themes

[ 2017-09-21T21:29:31+08:00 ] ::1 /shop/index.php/api/cron.php-t=1452023217
ERR: 无法加载模块:Api

[ 2017-09-21T21:29:32+08:00 ] ::1 /shop/index.php/api/cron.php-t=1452023217
ERR: 无法加载模块:Api

[ 2017-09-21T21:29:32+08:00 ] ::1 /shop/index.php/themes/68ecshop_hechafree/images/sdgg.gif
ERR: 无法加载模块:Themes

[ 2017-09-21T21:29:32+08:00 ] ::1 /shop/index.php/api/cron.php-t=1452023217
ERR: 无法加载模块:Api

[ 2017-09-21T21:29:32+08:00 ] ::1 /shop/index.php/api/cron.php-t=1452023217
ERR: 无法加载模块:Api

[ 2017-09-21T21:29:32+08:00 ] ::1 /shop/index.php/themes/68ecshop_hechafree/images/sdgg.gif
ERR: 无法加载模块:Themes

[ 2017-09-21T21:31:10+08:00 ] ::1 /shop/index.php/api/cron.php-t=1452023217
ERR: 无法加载模块:Api

[ 2017-09-21T21:31:10+08:00 ] ::1 /shop/index.php/api/cron.php-t=1452023217
ERR: 无法加载模块:Api

[ 2017-09-21T21:31:10+08:00 ] ::1 /shop/index.php/themes/68ecshop_hechafree/images/sdgg.gif
ERR: 无法加载模块:Themes

[ 2017-09-21T21:31:25+08:00 ] ::1 /shop/index.php/api/cron.php-t=1452023217
ERR: 无法加载模块:Api

[ 2017-09-21T21:31:26+08:00 ] ::1 /shop/index.php/themes/68ecshop_hechafree/images/sdgg.gif
ERR: 无法加载模块:Themes

[ 2017-09-21T21:31:29+08:00 ] ::1 /shop/index.php/favicon.ico
ERR: 无法加载模块:Favicon

[ 2017-09-21T21:31:43+08:00 ] ::1 /shop/index.php/api/cron.php-t=1452023217
ERR: 无法加载模块:Api

[ 2017-09-21T21:31:43+08:00 ] ::1 /shop/index.php/api/cron.php-t=1452023217
ERR: 无法加载模块:Api

[ 2017-09-21T21:31:43+08:00 ] ::1 /shop/index.php/themes/68ecshop_hechafree/images/sdgg.gif
ERR: 无法加载模块:Themes

[ 2017-09-21T21:32:55+08:00 ] ::1 /shop/index.php/api/cron.php-t=1452023217
ERR: 无法加载模块:Api

[ 2017-09-21T21:32:55+08:00 ] ::1 /shop/index.php/api/cron.php-t=1452023217
ERR: 无法加载模块:Api

[ 2017-09-21T21:32:55+08:00 ] ::1 /shop/index.php/themes/68ecshop_hechafree/images/sdgg.gif
ERR: 无法加载模块:Themes

[ 2017-09-21T21:32:56+08:00 ] ::1 /shop/index.php/api/cron.php-t=1452023217
ERR: 无法加载模块:Api

[ 2017-09-21T21:32:56+08:00 ] ::1 /shop/index.php/themes/68ecshop_hechafree/images/sdgg.gif
ERR: 无法加载模块:Themes

[ 2017-09-21T21:32:56+08:00 ] ::1 /shop/index.php/api/cron.php-t=1452023217
ERR: 无法加载模块:Api

[ 2017-09-21T21:32:57+08:00 ] ::1 /shop/index.php/api/cron.php-t=1452023217
ERR: 无法加载模块:Api

[ 2017-09-21T21:32:57+08:00 ] ::1 /shop/index.php/api/cron.php-t=1452023217
ERR: 无法加载模块:Api

[ 2017-09-21T21:32:57+08:00 ] ::1 /shop/index.php/themes/68ecshop_hechafree/images/sdgg.gif
ERR: 无法加载模块:Themes

[ 2017-09-21T21:34:36+08:00 ] ::1 /shop/index.php/api/cron.php-t=1452023217
ERR: 无法加载模块:Api

[ 2017-09-21T21:34:36+08:00 ] ::1 /shop/index.php/themes/68ecshop_hechafree/images/sdgg.gif
ERR: 无法加载模块:Themes

[ 2017-09-21T21:38:48+08:00 ] ::1 /shop/index.php/api/cron.php-t=1452023217
ERR: 无法加载模块:Api

[ 2017-09-21T21:38:48+08:00 ] ::1 /shop/index.php/api/cron.php-t=1452023217
ERR: 无法加载模块:Api

[ 2017-09-21T21:38:48+08:00 ] ::1 /shop/index.php/themes/68ecshop_hechafree/images/sdgg.gif
ERR: 无法加载模块:Themes

[ 2017-09-21T21:38:49+08:00 ] ::1 /shop/index.php/api/cron.php-t=1452023217
ERR: 无法加载模块:Api

[ 2017-09-21T21:38:49+08:00 ] ::1 /shop/index.php/api/cron.php-t=1452023217
ERR: 无法加载模块:Api

[ 2017-09-21T21:38:49+08:00 ] ::1 /shop/index.php/themes/68ecshop_hechafree/images/sdgg.gif
ERR: 无法加载模块:Themes

[ 2017-09-21T21:41:25+08:00 ] ::1 /shop/index.php/api/cron.php-t=1452023217
ERR: 无法加载模块:Api

[ 2017-09-21T21:41:26+08:00 ] ::1 /shop/index.php/api/cron.php-t=1452023217
ERR: 无法加载模块:Api

[ 2017-09-21T21:41:26+08:00 ] ::1 /shop/index.php/themes/68ecshop_hechafree/images/sdgg.gif
ERR: 无法加载模块:Themes

[ 2017-09-21T21:41:26+08:00 ] ::1 /shop/index.php/api/cron.php-t=1452023217
ERR: 无法加载模块:Api

[ 2017-09-21T21:41:27+08:00 ] ::1 /shop/index.php/api/cron.php-t=1452023217
ERR: 无法加载模块:Api

[ 2017-09-21T21:41:27+08:00 ] ::1 /shop/index.php/themes/68ecshop_hechafree/images/sdgg.gif
ERR: 无法加载模块:Themes

[ 2017-09-21T21:42:06+08:00 ] ::1 /shop/index.php/api/cron.php-t=1452023217
ERR: 无法加载模块:Api

[ 2017-09-21T21:42:07+08:00 ] ::1 /shop/index.php/api/cron.php-t=1452023217
ERR: 无法加载模块:Api

[ 2017-09-21T21:42:07+08:00 ] ::1 /shop/index.php/themes/68ecshop_hechafree/images/sdgg.gif
ERR: 无法加载模块:Themes

[ 2017-09-21T21:43:11+08:00 ] ::1 /shop/index.php/api/cron.php-t=1452023217
ERR: 无法加载模块:Api

[ 2017-09-21T21:43:11+08:00 ] ::1 /shop/index.php/api/cron.php-t=1452023217
ERR: 无法加载模块:Api

[ 2017-09-21T21:43:11+08:00 ] ::1 /shop/index.php/themes/68ecshop_hechafree/images/sdgg.gif
ERR: 无法加载模块:Themes

[ 2017-09-21T21:43:12+08:00 ] ::1 /shop/index.php/api/cron.php-t=1452023217
ERR: 无法加载模块:Api

[ 2017-09-21T21:43:12+08:00 ] ::1 /shop/index.php/api/cron.php-t=1452023217
ERR: 无法加载模块:Api

[ 2017-09-21T21:43:12+08:00 ] ::1 /shop/index.php/themes/68ecshop_hechafree/images/sdgg.gif
ERR: 无法加载模块:Themes

[ 2017-09-21T21:43:29+08:00 ] ::1 /shop/index.php/favicon.ico
ERR: 无法加载模块:Favicon

[ 2017-09-21T21:43:29+08:00 ] ::1 /shop/index.php/api/cron.php-t=1452023217
ERR: 无法加载模块:Api

[ 2017-09-21T21:43:29+08:00 ] ::1 /shop/index.php/themes/68ecshop_hechafree/images/sdgg.gif
ERR: 无法加载模块:Themes

[ 2017-09-21T21:43:49+08:00 ] ::1 /shop/index.php/api/cron.php-t=1452023217
ERR: 无法加载模块:Api

[ 2017-09-21T21:43:49+08:00 ] ::1 /shop/index.php/api/cron.php-t=1452023217
ERR: 无法加载模块:Api

[ 2017-09-21T21:43:49+08:00 ] ::1 /shop/index.php/themes/68ecshop_hechafree/images/sdgg.gif
ERR: 无法加载模块:Themes

[ 2017-09-21T21:44:21+08:00 ] ::1 /shop/index.php/api/cron.php-t=1452023217
ERR: 无法加载模块:Api

[ 2017-09-21T21:44:21+08:00 ] ::1 /shop/index.php/api/cron.php-t=1452023217
ERR: 无法加载模块:Api

[ 2017-09-21T21:44:21+08:00 ] ::1 /shop/index.php/themes/68ecshop_hechafree/images/sdgg.gif
ERR: 无法加载模块:Themes

[ 2017-09-21T21:45:19+08:00 ] ::1 /shop/index.php/api/cron.php-t=1452023217
ERR: 无法加载模块:Api

[ 2017-09-21T21:45:19+08:00 ] ::1 /shop/index.php/api/cron.php-t=1452023217
ERR: 无法加载模块:Api

[ 2017-09-21T21:45:19+08:00 ] ::1 /shop/index.php/themes/68ecshop_hechafree/images/sdgg.gif
ERR: 无法加载模块:Themes

[ 2017-09-21T21:45:28+08:00 ] ::1 /shop/index.php/api/cron.php-t=1452023217
ERR: 无法加载模块:Api

[ 2017-09-21T21:45:29+08:00 ] ::1 /shop/index.php/api/cron.php-t=1452023217
ERR: 无法加载模块:Api

[ 2017-09-21T21:45:29+08:00 ] ::1 /shop/index.php/themes/68ecshop_hechafree/images/sdgg.gif
ERR: 无法加载模块:Themes

