[ 2017-09-22T19:02:22+08:00 ] ::1 /shop/index.php/api/cron.php-t=1452023217
ERR: 无法加载模块:Api

[ 2017-09-22T19:02:22+08:00 ] ::1 /shop/index.php/animated_favicon.gif
ERR: 无法加载模块:Animated_favicon

[ 2017-09-22T19:02:22+08:00 ] ::1 /shop/index.php/themes/68ecshop_hechafree/images/sdgg.gif
ERR: 无法加载模块:Themes

[ 2017-09-22T19:02:26+08:00 ] ::1 /shop/index.php/api/cron.php-t=1452023217
ERR: 无法加载模块:Api

[ 2017-09-22T19:02:26+08:00 ] ::1 /shop/index.php/favicon.ico
ERR: 无法加载模块:Favicon

[ 2017-09-22T19:02:26+08:00 ] ::1 /shop/index.php/themes/68ecshop_hechafree/images/sdgg.gif
ERR: 无法加载模块:Themes

[ 2017-09-22T19:02:31+08:00 ] ::1 /shop/index.php/api/cron.php-t=1452023217
ERR: 无法加载模块:Api

[ 2017-09-22T19:02:31+08:00 ] ::1 /shop/index.php/themes/68ecshop_hechafree/images/sdgg.gif
ERR: 无法加载模块:Themes

[ 2017-09-22T20:19:02+08:00 ] ::1 /shop/index.php/api/cron.php-t=1452023217
ERR: 无法加载模块:Api

[ 2017-09-22T20:19:02+08:00 ] ::1 /shop/index.php/themes/68ecshop_hechafree/images/sdgg.gif
ERR: 无法加载模块:Themes

[ 2017-09-22T20:19:04+08:00 ] ::1 /shop/index.php/api/cron.php-t=1452023217
ERR: 无法加载模块:Api

[ 2017-09-22T20:19:04+08:00 ] ::1 /shop/index.php/themes/68ecshop_hechafree/images/sdgg.gif
ERR: 无法加载模块:Themes

[ 2017-09-22T20:19:05+08:00 ] ::1 /shop/index.php/api/cron.php-t=1452023217
ERR: 无法加载模块:Api

[ 2017-09-22T20:19:05+08:00 ] ::1 /shop/index.php/themes/68ecshop_hechafree/images/sdgg.gif
ERR: 无法加载模块:Themes

[ 2017-09-22T20:19:08+08:00 ] ::1 /shop/index.php/api/cron.php-t=1452023217
ERR: 无法加载模块:Api

[ 2017-09-22T20:19:08+08:00 ] ::1 /shop/index.php/themes/68ecshop_hechafree/images/sdgg.gif
ERR: 无法加载模块:Themes

[ 2017-09-22T20:20:54+08:00 ] ::1 /shop/index.php/api/cron.php-t=1452023217
ERR: 无法加载模块:Api

[ 2017-09-22T20:20:54+08:00 ] ::1 /shop/index.php/themes/68ecshop_hechafree/images/sdgg.gif
ERR: 无法加载模块:Themes

[ 2017-09-22T20:20:56+08:00 ] ::1 /shop/index.php/api/cron.php-t=1452023217
ERR: 无法加载模块:Api

[ 2017-09-22T20:20:56+08:00 ] ::1 /shop/index.php/themes/68ecshop_hechafree/images/sdgg.gif
ERR: 无法加载模块:Themes

[ 2017-09-22T20:20:58+08:00 ] ::1 /shop/index.php/api/cron.php-t=1452023217
ERR: 无法加载模块:Api

[ 2017-09-22T20:20:58+08:00 ] ::1 /shop/index.php/themes/68ecshop_hechafree/images/sdgg.gif
ERR: 无法加载模块:Themes

[ 2017-09-22T20:20:59+08:00 ] ::1 /shop/index.php/api/cron.php-t=1452023217
ERR: 无法加载模块:Api

[ 2017-09-22T20:20:59+08:00 ] ::1 /shop/index.php/api/cron.php-t=1452023217
ERR: 无法加载模块:Api

[ 2017-09-22T20:20:59+08:00 ] ::1 /shop/index.php/themes/68ecshop_hechafree/images/sdgg.gif
ERR: 无法加载模块:Themes

[ 2017-09-22T20:21:00+08:00 ] ::1 /shop/index.php/api/cron.php-t=1452023217
ERR: 无法加载模块:Api

[ 2017-09-22T20:21:00+08:00 ] ::1 /shop/index.php/themes/68ecshop_hechafree/images/sdgg.gif
ERR: 无法加载模块:Themes

[ 2017-09-22T20:21:13+08:00 ] ::1 /shop/index.php/api/cron.php-t=1452023217
ERR: 无法加载模块:Api

[ 2017-09-22T20:21:14+08:00 ] ::1 /shop/index.php/themes/68ecshop_hechafree/images/sdgg.gif
ERR: 无法加载模块:Themes

