[ 2017-09-26T13:00:33+08:00 ] ::1 /shop/api/cron.php-t=1452023217
ERR: 无法加载模块:Api

[ 2017-09-26T13:00:33+08:00 ] ::1 /shop/api/cron.php-t=1452023217
ERR: 无法加载模块:Api

[ 2017-09-26T13:00:33+08:00 ] ::1 /shop/themes/68ecshop_hechafree/images/sdgg.gif
ERR: 无法加载模块:Themes

[ 2017-09-26T13:00:49+08:00 ] ::1 /shop/api/cron.php-t=1452023217
ERR: 无法加载模块:Api

[ 2017-09-26T13:00:50+08:00 ] ::1 /shop/api/cron.php-t=1452023217
ERR: 无法加载模块:Api

[ 2017-09-26T13:00:50+08:00 ] ::1 /shop/themes/68ecshop_hechafree/images/sdgg.gif
ERR: 无法加载模块:Themes

[ 2017-09-26T13:02:46+08:00 ] ::1 /shop/api/cron.php-t=1452023217
ERR: 无法加载模块:Api

[ 2017-09-26T13:02:46+08:00 ] ::1 /shop/api/cron.php-t=1452023217
ERR: 无法加载模块:Api

[ 2017-09-26T13:02:46+08:00 ] ::1 /shop/themes/68ecshop_hechafree/images/sdgg.gif
ERR: 无法加载模块:Themes

[ 2017-09-26T13:03:31+08:00 ] ::1 /shop/api/cron.php-t=1452023217
ERR: 无法加载模块:Api

[ 2017-09-26T13:03:31+08:00 ] ::1 /shop/api/cron.php-t=1452023217
ERR: 无法加载模块:Api

[ 2017-09-26T13:03:31+08:00 ] ::1 /shop/themes/68ecshop_hechafree/images/sdgg.gif
ERR: 无法加载模块:Themes

[ 2017-09-26T13:03:41+08:00 ] ::1 /shop/api/cron.php-t=1452023217
ERR: 无法加载模块:Api

[ 2017-09-26T13:03:41+08:00 ] ::1 /shop/api/cron.php-t=1452023217
ERR: 无法加载模块:Api

[ 2017-09-26T13:03:41+08:00 ] ::1 /shop/themes/68ecshop_hechafree/images/sdgg.gif
ERR: 无法加载模块:Themes

[ 2017-09-26T14:52:53+08:00 ] ::1 /shop/index.php/api/cron.php-t=1452023217
ERR: 无法加载模块:Api

[ 2017-09-26T14:52:53+08:00 ] ::1 /shop/index.php/themes/68ecshop_hechafree/images/sdgg.gif
ERR: 无法加载模块:Themes

[ 2017-09-26T14:52:53+08:00 ] ::1 /shop/index.php/animated_favicon.gif
ERR: 无法加载模块:Animated_favicon

[ 2017-09-26T14:53:55+08:00 ] ::1 /shop/index.php/api/cron.php-t=1452023217
ERR: 无法加载模块:Api

[ 2017-09-26T14:53:55+08:00 ] ::1 /shop/index.php/themes/68ecshop_hechafree/images/sdgg.gif
ERR: 无法加载模块:Themes

[ 2017-09-26T14:53:55+08:00 ] ::1 /shop/index.php/api/cron.php-t=1452023217
ERR: 无法加载模块:Api

[ 2017-09-26T14:53:55+08:00 ] ::1 /shop/index.php/favicon.ico
ERR: 无法加载模块:Favicon

[ 2017-09-26T14:54:07+08:00 ] ::1 /shop/api/cron.php-t=1452023217
ERR: 无法加载模块:Api

[ 2017-09-26T14:54:07+08:00 ] ::1 /shop/themes/68ecshop_hechafree/images/sdgg.gif
ERR: 无法加载模块:Themes

[ 2017-09-26T14:54:13+08:00 ] ::1 /shop/flow.php.htm
ERR: 无法加载模块:Flow.php

[ 2017-09-26T14:54:16+08:00 ] ::1 /shop/api/cron.php-t=1452023217
ERR: 无法加载模块:Api

[ 2017-09-26T14:54:16+08:00 ] ::1 /shop/api/cron.php-t=1452023217
ERR: 无法加载模块:Api

[ 2017-09-26T14:54:16+08:00 ] ::1 /shop/themes/68ecshop_hechafree/images/sdgg.gif
ERR: 无法加载模块:Themes

[ 2017-09-26T14:54:32+08:00 ] ::1 /shop/flow.php.htm
ERR: 无法加载模块:Flow.php

[ 2017-09-26T14:54:34+08:00 ] ::1 /shop/api/cron.php-t=1452023217
ERR: 无法加载模块:Api

[ 2017-09-26T14:54:34+08:00 ] ::1 /shop/themes/68ecshop_hechafree/images/sdgg.gif
ERR: 无法加载模块:Themes

[ 2017-09-26T14:54:46+08:00 ] ::1 /shop/index.php/api/cron.php-t=1452023217
ERR: 无法加载模块:Api

[ 2017-09-26T14:54:46+08:00 ] ::1 /shop/index.php/themes/68ecshop_hechafree/images/sdgg.gif
ERR: 无法加载模块:Themes

[ 2017-09-26T14:55:06+08:00 ] ::1 /shop/index.php/api/cron.php-t=1452023217
ERR: 无法加载模块:Api

[ 2017-09-26T14:55:06+08:00 ] ::1 /shop/index.php/themes/68ecshop_hechafree/images/sdgg.gif
ERR: 无法加载模块:Themes

[ 2017-09-26T15:22:00+08:00 ] ::1 /shop/api/cron.php-t=1452023217
ERR: 无法加载模块:Api

[ 2017-09-26T15:22:00+08:00 ] ::1 /shop/themes/68ecshop_hechafree/images/sdgg.gif
ERR: 无法加载模块:Themes

[ 2017-09-26T15:49:28+08:00 ] ::1 /shop/api/cron.php-t=1452023217
ERR: 无法加载模块:Api

[ 2017-09-26T15:49:28+08:00 ] ::1 /shop/themes/68ecshop_hechafree/images/sdgg.gif
ERR: 无法加载模块:Themes

[ 2017-09-26T16:23:11+08:00 ] ::1 /shop/api/cron.php-t=1452023217
ERR: 无法加载模块:Api

[ 2017-09-26T16:23:11+08:00 ] ::1 /shop/api/cron.php-t=1452023217
ERR: 无法加载模块:Api

[ 2017-09-26T16:23:11+08:00 ] ::1 /shop/themes/68ecshop_hechafree/images/sdgg.gif
ERR: 无法加载模块:Themes

[ 2017-09-26T17:41:31+08:00 ] ::1 /shop/api/cron.php-t=1452023217
ERR: 无法加载模块:Api

[ 2017-09-26T17:41:31+08:00 ] ::1 /shop/themes/68ecshop_hechafree/images/sdgg.gif
ERR: 无法加载模块:Themes

[ 2017-09-26T20:10:13+08:00 ] ::1 /shop/api/cron.php-t=1452023217
ERR: 无法加载模块:Api

[ 2017-09-26T20:10:13+08:00 ] ::1 /shop/themes/68ecshop_hechafree/images/sdgg.gif
ERR: 无法加载模块:Themes

[ 2017-09-26T20:10:13+08:00 ] ::1 /shop/animated_favicon.gif
ERR: 无法加载模块:Animated_favicon

[ 2017-09-26T20:10:53+08:00 ] ::1 /shop/api/cron.php-t=1452023217
ERR: 无法加载模块:Api

[ 2017-09-26T20:10:53+08:00 ] ::1 /shop/favicon.ico
ERR: 无法加载模块:Favicon

[ 2017-09-26T20:10:53+08:00 ] ::1 /shop/themes/68ecshop_hechafree/images/sdgg.gif
ERR: 无法加载模块:Themes

[ 2017-09-26T20:10:53+08:00 ] ::1 /shop/api/cron.php-t=1452023217
ERR: 无法加载模块:Api

[ 2017-09-26T20:12:06+08:00 ] ::1 /shop/api/cron.php-t=1452023217
ERR: 无法加载模块:Api

[ 2017-09-26T20:12:06+08:00 ] ::1 /shop/themes/68ecshop_hechafree/images/sdgg.gif
ERR: 无法加载模块:Themes

[ 2017-09-26T20:15:17+08:00 ] ::1 /shop/api/cron.php-t=1452023217
ERR: 无法加载模块:Api

[ 2017-09-26T20:15:17+08:00 ] ::1 /shop/themes/68ecshop_hechafree/images/sdgg.gif
ERR: 无法加载模块:Themes

[ 2017-09-26T20:15:34+08:00 ] ::1 /shop/api/cron.php-t=1452023217
ERR: 无法加载模块:Api

[ 2017-09-26T20:15:34+08:00 ] ::1 /shop/themes/68ecshop_hechafree/images/sdgg.gif
ERR: 无法加载模块:Themes

[ 2017-09-26T20:15:51+08:00 ] ::1 /shop/api/cron.php-t=1452023217
ERR: 无法加载模块:Api

[ 2017-09-26T20:15:51+08:00 ] ::1 /shop/themes/68ecshop_hechafree/images/sdgg.gif
ERR: 无法加载模块:Themes

[ 2017-09-26T20:17:29+08:00 ] ::1 /shop/api/cron.php-t=1452023217
ERR: 无法加载模块:Api

[ 2017-09-26T20:17:29+08:00 ] ::1 /shop/themes/68ecshop_hechafree/images/sdgg.gif
ERR: 无法加载模块:Themes

[ 2017-09-26T20:25:27+08:00 ] ::1 /shop/api/cron.php-t=1452023217
ERR: 无法加载模块:Api

[ 2017-09-26T20:25:27+08:00 ] ::1 /shop/themes/68ecshop_hechafree/images/sdgg.gif
ERR: 无法加载模块:Themes

[ 2017-09-26T20:26:35+08:00 ] ::1 /shop/api/cron.php-t=1452023217
ERR: 无法加载模块:Api

[ 2017-09-26T20:26:35+08:00 ] ::1 /shop/api/cron.php-t=1452023217
ERR: 无法加载模块:Api

[ 2017-09-26T20:26:35+08:00 ] ::1 /shop/themes/68ecshop_hechafree/images/sdgg.gif
ERR: 无法加载模块:Themes

[ 2017-09-26T20:26:53+08:00 ] ::1 /shop/api/cron.php-t=1452023217
ERR: 无法加载模块:Api

[ 2017-09-26T20:26:54+08:00 ] ::1 /shop/api/cron.php-t=1452023217
ERR: 无法加载模块:Api

[ 2017-09-26T20:26:54+08:00 ] ::1 /shop/themes/68ecshop_hechafree/images/sdgg.gif
ERR: 无法加载模块:Themes

[ 2017-09-26T20:28:18+08:00 ] ::1 /shop/api/cron.php-t=1452023217
ERR: 无法加载模块:Api

[ 2017-09-26T20:28:18+08:00 ] ::1 /shop/api/cron.php-t=1452023217
ERR: 无法加载模块:Api

[ 2017-09-26T20:28:18+08:00 ] ::1 /shop/themes/68ecshop_hechafree/images/sdgg.gif
ERR: 无法加载模块:Themes

[ 2017-09-26T20:31:02+08:00 ] ::1 /shop/api/cron.php-t=1452023217
ERR: 无法加载模块:Api

[ 2017-09-26T20:31:02+08:00 ] ::1 /shop/api/cron.php-t=1452023217
ERR: 无法加载模块:Api

[ 2017-09-26T20:31:02+08:00 ] ::1 /shop/themes/68ecshop_hechafree/images/sdgg.gif
ERR: 无法加载模块:Themes

[ 2017-09-26T20:31:22+08:00 ] ::1 /shop/api/cron.php-t=1452023217
ERR: 无法加载模块:Api

[ 2017-09-26T20:31:23+08:00 ] ::1 /shop/themes/68ecshop_hechafree/images/sdgg.gif
ERR: 无法加载模块:Themes

[ 2017-09-26T20:32:21+08:00 ] ::1 /shop/api/cron.php-t=1452023217
ERR: 无法加载模块:Api

[ 2017-09-26T20:32:22+08:00 ] ::1 /shop/api/cron.php-t=1452023217
ERR: 无法加载模块:Api

[ 2017-09-26T20:32:22+08:00 ] ::1 /shop/themes/68ecshop_hechafree/images/sdgg.gif
ERR: 无法加载模块:Themes

[ 2017-09-26T20:35:14+08:00 ] ::1 /shop/api/cron.php-t=1452023217
ERR: 无法加载模块:Api

[ 2017-09-26T20:35:14+08:00 ] ::1 /shop/themes/68ecshop_hechafree/images/sdgg.gif
ERR: 无法加载模块:Themes

[ 2017-09-26T20:43:25+08:00 ] ::1 /shop/api/cron.php-t=1452023217
ERR: 无法加载模块:Api

[ 2017-09-26T20:43:25+08:00 ] ::1 /shop/themes/68ecshop_hechafree/images/sdgg.gif
ERR: 无法加载模块:Themes

