[ 2017-09-27T10:33:10+08:00 ] ::1 /shop/api/cron.php-t=1452023217
ERR: 无法加载模块:Api

[ 2017-09-27T10:33:10+08:00 ] ::1 /shop/themes/68ecshop_hechafree/images/sdgg.gif
ERR: 无法加载模块:Themes

[ 2017-09-27T10:33:10+08:00 ] ::1 /shop/animated_favicon.gif
ERR: 无法加载模块:Animated_favicon

[ 2017-09-27T10:33:33+08:00 ] ::1 /shop/api/cron.php-t=1452023217
ERR: 无法加载模块:Api

[ 2017-09-27T10:33:33+08:00 ] ::1 /shop/themes/68ecshop_hechafree/images/sdgg.gif
ERR: 无法加载模块:Themes

[ 2017-09-27T10:33:33+08:00 ] ::1 /shop/favicon.ico
ERR: 无法加载模块:Favicon

[ 2017-09-27T10:35:57+08:00 ] ::1 /shop/api/cron.php-t=1452023217
ERR: 无法加载模块:Api

[ 2017-09-27T10:35:57+08:00 ] ::1 /shop/themes/68ecshop_hechafree/images/sdgg.gif
ERR: 无法加载模块:Themes

[ 2017-09-27T10:37:47+08:00 ] ::1 /shop/api/cron.php-t=1452023217
ERR: 无法加载模块:Api

[ 2017-09-27T10:37:47+08:00 ] ::1 /shop/api/cron.php-t=1452023217
ERR: 无法加载模块:Api

[ 2017-09-27T10:37:47+08:00 ] ::1 /shop/themes/68ecshop_hechafree/images/sdgg.gif
ERR: 无法加载模块:Themes

[ 2017-09-27T10:37:48+08:00 ] ::1 /shop/api/cron.php-t=1452023217
ERR: 无法加载模块:Api

[ 2017-09-27T10:37:48+08:00 ] ::1 /shop/themes/68ecshop_hechafree/images/sdgg.gif
ERR: 无法加载模块:Themes

[ 2017-09-27T10:37:48+08:00 ] ::1 /shop/api/cron.php-t=1452023217
ERR: 无法加载模块:Api

[ 2017-09-27T10:37:49+08:00 ] ::1 /shop/api/cron.php-t=1452023217
ERR: 无法加载模块:Api

[ 2017-09-27T10:37:49+08:00 ] ::1 /shop/themes/68ecshop_hechafree/images/sdgg.gif
ERR: 无法加载模块:Themes

[ 2017-09-27T10:37:49+08:00 ] ::1 /shop/api/cron.php-t=1452023217
ERR: 无法加载模块:Api

[ 2017-09-27T10:37:49+08:00 ] ::1 /shop/api/cron.php-t=1452023217
ERR: 无法加载模块:Api

[ 2017-09-27T10:37:49+08:00 ] ::1 /shop/themes/68ecshop_hechafree/images/sdgg.gif
ERR: 无法加载模块:Themes

[ 2017-09-27T10:41:29+08:00 ] ::1 /shop/api/cron.php-t=1452023217
ERR: 无法加载模块:Api

[ 2017-09-27T10:41:29+08:00 ] ::1 /shop/themes/68ecshop_hechafree/images/sdgg.gif
ERR: 无法加载模块:Themes

[ 2017-09-27T10:41:39+08:00 ] ::1 /shop/api/cron.php-t=1452023217
ERR: 无法加载模块:Api

[ 2017-09-27T10:41:39+08:00 ] ::1 /shop/themes/68ecshop_hechafree/images/sdgg.gif
ERR: 无法加载模块:Themes

[ 2017-09-27T10:41:45+08:00 ] ::1 /shop/api/cron.php-t=1452023217
ERR: 无法加载模块:Api

[ 2017-09-27T10:41:45+08:00 ] ::1 /shop/themes/68ecshop_hechafree/images/sdgg.gif
ERR: 无法加载模块:Themes

[ 2017-09-27T10:42:11+08:00 ] ::1 /shop/api/cron.php-t=1452023217
ERR: 无法加载模块:Api

[ 2017-09-27T10:42:11+08:00 ] ::1 /shop/themes/68ecshop_hechafree/images/sdgg.gif
ERR: 无法加载模块:Themes

[ 2017-09-27T10:42:50+08:00 ] ::1 /shop/api/cron.php-t=1452023217
ERR: 无法加载模块:Api

[ 2017-09-27T10:42:50+08:00 ] ::1 /shop/themes/68ecshop_hechafree/images/sdgg.gif
ERR: 无法加载模块:Themes

[ 2017-09-27T10:42:52+08:00 ] ::1 /shop/api/cron.php-t=1452023217
ERR: 无法加载模块:Api

[ 2017-09-27T10:42:52+08:00 ] ::1 /shop/themes/68ecshop_hechafree/images/sdgg.gif
ERR: 无法加载模块:Themes

[ 2017-09-27T10:42:53+08:00 ] ::1 /shop/api/cron.php-t=1452023217
ERR: 无法加载模块:Api

[ 2017-09-27T10:42:53+08:00 ] ::1 /shop/themes/68ecshop_hechafree/images/sdgg.gif
ERR: 无法加载模块:Themes

[ 2017-09-27T10:44:03+08:00 ] ::1 /shop/api/cron.php-t=1452023217
ERR: 无法加载模块:Api

[ 2017-09-27T10:44:03+08:00 ] ::1 /shop/themes/68ecshop_hechafree/images/sdgg.gif
ERR: 无法加载模块:Themes

[ 2017-09-27T10:44:04+08:00 ] ::1 /shop/api/cron.php-t=1452023217
ERR: 无法加载模块:Api

[ 2017-09-27T10:44:04+08:00 ] ::1 /shop/themes/68ecshop_hechafree/images/sdgg.gif
ERR: 无法加载模块:Themes

[ 2017-09-27T10:44:17+08:00 ] ::1 /shop/api/cron.php-t=1452023217
ERR: 无法加载模块:Api

[ 2017-09-27T10:44:18+08:00 ] ::1 /shop/themes/68ecshop_hechafree/images/sdgg.gif
ERR: 无法加载模块:Themes

[ 2017-09-27T10:47:10+08:00 ] ::1 /shop/api/cron.php-t=1452023217
ERR: 无法加载模块:Api

[ 2017-09-27T10:47:10+08:00 ] ::1 /shop/themes/68ecshop_hechafree/images/sdgg.gif
ERR: 无法加载模块:Themes

[ 2017-09-27T10:53:24+08:00 ] ::1 /shop/index.phpadmin/good/goodslist
ERR: 无法加载模块:Index.phpadmin

[ 2017-09-27T11:25:48+08:00 ] ::1 /shop/index.php/api/cron.php-t=1452023217
ERR: 无法加载模块:Api

[ 2017-09-27T11:25:48+08:00 ] ::1 /shop/index.php/themes/68ecshop_hechafree/images/sdgg.gif
ERR: 无法加载模块:Themes

[ 2017-09-27T11:25:48+08:00 ] ::1 /shop/index.php/animated_favicon.gif
ERR: 无法加载模块:Animated_favicon

[ 2017-09-27T11:27:05+08:00 ] ::1 /shop/index.php/api/cron.php-t=1452023217
ERR: 无法加载模块:Api

[ 2017-09-27T11:27:05+08:00 ] ::1 /shop/index.php/api/cron.php-t=1452023217
ERR: 无法加载模块:Api

[ 2017-09-27T11:27:05+08:00 ] ::1 /shop/index.php/themes/68ecshop_hechafree/images/sdgg.gif
ERR: 无法加载模块:Themes

[ 2017-09-27T11:27:05+08:00 ] ::1 /shop/index.php/favicon.ico
ERR: 无法加载模块:Favicon

[ 2017-09-27T11:27:07+08:00 ] ::1 /shop/index.php/api/cron.php-t=1452023217
ERR: 无法加载模块:Api

[ 2017-09-27T11:27:07+08:00 ] ::1 /shop/index.php/themes/68ecshop_hechafree/images/sdgg.gif
ERR: 无法加载模块:Themes

[ 2017-09-27T11:27:08+08:00 ] ::1 /shop/index.php/api/cron.php-t=1452023217
ERR: 无法加载模块:Api

[ 2017-09-27T11:27:08+08:00 ] ::1 /shop/index.php/themes/68ecshop_hechafree/images/sdgg.gif
ERR: 无法加载模块:Themes

[ 2017-09-27T11:27:09+08:00 ] ::1 /shop/index.php/api/cron.php-t=1452023217
ERR: 无法加载模块:Api

[ 2017-09-27T11:27:09+08:00 ] ::1 /shop/index.php/themes/68ecshop_hechafree/images/sdgg.gif
ERR: 无法加载模块:Themes

[ 2017-09-27T11:27:11+08:00 ] ::1 /shop/index.php/api/cron.php-t=1452023217
ERR: 无法加载模块:Api

[ 2017-09-27T11:27:11+08:00 ] ::1 /shop/index.php/themes/68ecshop_hechafree/images/sdgg.gif
ERR: 无法加载模块:Themes

[ 2017-09-27T11:27:12+08:00 ] ::1 /shop/index.php/api/cron.php-t=1452023217
ERR: 无法加载模块:Api

[ 2017-09-27T11:27:12+08:00 ] ::1 /shop/index.php/themes/68ecshop_hechafree/images/sdgg.gif
ERR: 无法加载模块:Themes

[ 2017-09-27T11:27:15+08:00 ] ::1 /shop/index.php/api/cron.php-t=1452023217
ERR: 无法加载模块:Api

[ 2017-09-27T11:27:15+08:00 ] ::1 /shop/index.php/api/cron.php-t=1452023217
ERR: 无法加载模块:Api

[ 2017-09-27T11:27:15+08:00 ] ::1 /shop/index.php/themes/68ecshop_hechafree/images/sdgg.gif
ERR: 无法加载模块:Themes

[ 2017-09-27T11:27:26+08:00 ] ::1 /shop/index.php/api/cron.php-t=1452023217
ERR: 无法加载模块:Api

[ 2017-09-27T11:27:26+08:00 ] ::1 /shop/index.php/api/cron.php-t=1452023217
ERR: 无法加载模块:Api

[ 2017-09-27T11:27:26+08:00 ] ::1 /shop/index.php/themes/68ecshop_hechafree/images/sdgg.gif
ERR: 无法加载模块:Themes

[ 2017-09-27T11:27:28+08:00 ] ::1 /shop/index.php/api/cron.php-t=1452023217
ERR: 无法加载模块:Api

[ 2017-09-27T11:27:28+08:00 ] ::1 /shop/index.php/themes/68ecshop_hechafree/images/sdgg.gif
ERR: 无法加载模块:Themes

[ 2017-09-27T11:27:29+08:00 ] ::1 /shop/index.php/api/cron.php-t=1452023217
ERR: 无法加载模块:Api

[ 2017-09-27T11:27:29+08:00 ] ::1 /shop/index.php/themes/68ecshop_hechafree/images/sdgg.gif
ERR: 无法加载模块:Themes

[ 2017-09-27T11:27:30+08:00 ] ::1 /shop/index.php/api/cron.php-t=1452023217
ERR: 无法加载模块:Api

[ 2017-09-27T11:27:30+08:00 ] ::1 /shop/index.php/themes/68ecshop_hechafree/images/sdgg.gif
ERR: 无法加载模块:Themes

[ 2017-09-27T11:27:31+08:00 ] ::1 /shop/index.php/api/cron.php-t=1452023217
ERR: 无法加载模块:Api

[ 2017-09-27T11:27:31+08:00 ] ::1 /shop/index.php/themes/68ecshop_hechafree/images/sdgg.gif
ERR: 无法加载模块:Themes

[ 2017-09-27T11:27:33+08:00 ] ::1 /shop/index.php/api/cron.php-t=1452023217
ERR: 无法加载模块:Api

[ 2017-09-27T11:27:33+08:00 ] ::1 /shop/index.php/themes/68ecshop_hechafree/images/sdgg.gif
ERR: 无法加载模块:Themes

[ 2017-09-27T11:27:34+08:00 ] ::1 /shop/index.php/api/cron.php-t=1452023217
ERR: 无法加载模块:Api

[ 2017-09-27T11:27:34+08:00 ] ::1 /shop/index.php/themes/68ecshop_hechafree/images/sdgg.gif
ERR: 无法加载模块:Themes

[ 2017-09-27T11:28:58+08:00 ] ::1 /shop/index.php/api/cron.php-t=1452023217
ERR: 无法加载模块:Api

[ 2017-09-27T11:28:58+08:00 ] ::1 /shop/index.php/api/cron.php-t=1452023217
ERR: 无法加载模块:Api

[ 2017-09-27T11:28:58+08:00 ] ::1 /shop/index.php/themes/68ecshop_hechafree/images/sdgg.gif
ERR: 无法加载模块:Themes

[ 2017-09-27T11:29:03+08:00 ] ::1 /shop/index.php/api/cron.php-t=1452023217
ERR: 无法加载模块:Api

[ 2017-09-27T11:29:03+08:00 ] ::1 /shop/index.php/themes/68ecshop_hechafree/images/sdgg.gif
ERR: 无法加载模块:Themes

[ 2017-09-27T11:29:05+08:00 ] ::1 /shop/index.php/api/cron.php-t=1452023217
ERR: 无法加载模块:Api

[ 2017-09-27T11:29:05+08:00 ] ::1 /shop/index.php/themes/68ecshop_hechafree/images/sdgg.gif
ERR: 无法加载模块:Themes

[ 2017-09-27T11:29:07+08:00 ] ::1 /shop/index.php/api/cron.php-t=1452023217
ERR: 无法加载模块:Api

[ 2017-09-27T11:29:07+08:00 ] ::1 /shop/index.php/themes/68ecshop_hechafree/images/sdgg.gif
ERR: 无法加载模块:Themes

[ 2017-09-27T11:29:08+08:00 ] ::1 /shop/index.php/api/cron.php-t=1452023217
ERR: 无法加载模块:Api

[ 2017-09-27T11:29:08+08:00 ] ::1 /shop/index.php/themes/68ecshop_hechafree/images/sdgg.gif
ERR: 无法加载模块:Themes

[ 2017-09-27T11:29:09+08:00 ] ::1 /shop/index.php/api/cron.php-t=1452023217
ERR: 无法加载模块:Api

[ 2017-09-27T11:29:09+08:00 ] ::1 /shop/index.php/themes/68ecshop_hechafree/images/sdgg.gif
ERR: 无法加载模块:Themes

[ 2017-09-27T11:29:10+08:00 ] ::1 /shop/index.php/api/cron.php-t=1452023217
ERR: 无法加载模块:Api

[ 2017-09-27T11:29:10+08:00 ] ::1 /shop/index.php/themes/68ecshop_hechafree/images/sdgg.gif
ERR: 无法加载模块:Themes

[ 2017-09-27T11:32:24+08:00 ] ::1 /shop/api/cron.php-t=1452023217
ERR: 无法加载模块:Api

[ 2017-09-27T11:32:24+08:00 ] ::1 /shop/themes/68ecshop_hechafree/images/sdgg.gif
ERR: 无法加载模块:Themes

[ 2017-09-27T11:33:19+08:00 ] ::1 /shop/api/cron.php-t=1452023217
ERR: 无法加载模块:Api

[ 2017-09-27T11:33:19+08:00 ] ::1 /shop/themes/68ecshop_hechafree/images/sdgg.gif
ERR: 无法加载模块:Themes

[ 2017-09-27T11:46:12+08:00 ] ::1 /shop/index.php/api/cron.php-t=1452023217
ERR: 无法加载模块:Api

[ 2017-09-27T11:46:12+08:00 ] ::1 /shop/index.php/api/cron.php-t=1452023217
ERR: 无法加载模块:Api

[ 2017-09-27T11:46:12+08:00 ] ::1 /shop/index.php/themes/68ecshop_hechafree/images/sdgg.gif
ERR: 无法加载模块:Themes

[ 2017-09-27T11:52:08+08:00 ] ::1 /shop/index.php/api/cron.php-t=1452023217
ERR: 无法加载模块:Api

[ 2017-09-27T11:52:08+08:00 ] ::1 /shop/index.php/api/cron.php-t=1452023217
ERR: 无法加载模块:Api

[ 2017-09-27T11:52:08+08:00 ] ::1 /shop/index.php/themes/68ecshop_hechafree/images/sdgg.gif
ERR: 无法加载模块:Themes

[ 2017-09-27T12:30:13+08:00 ] ::1 /shop/api/cron.php-t=1452023217
ERR: 无法加载模块:Api

[ 2017-09-27T12:30:14+08:00 ] ::1 /shop/themes/68ecshop_hechafree/images/sdgg.gif
ERR: 无法加载模块:Themes

[ 2017-09-27T12:30:17+08:00 ] ::1 /shop/api/cron.php-t=1452023217
ERR: 无法加载模块:Api

[ 2017-09-27T12:30:17+08:00 ] ::1 /shop/themes/68ecshop_hechafree/images/sdgg.gif
ERR: 无法加载模块:Themes

[ 2017-09-27T12:30:19+08:00 ] ::1 /shop/api/cron.php-t=1452023217
ERR: 无法加载模块:Api

[ 2017-09-27T12:30:19+08:00 ] ::1 /shop/themes/68ecshop_hechafree/images/sdgg.gif
ERR: 无法加载模块:Themes

[ 2017-09-27T12:30:20+08:00 ] ::1 /shop/api/cron.php-t=1452023217
ERR: 无法加载模块:Api

[ 2017-09-27T12:30:20+08:00 ] ::1 /shop/themes/68ecshop_hechafree/images/sdgg.gif
ERR: 无法加载模块:Themes

[ 2017-09-27T12:30:22+08:00 ] ::1 /shop/api/cron.php-t=1452023217
ERR: 无法加载模块:Api

[ 2017-09-27T12:30:22+08:00 ] ::1 /shop/themes/68ecshop_hechafree/images/sdgg.gif
ERR: 无法加载模块:Themes

[ 2017-09-27T12:30:23+08:00 ] ::1 /shop/api/cron.php-t=1452023217
ERR: 无法加载模块:Api

[ 2017-09-27T12:30:23+08:00 ] ::1 /shop/themes/68ecshop_hechafree/images/sdgg.gif
ERR: 无法加载模块:Themes

[ 2017-09-27T12:30:24+08:00 ] ::1 /shop/api/cron.php-t=1452023217
ERR: 无法加载模块:Api

[ 2017-09-27T12:30:24+08:00 ] ::1 /shop/themes/68ecshop_hechafree/images/sdgg.gif
ERR: 无法加载模块:Themes

[ 2017-09-27T12:30:26+08:00 ] ::1 /shop/api/cron.php-t=1452023217
ERR: 无法加载模块:Api

[ 2017-09-27T12:30:26+08:00 ] ::1 /shop/themes/68ecshop_hechafree/images/sdgg.gif
ERR: 无法加载模块:Themes

[ 2017-09-27T12:30:27+08:00 ] ::1 /shop/api/cron.php-t=1452023217
ERR: 无法加载模块:Api

[ 2017-09-27T12:30:27+08:00 ] ::1 /shop/themes/68ecshop_hechafree/images/sdgg.gif
ERR: 无法加载模块:Themes

[ 2017-09-27T12:30:28+08:00 ] ::1 /shop/api/cron.php-t=1452023217
ERR: 无法加载模块:Api

[ 2017-09-27T12:30:28+08:00 ] ::1 /shop/themes/68ecshop_hechafree/images/sdgg.gif
ERR: 无法加载模块:Themes

[ 2017-09-27T12:30:29+08:00 ] ::1 /shop/api/cron.php-t=1452023217
ERR: 无法加载模块:Api

[ 2017-09-27T12:30:30+08:00 ] ::1 /shop/themes/68ecshop_hechafree/images/sdgg.gif
ERR: 无法加载模块:Themes

[ 2017-09-27T12:30:31+08:00 ] ::1 /shop/api/cron.php-t=1452023217
ERR: 无法加载模块:Api

[ 2017-09-27T12:30:31+08:00 ] ::1 /shop/themes/68ecshop_hechafree/images/sdgg.gif
ERR: 无法加载模块:Themes

[ 2017-09-27T12:30:33+08:00 ] ::1 /shop/api/cron.php-t=1452023217
ERR: 无法加载模块:Api

[ 2017-09-27T12:30:33+08:00 ] ::1 /shop/themes/68ecshop_hechafree/images/sdgg.gif
ERR: 无法加载模块:Themes

[ 2017-09-27T12:30:35+08:00 ] ::1 /shop/api/cron.php-t=1452023217
ERR: 无法加载模块:Api

[ 2017-09-27T12:30:35+08:00 ] ::1 /shop/themes/68ecshop_hechafree/images/sdgg.gif
ERR: 无法加载模块:Themes

[ 2017-09-27T12:33:23+08:00 ] ::1 /shop/index.php/api/cron.php-t=1452023217
ERR: 无法加载模块:Api

[ 2017-09-27T12:33:23+08:00 ] ::1 /shop/index.php/api/cron.php-t=1452023217
ERR: 无法加载模块:Api

[ 2017-09-27T12:33:23+08:00 ] ::1 /shop/index.php/themes/68ecshop_hechafree/images/sdgg.gif
ERR: 无法加载模块:Themes

[ 2017-09-27T12:35:46+08:00 ] ::1 /shop/api/cron.php-t=1452023217
ERR: 无法加载模块:Api

[ 2017-09-27T12:35:46+08:00 ] ::1 /shop/themes/68ecshop_hechafree/images/sdgg.gif
ERR: 无法加载模块:Themes

[ 2017-09-27T14:59:13+08:00 ] ::1 /shop/api/cron.php-t=1452023217
ERR: 无法加载模块:Api

[ 2017-09-27T14:59:13+08:00 ] ::1 /shop/themes/68ecshop_hechafree/images/sdgg.gif
ERR: 无法加载模块:Themes

[ 2017-09-27T15:04:20+08:00 ] 127.0.0.1 /animated_favicon.gif
ERR: 无法加载模块:Animated_favicon

[ 2017-09-27T15:04:20+08:00 ] 127.0.0.1 /api/cron.php-t=1452023217
ERR: 无法加载模块:Api

[ 2017-09-27T15:04:20+08:00 ] 127.0.0.1 /themes/68ecshop_hechafree/images/sdgg.gif
ERR: 无法加载模块:Themes

[ 2017-09-27T15:05:01+08:00 ] 127.0.0.1 /favicon.ico
ERR: 无法加载模块:Favicon

[ 2017-09-27T15:05:01+08:00 ] 127.0.0.1 /favicon.ico
ERR: 无法加载模块:Favicon

[ 2017-09-27T15:05:41+08:00 ] ::1 /shop/api/cron.php-t=1452023217
ERR: 无法加载模块:Api

[ 2017-09-27T15:05:41+08:00 ] ::1 /shop/api/cron.php-t=1452023217
ERR: 无法加载模块:Api

[ 2017-09-27T15:05:41+08:00 ] ::1 /shop/themes/68ecshop_hechafree/images/sdgg.gif
ERR: 无法加载模块:Themes

[ 2017-09-27T15:05:45+08:00 ] ::1 /shop/api/cron.php-t=1452023217
ERR: 无法加载模块:Api

[ 2017-09-27T15:05:45+08:00 ] ::1 /shop/themes/68ecshop_hechafree/images/sdgg.gif
ERR: 无法加载模块:Themes

[ 2017-09-27T15:05:47+08:00 ] ::1 /shop/api/cron.php-t=1452023217
ERR: 无法加载模块:Api

[ 2017-09-27T15:05:47+08:00 ] ::1 /shop/themes/68ecshop_hechafree/images/sdgg.gif
ERR: 无法加载模块:Themes

[ 2017-09-27T15:05:48+08:00 ] ::1 /shop/api/cron.php-t=1452023217
ERR: 无法加载模块:Api

[ 2017-09-27T15:05:48+08:00 ] ::1 /shop/themes/68ecshop_hechafree/images/sdgg.gif
ERR: 无法加载模块:Themes

[ 2017-09-27T15:05:51+08:00 ] ::1 /shop/api/cron.php-t=1452023217
ERR: 无法加载模块:Api

[ 2017-09-27T15:05:51+08:00 ] ::1 /shop/themes/68ecshop_hechafree/images/sdgg.gif
ERR: 无法加载模块:Themes

[ 2017-09-27T15:05:52+08:00 ] ::1 /shop/api/cron.php-t=1452023217
ERR: 无法加载模块:Api

[ 2017-09-27T15:05:52+08:00 ] ::1 /shop/themes/68ecshop_hechafree/images/sdgg.gif
ERR: 无法加载模块:Themes

[ 2017-09-27T15:05:54+08:00 ] ::1 /shop/api/cron.php-t=1452023217
ERR: 无法加载模块:Api

[ 2017-09-27T15:05:54+08:00 ] ::1 /shop/themes/68ecshop_hechafree/images/sdgg.gif
ERR: 无法加载模块:Themes

[ 2017-09-27T15:06:14+08:00 ] ::1 /shop/api/cron.php-t=1452023217
ERR: 无法加载模块:Api

[ 2017-09-27T15:06:14+08:00 ] ::1 /shop/themes/68ecshop_hechafree/images/sdgg.gif
ERR: 无法加载模块:Themes

[ 2017-09-27T15:06:16+08:00 ] ::1 /shop/api/cron.php-t=1452023217
ERR: 无法加载模块:Api

[ 2017-09-27T15:06:16+08:00 ] ::1 /shop/themes/68ecshop_hechafree/images/sdgg.gif
ERR: 无法加载模块:Themes

[ 2017-09-27T17:11:20+08:00 ] ::1 /shop/api/cron.php-t=1452023217
ERR: 无法加载模块:Api

[ 2017-09-27T17:11:20+08:00 ] ::1 /shop/themes/68ecshop_hechafree/images/sdgg.gif
ERR: 无法加载模块:Themes

[ 2017-09-27T19:10:59+08:00 ] ::1 /shop/api/cron.php-t=1452023217
ERR: 无法加载模块:Api

[ 2017-09-27T19:10:59+08:00 ] ::1 /shop/themes/68ecshop_hechafree/images/sdgg.gif
ERR: 无法加载模块:Themes

[ 2017-09-27T19:11:00+08:00 ] ::1 /shop/api/cron.php-t=1452023217
ERR: 无法加载模块:Api

[ 2017-09-27T19:11:00+08:00 ] ::1 /shop/themes/68ecshop_hechafree/images/sdgg.gif
ERR: 无法加载模块:Themes

[ 2017-09-27T19:11:02+08:00 ] ::1 /shop/api/cron.php-t=1452023217
ERR: 无法加载模块:Api

[ 2017-09-27T19:11:02+08:00 ] ::1 /shop/themes/68ecshop_hechafree/images/sdgg.gif
ERR: 无法加载模块:Themes

[ 2017-09-27T19:13:19+08:00 ] 127.0.0.1 /api/cron.php-t=1452023217
ERR: 无法加载模块:Api

[ 2017-09-27T19:13:19+08:00 ] 127.0.0.1 /api/cron.php-t=1452023217
ERR: 无法加载模块:Api

[ 2017-09-27T19:13:19+08:00 ] 127.0.0.1 /themes/68ecshop_hechafree/images/sdgg.gif
ERR: 无法加载模块:Themes

[ 2017-09-27T19:14:29+08:00 ] 127.0.0.1 /shop/Upload/2017-09-27/59cb1efb3847f.jpg
ERR: 无法加载模块:Shop

[ 2017-09-27T19:15:14+08:00 ] 127.0.0.1 /shop/Upload/2017-09-27/59cb1efb3847f.jpg
ERR: 无法加载模块:Shop

[ 2017-09-27T19:15:22+08:00 ] 127.0.0.1 /api/cron.php-t=1452023217
ERR: 无法加载模块:Api

[ 2017-09-27T19:15:22+08:00 ] 127.0.0.1 /api/cron.php-t=1452023217
ERR: 无法加载模块:Api

[ 2017-09-27T19:15:22+08:00 ] 127.0.0.1 /themes/68ecshop_hechafree/images/sdgg.gif
ERR: 无法加载模块:Themes

[ 2017-09-27T19:15:26+08:00 ] 127.0.0.1 /api/cron.php-t=1452023217
ERR: 无法加载模块:Api

[ 2017-09-27T19:15:26+08:00 ] 127.0.0.1 /api/cron.php-t=1452023217
ERR: 无法加载模块:Api

[ 2017-09-27T19:15:26+08:00 ] 127.0.0.1 /themes/68ecshop_hechafree/images/sdgg.gif
ERR: 无法加载模块:Themes

[ 2017-09-27T19:15:28+08:00 ] 127.0.0.1 /api/cron.php-t=1452023217
ERR: 无法加载模块:Api

[ 2017-09-27T19:15:28+08:00 ] 127.0.0.1 /api/cron.php-t=1452023217
ERR: 无法加载模块:Api

[ 2017-09-27T19:15:28+08:00 ] 127.0.0.1 /themes/68ecshop_hechafree/images/sdgg.gif
ERR: 无法加载模块:Themes

[ 2017-09-27T19:15:30+08:00 ] 127.0.0.1 /api/cron.php-t=1452023217
ERR: 无法加载模块:Api

[ 2017-09-27T19:15:30+08:00 ] 127.0.0.1 /api/cron.php-t=1452023217
ERR: 无法加载模块:Api

[ 2017-09-27T19:15:30+08:00 ] 127.0.0.1 /themes/68ecshop_hechafree/images/sdgg.gif
ERR: 无法加载模块:Themes

[ 2017-09-27T19:15:33+08:00 ] 127.0.0.1 /api/cron.php-t=1452023217
ERR: 无法加载模块:Api

[ 2017-09-27T19:15:33+08:00 ] 127.0.0.1 /api/cron.php-t=1452023217
ERR: 无法加载模块:Api

[ 2017-09-27T19:15:33+08:00 ] 127.0.0.1 /themes/68ecshop_hechafree/images/sdgg.gif
ERR: 无法加载模块:Themes

[ 2017-09-27T19:16:04+08:00 ] 127.0.0.1 /shop/Upload/2017-09-27/59cb1efb3847f.jpg
ERR: 无法加载模块:Shop

[ 2017-09-27T19:17:15+08:00 ] 127.0.0.1 /shop/Upload/2017-09-27/59cb1efb3847f.jpg
ERR: 无法加载模块:Shop

[ 2017-09-27T19:22:07+08:00 ] ::1 /shop/api/cron.php-t=1452023217
ERR: 无法加载模块:Api

[ 2017-09-27T19:22:07+08:00 ] ::1 /shop/themes/68ecshop_hechafree/images/sdgg.gif
ERR: 无法加载模块:Themes

[ 2017-09-27T19:35:15+08:00 ] ::1 /shop/api/cron.php-t=1452023217
ERR: 无法加载模块:Api

[ 2017-09-27T19:35:15+08:00 ] ::1 /shop/themes/68ecshop_hechafree/images/sdgg.gif
ERR: 无法加载模块:Themes

[ 2017-09-27T19:35:31+08:00 ] 127.0.0.1 /index.php/api/cron.php-t=1452023217
ERR: 无法加载模块:Api

[ 2017-09-27T19:35:31+08:00 ] 127.0.0.1 /index.php/animated_favicon.gif
ERR: 无法加载模块:Animated_favicon

[ 2017-09-27T19:35:31+08:00 ] 127.0.0.1 /index.php/api/cron.php-t=1452023217
ERR: 无法加载模块:Api

[ 2017-09-27T19:35:31+08:00 ] 127.0.0.1 /index.php/themes/68ecshop_hechafree/images/sdgg.gif
ERR: 无法加载模块:Themes

[ 2017-09-27T19:35:35+08:00 ] 127.0.0.1 /index.php/api/cron.php-t=1452023217
ERR: 无法加载模块:Api

[ 2017-09-27T19:35:35+08:00 ] 127.0.0.1 /index.php/favicon.ico
ERR: 无法加载模块:Favicon

[ 2017-09-27T19:35:35+08:00 ] 127.0.0.1 /index.php/themes/68ecshop_hechafree/images/sdgg.gif
ERR: 无法加载模块:Themes

[ 2017-09-27T19:36:02+08:00 ] 127.0.0.1 /shop/Upload/2017-09-27/59cb1ae9ea9f9.gif
ERR: 无法加载模块:Shop

[ 2017-09-27T19:36:37+08:00 ] 127.0.0.1 /index.php/api/cron.php-t=1452023217
ERR: 无法加载模块:Api

[ 2017-09-27T19:36:38+08:00 ] 127.0.0.1 /index.php/api/cron.php-t=1452023217
ERR: 无法加载模块:Api

[ 2017-09-27T19:36:38+08:00 ] 127.0.0.1 /index.php/themes/68ecshop_hechafree/images/sdgg.gif
ERR: 无法加载模块:Themes

[ 2017-09-27T19:37:06+08:00 ] 127.0.0.1 /shop/Upload/2017-09-27/59cb1efb3847f.jpg
ERR: 无法加载模块:Shop

[ 2017-09-27T19:39:19+08:00 ] 127.0.0.1 /api/cron.php-t=1452023217
ERR: 无法加载模块:Api

[ 2017-09-27T19:39:19+08:00 ] 127.0.0.1 /api/cron.php-t=1452023217
ERR: 无法加载模块:Api

[ 2017-09-27T19:39:19+08:00 ] 127.0.0.1 /themes/68ecshop_hechafree/images/sdgg.gif
ERR: 无法加载模块:Themes

[ 2017-09-27T19:42:41+08:00 ] 127.0.0.1 /index.php/api/cron.php-t=1452023217
ERR: 无法加载模块:Api

[ 2017-09-27T19:42:41+08:00 ] 127.0.0.1 /index.php/api/cron.php-t=1452023217
ERR: 无法加载模块:Api

[ 2017-09-27T19:42:41+08:00 ] 127.0.0.1 /index.php/themes/68ecshop_hechafree/images/sdgg.gif
ERR: 无法加载模块:Themes

[ 2017-09-27T19:43:08+08:00 ] 127.0.0.1 /shop/Upload/2017-09-27/59cb8eab1a671.jpg
ERR: 无法加载模块:Shop

[ 2017-09-27T19:46:13+08:00 ] 127.0.0.1 /index.php/api/cron.php-t=1452023217
ERR: 无法加载模块:Api

[ 2017-09-27T19:46:13+08:00 ] 127.0.0.1 /index.php/api/cron.php-t=1452023217
ERR: 无法加载模块:Api

[ 2017-09-27T19:46:13+08:00 ] 127.0.0.1 /index.php/themes/68ecshop_hechafree/images/sdgg.gif
ERR: 无法加载模块:Themes

[ 2017-09-27T19:46:17+08:00 ] 127.0.0.1 /index.php/api/cron.php-t=1452023217
ERR: 无法加载模块:Api

[ 2017-09-27T19:46:17+08:00 ] 127.0.0.1 /index.php/api/cron.php-t=1452023217
ERR: 无法加载模块:Api

[ 2017-09-27T19:46:17+08:00 ] 127.0.0.1 /index.php/themes/68ecshop_hechafree/images/sdgg.gif
ERR: 无法加载模块:Themes

[ 2017-09-27T19:46:19+08:00 ] 127.0.0.1 /index.php/api/cron.php-t=1452023217
ERR: 无法加载模块:Api

[ 2017-09-27T19:46:19+08:00 ] 127.0.0.1 /index.php/api/cron.php-t=1452023217
ERR: 无法加载模块:Api

[ 2017-09-27T19:46:19+08:00 ] 127.0.0.1 /index.php/themes/68ecshop_hechafree/images/sdgg.gif
ERR: 无法加载模块:Themes

[ 2017-09-27T19:48:18+08:00 ] 127.0.0.1 /index.php/api/cron.php-t=1452023217
ERR: 无法加载模块:Api

[ 2017-09-27T19:48:18+08:00 ] 127.0.0.1 /index.php/api/cron.php-t=1452023217
ERR: 无法加载模块:Api

[ 2017-09-27T19:48:18+08:00 ] 127.0.0.1 /index.php/themes/68ecshop_hechafree/images/sdgg.gif
ERR: 无法加载模块:Themes

[ 2017-09-27T19:48:20+08:00 ] 127.0.0.1 /index.php/api/cron.php-t=1452023217
ERR: 无法加载模块:Api

[ 2017-09-27T19:48:20+08:00 ] 127.0.0.1 /index.php/api/cron.php-t=1452023217
ERR: 无法加载模块:Api

[ 2017-09-27T19:48:20+08:00 ] 127.0.0.1 /index.php/themes/68ecshop_hechafree/images/sdgg.gif
ERR: 无法加载模块:Themes

[ 2017-09-27T19:48:22+08:00 ] 127.0.0.1 /index.php/api/cron.php-t=1452023217
ERR: 无法加载模块:Api

[ 2017-09-27T19:48:22+08:00 ] 127.0.0.1 /index.php/api/cron.php-t=1452023217
ERR: 无法加载模块:Api

[ 2017-09-27T19:48:22+08:00 ] 127.0.0.1 /index.php/themes/68ecshop_hechafree/images/sdgg.gif
ERR: 无法加载模块:Themes

[ 2017-09-27T19:52:43+08:00 ] 127.0.0.1 /api/cron.php-t=1452023217
ERR: 无法加载模块:Api

[ 2017-09-27T19:52:43+08:00 ] 127.0.0.1 /themes/68ecshop_hechafree/images/sdgg.gif
ERR: 无法加载模块:Themes

[ 2017-09-27T19:52:46+08:00 ] 127.0.0.1 /api/cron.php-t=1452023217
ERR: 无法加载模块:Api

[ 2017-09-27T19:52:46+08:00 ] 127.0.0.1 /themes/68ecshop_hechafree/images/sdgg.gif
ERR: 无法加载模块:Themes

[ 2017-09-27T19:52:47+08:00 ] 127.0.0.1 /api/cron.php-t=1452023217
ERR: 无法加载模块:Api

[ 2017-09-27T19:52:47+08:00 ] 127.0.0.1 /themes/68ecshop_hechafree/images/sdgg.gif
ERR: 无法加载模块:Themes

