[ 2017-09-28T10:24:21+08:00 ] 127.0.0.1 /api/cron.php-t=1452023217
ERR: 无法加载模块:Api

[ 2017-09-28T10:24:22+08:00 ] 127.0.0.1 /api/cron.php-t=1452023217
ERR: 无法加载模块:Api

[ 2017-09-28T10:24:22+08:00 ] 127.0.0.1 /themes/68ecshop_hechafree/images/sdgg.gif
ERR: 无法加载模块:Themes

[ 2017-09-28T10:24:22+08:00 ] 127.0.0.1 /animated_favicon.gif
ERR: 无法加载模块:Animated_favicon

[ 2017-09-28T16:35:43+08:00 ] ::1 /shop/animated_favicon.gif
ERR: 无法加载模块:Animated_favicon

[ 2017-09-28T16:35:43+08:00 ] ::1 /shop/api/cron.php-t=1452023217
ERR: 无法加载模块:Api

[ 2017-09-28T16:35:43+08:00 ] ::1 /shop/themes/68ecshop_hechafree/images/sdgg.gif
ERR: 无法加载模块:Themes

[ 2017-09-28T16:41:06+08:00 ] ::1 /shop/api/cron.php-t=1452023217
ERR: 无法加载模块:Api

[ 2017-09-28T16:41:06+08:00 ] ::1 /shop/themes/68ecshop_hechafree/images/sdgg.gif
ERR: 无法加载模块:Themes

[ 2017-09-28T16:41:06+08:00 ] ::1 /shop/favicon.ico
ERR: 无法加载模块:Favicon

[ 2017-09-28T16:41:13+08:00 ] ::1 /shop/api/cron.php-t=1452023217
ERR: 无法加载模块:Api

[ 2017-09-28T16:41:13+08:00 ] ::1 /shop/themes/68ecshop_hechafree/images/sdgg.gif
ERR: 无法加载模块:Themes

[ 2017-09-28T16:41:14+08:00 ] ::1 /shop/api/cron.php-t=1452023217
ERR: 无法加载模块:Api

[ 2017-09-28T16:41:14+08:00 ] ::1 /shop/themes/68ecshop_hechafree/images/sdgg.gif
ERR: 无法加载模块:Themes

[ 2017-09-28T16:41:18+08:00 ] ::1 /shop/api/cron.php-t=1452023217
ERR: 无法加载模块:Api

[ 2017-09-28T16:41:18+08:00 ] ::1 /shop/themes/68ecshop_hechafree/images/sdgg.gif
ERR: 无法加载模块:Themes

[ 2017-09-28T16:41:45+08:00 ] ::1 /shop/api/cron.php-t=1452023217
ERR: 无法加载模块:Api

[ 2017-09-28T16:41:45+08:00 ] ::1 /shop/themes/68ecshop_hechafree/images/sdgg.gif
ERR: 无法加载模块:Themes

[ 2017-09-28T16:43:26+08:00 ] ::1 /shop/api/cron.php-t=1452023217
ERR: 无法加载模块:Api

[ 2017-09-28T16:43:26+08:00 ] ::1 /shop/api/cron.php-t=1452023217
ERR: 无法加载模块:Api

[ 2017-09-28T16:43:26+08:00 ] ::1 /shop/themes/68ecshop_hechafree/images/sdgg.gif
ERR: 无法加载模块:Themes

[ 2017-09-28T16:44:00+08:00 ] ::1 /shop/api/cron.php-t=1452023217
ERR: 无法加载模块:Api

[ 2017-09-28T16:44:00+08:00 ] ::1 /shop/themes/68ecshop_hechafree/images/sdgg.gif
ERR: 无法加载模块:Themes

[ 2017-09-28T16:44:01+08:00 ] ::1 /shop/api/cron.php-t=1452023217
ERR: 无法加载模块:Api

[ 2017-09-28T16:44:01+08:00 ] ::1 /shop/themes/68ecshop_hechafree/images/sdgg.gif
ERR: 无法加载模块:Themes

[ 2017-09-28T16:45:20+08:00 ] ::1 /shop/index.php/api/cron.php-t=1452023217
ERR: 无法加载模块:Api

[ 2017-09-28T16:45:20+08:00 ] ::1 /shop/index.php/animated_favicon.gif
ERR: 无法加载模块:Animated_favicon

[ 2017-09-28T16:45:20+08:00 ] ::1 /shop/index.php/themes/68ecshop_hechafree/images/sdgg.gif
ERR: 无法加载模块:Themes

[ 2017-09-28T16:46:31+08:00 ] ::1 /shop/index.php/api/cron.php-t=1452023217
ERR: 无法加载模块:Api

[ 2017-09-28T16:46:31+08:00 ] ::1 /shop/index.php/favicon.ico
ERR: 无法加载模块:Favicon

[ 2017-09-28T16:46:31+08:00 ] ::1 /shop/index.php/api/cron.php-t=1452023217
ERR: 无法加载模块:Api

[ 2017-09-28T16:46:31+08:00 ] ::1 /shop/index.php/themes/68ecshop_hechafree/images/sdgg.gif
ERR: 无法加载模块:Themes

[ 2017-09-28T16:46:32+08:00 ] ::1 /shop/index.php/api/cron.php-t=1452023217
ERR: 无法加载模块:Api

[ 2017-09-28T16:46:32+08:00 ] ::1 /shop/index.php/api/cron.php-t=1452023217
ERR: 无法加载模块:Api

[ 2017-09-28T16:46:32+08:00 ] ::1 /shop/index.php/themes/68ecshop_hechafree/images/sdgg.gif
ERR: 无法加载模块:Themes

[ 2017-09-28T16:51:40+08:00 ] ::1 /shop/api/cron.php-t=1452023217
ERR: 无法加载模块:Api

[ 2017-09-28T16:51:40+08:00 ] ::1 /shop/api/cron.php-t=1452023217
ERR: 无法加载模块:Api

[ 2017-09-28T16:51:40+08:00 ] ::1 /shop/themes/68ecshop_hechafree/images/sdgg.gif
ERR: 无法加载模块:Themes

[ 2017-09-28T16:52:11+08:00 ] ::1 /shop/api/cron.php-t=1452023217
ERR: 无法加载模块:Api

[ 2017-09-28T16:52:12+08:00 ] ::1 /shop/themes/68ecshop_hechafree/images/sdgg.gif
ERR: 无法加载模块:Themes

[ 2017-09-28T16:52:12+08:00 ] ::1 /shop/api/cron.php-t=1452023217
ERR: 无法加载模块:Api

[ 2017-09-28T16:52:12+08:00 ] ::1 /shop/api/cron.php-t=1452023217
ERR: 无法加载模块:Api

[ 2017-09-28T16:52:12+08:00 ] ::1 /shop/themes/68ecshop_hechafree/images/sdgg.gif
ERR: 无法加载模块:Themes

[ 2017-09-28T16:52:13+08:00 ] ::1 /shop/api/cron.php-t=1452023217
ERR: 无法加载模块:Api

[ 2017-09-28T16:52:13+08:00 ] ::1 /shop/themes/68ecshop_hechafree/images/sdgg.gif
ERR: 无法加载模块:Themes

[ 2017-09-28T16:56:13+08:00 ] ::1 /shop/api/cron.php-t=1452023217
ERR: 无法加载模块:Api

[ 2017-09-28T16:56:13+08:00 ] ::1 /shop/api/cron.php-t=1452023217
ERR: 无法加载模块:Api

[ 2017-09-28T16:56:13+08:00 ] ::1 /shop/themes/68ecshop_hechafree/images/sdgg.gif
ERR: 无法加载模块:Themes

[ 2017-09-28T16:56:13+08:00 ] ::1 /shop/api/cron.php-t=1452023217
ERR: 无法加载模块:Api

[ 2017-09-28T16:56:14+08:00 ] ::1 /shop/themes/68ecshop_hechafree/images/sdgg.gif
ERR: 无法加载模块:Themes

[ 2017-09-28T16:56:14+08:00 ] ::1 /shop/api/cron.php-t=1452023217
ERR: 无法加载模块:Api

[ 2017-09-28T16:56:14+08:00 ] ::1 /shop/themes/68ecshop_hechafree/images/sdgg.gif
ERR: 无法加载模块:Themes

[ 2017-09-28T16:56:26+08:00 ] ::1 /shop/api/cron.php-t=1452023217
ERR: 无法加载模块:Api

[ 2017-09-28T16:56:26+08:00 ] ::1 /shop/themes/68ecshop_hechafree/images/sdgg.gif
ERR: 无法加载模块:Themes

[ 2017-09-28T16:58:59+08:00 ] ::1 /shop/api/cron.php-t=1452023217
ERR: 无法加载模块:Api

[ 2017-09-28T16:58:59+08:00 ] ::1 /shop/api/cron.php-t=1452023217
ERR: 无法加载模块:Api

[ 2017-09-28T16:58:59+08:00 ] ::1 /shop/themes/68ecshop_hechafree/images/sdgg.gif
ERR: 无法加载模块:Themes

[ 2017-09-28T16:59:05+08:00 ] ::1 /shop/api/cron.php-t=1452023217
ERR: 无法加载模块:Api

[ 2017-09-28T16:59:05+08:00 ] ::1 /shop/themes/68ecshop_hechafree/images/sdgg.gif
ERR: 无法加载模块:Themes

[ 2017-09-28T17:05:57+08:00 ] ::1 /shop/api/cron.php-t=1452023217
ERR: 无法加载模块:Api

[ 2017-09-28T17:05:57+08:00 ] ::1 /shop/api/cron.php-t=1452023217
ERR: 无法加载模块:Api

[ 2017-09-28T17:05:57+08:00 ] ::1 /shop/themes/68ecshop_hechafree/images/sdgg.gif
ERR: 无法加载模块:Themes

[ 2017-09-28T17:06:04+08:00 ] ::1 /shop/api/cron.php-t=1452023217
ERR: 无法加载模块:Api

[ 2017-09-28T17:06:04+08:00 ] ::1 /shop/themes/68ecshop_hechafree/images/sdgg.gif
ERR: 无法加载模块:Themes

[ 2017-09-28T17:06:06+08:00 ] ::1 /shop/api/cron.php-t=1452023217
ERR: 无法加载模块:Api

[ 2017-09-28T17:06:06+08:00 ] ::1 /shop/themes/68ecshop_hechafree/images/sdgg.gif
ERR: 无法加载模块:Themes

[ 2017-09-28T17:08:53+08:00 ] 127.0.0.1 /api/cron.php-t=1452023217
ERR: 无法加载模块:Api

[ 2017-09-28T17:08:53+08:00 ] 127.0.0.1 /api/cron.php-t=1452023217
ERR: 无法加载模块:Api

[ 2017-09-28T17:08:53+08:00 ] 127.0.0.1 /themes/68ecshop_hechafree/images/sdgg.gif
ERR: 无法加载模块:Themes

[ 2017-09-28T17:08:53+08:00 ] 127.0.0.1 /animated_favicon.gif
ERR: 无法加载模块:Animated_favicon

[ 2017-09-28T17:09:01+08:00 ] 127.0.0.1 /api/cron.php-t=1452023217
ERR: 无法加载模块:Api

[ 2017-09-28T17:09:01+08:00 ] 127.0.0.1 /favicon.ico
ERR: 无法加载模块:Favicon

[ 2017-09-28T17:09:01+08:00 ] 127.0.0.1 /api/cron.php-t=1452023217
ERR: 无法加载模块:Api

[ 2017-09-28T17:09:01+08:00 ] 127.0.0.1 /themes/68ecshop_hechafree/images/sdgg.gif
ERR: 无法加载模块:Themes

[ 2017-09-28T17:09:03+08:00 ] 127.0.0.1 /api/cron.php-t=1452023217
ERR: 无法加载模块:Api

[ 2017-09-28T17:09:03+08:00 ] 127.0.0.1 /api/cron.php-t=1452023217
ERR: 无法加载模块:Api

[ 2017-09-28T17:09:03+08:00 ] 127.0.0.1 /themes/68ecshop_hechafree/images/sdgg.gif
ERR: 无法加载模块:Themes

[ 2017-09-28T17:09:20+08:00 ] 127.0.0.1 /shop/Home/User/login
ERR: 无法加载模块:Shop

[ 2017-09-28T17:09:37+08:00 ] 127.0.0.1 /shop/Home/User/login
ERR: 无法加载模块:Shop

[ 2017-09-28T17:18:31+08:00 ] 127.0.0.1 /api/cron.php-t=1452023217
ERR: 无法加载模块:Api

[ 2017-09-28T17:18:31+08:00 ] 127.0.0.1 /themes/68ecshop_hechafree/images/sdgg.gif
ERR: 无法加载模块:Themes

[ 2017-09-28T17:21:43+08:00 ] 127.0.0.1 /api/cron.php-t=1452023217
ERR: 无法加载模块:Api

[ 2017-09-28T17:21:43+08:00 ] 127.0.0.1 /themes/68ecshop_hechafree/images/sdgg.gif
ERR: 无法加载模块:Themes

[ 2017-09-28T17:23:15+08:00 ] 127.0.0.1 /api/cron.php-t=1452023217
ERR: 无法加载模块:Api

[ 2017-09-28T17:23:15+08:00 ] 127.0.0.1 /themes/68ecshop_hechafree/images/sdgg.gif
ERR: 无法加载模块:Themes

