[ 2017-09-20T10:40:23+08:00 ] ::1 /shop/index.php/admin/goos/goodsadd
ERR: 无法加载控制器:Goos

[ 2017-09-20T10:40:39+08:00 ] ::1 /shop/index.php/admin/goods/goodsadd.html
ERR: 1366:Incorrect decimal value: '' for column 'goods_weight' at row 1
 [ SQL语句 ] : INSERT INTO `goods` (`goods_name`,`goods_sn`,`cat_id`,`shop_price`,`goods_desc`,`goods_weight`,`goods_number`,`is_on_sale`,`goods_brief`,`goods_id`) VALUES ('1111','1','7','11','','','1','1','','0')

[ 2017-09-20T10:41:48+08:00 ] ::1 /shop/index.php/admin/goods/goodsadd.html
ERR: 1062:Duplicate entry '1' for key 'goods_sn'
 [ SQL语句 ] : INSERT INTO `goods` (`goods_name`,`goods_sn`,`cat_id`,`shop_price`,`goods_desc`,`goods_weight`,`goods_number`,`is_on_sale`,`goods_brief`,`goods_id`) VALUES ('1111','1','7','11','','1','1','1','','0')

[ 2017-09-20T10:42:12+08:00 ] ::1 /shop/index.php/admin/goods/goodsadd.html
ERR: 1062:Duplicate entry '1' for key 'goods_sn'
 [ SQL语句 ] : INSERT INTO `goods` (`goods_name`,`goods_sn`,`cat_id`,`shop_price`,`goods_desc`,`goods_weight`,`goods_number`,`is_on_sale`,`goods_brief`,`goods_id`) VALUES ('1111','1','7','11','','1','1','1','1','0')

[ 2017-09-20T11:06:59+08:00 ] ::1 /shop/index.php/admin/goods/goodsadd.html
ERR: 1366:Incorrect decimal value: '' for column 'goods_weight' at row 1
 [ SQL语句 ] : INSERT INTO `goods` (`goods_name`,`goods_sn`,`cat_id`,`shop_price`,`goods_desc`,`goods_weight`,`goods_number`,`is_on_sale`,`goods_brief`,`goods_id`) VALUES ('1','6','8','1','','','1','1','','0')

[ 2017-09-20T12:02:29+08:00 ] ::1 /shop/index.php/admin/goods/goodsadd.html
ERR: 1062:Duplicate entry '1' for key 'goods_sn'
 [ SQL语句 ] : INSERT INTO `goods` (`goods_name`,`goods_sn`,`cat_id`,`shop_price`,`goods_desc`,`goods_weight`,`goods_number`,`is_on_sale`,`goods_brief`,`goods_id`) VALUES ('1','1','8','1','','1','1','1','','0')

[ 2017-09-20T12:02:38+08:00 ] ::1 /shop/index.php/admin/goods/goodsadd.html
ERR: 1062:Duplicate entry '1' for key 'goods_sn'
 [ SQL语句 ] : INSERT INTO `goods` (`goods_name`,`goods_sn`,`cat_id`,`shop_price`,`goods_desc`,`goods_weight`,`goods_number`,`is_on_sale`,`goods_brief`,`goods_id`) VALUES ('1','1','8','1','','2','1','1','','0')

[ 2017-09-20T12:10:01+08:00 ] ::1 /shop/index.php/admin/goos/goodsadd
ERR: 无法加载控制器:Goos

[ 2017-09-20T12:10:06+08:00 ] ::1 /shop/index.php/admin/goos/goodsadd
ERR: 无法加载控制器:Goos

[ 2017-09-20T12:26:05+08:00 ] ::1 /shop/index.php/admin/goos/goodsadd
ERR: 无法加载控制器:Goos

[ 2017-09-20T19:15:20+08:00 ] ::1 /shop/index.php/admin/goods/goodsadd.html
NOTIC: D方法实例化没找到模型类Home\Model\CatModel

[ 2017-09-20T19:15:30+08:00 ] ::1 /shop/index.php/admin/goods/goodsadd.html
NOTIC: D方法实例化没找到模型类Home\Model\CatModel

[ 2017-09-20T19:15:56+08:00 ] ::1 /shop/index.php/admin/goods/goodsadd.html
NOTIC: D方法实例化没找到模型类Home\Model\CatModel

[ 2017-09-20T19:17:14+08:00 ] ::1 /shop/index.php/admin/goods/catlist
ERR: 非法操作:catlist

[ 2017-09-20T19:17:32+08:00 ] ::1 /shop/index.php/admin/cat/cateadd.php
ERR: 非法操作:cateadd.php

[ 2017-09-20T19:18:05+08:00 ] ::1 /shop/index.php/admin/cat/catadd.php
ERR: 非法操作:catadd.php

[ 2017-09-20T19:19:54+08:00 ] ::1 /shop/index.php/admin/goods/goodadd
ERR: 非法操作:goodadd

[ 2017-09-20T19:20:39+08:00 ] ::1 /shop/index.php/admin/goods/goodsadd.html
ERR: 1366:Incorrect decimal value: '请问' for column 'shop_price' at row 1
 [ SQL语句 ] : INSERT INTO `goods` (`goods_name`,`goods_sn`,`cat_id`,`shop_price`,`goods_desc`,`goods_weight`,`goods_number`,`is_on_sale`,`goods_brief`,`goods_id`,`add_time`) VALUES ('sadasdasd','25','11','请问','','0','1','1','','0','1505906439')

[ 2017-09-20T19:21:41+08:00 ] ::1 /shop/index.php/admin/goods/goodsadd.html
ERR: 1366:Incorrect decimal value: '我第三' for column 'shop_price' at row 1
 [ SQL语句 ] : INSERT INTO `goods` (`goods_name`,`goods_sn`,`cat_id`,`shop_price`,`goods_desc`,`goods_weight`,`goods_number`,`is_on_sale`,`goods_brief`,`goods_id`,`add_time`) VALUES ('啊实打实大师','1231231','9','我第三','','0','1','1','','0','1505906501')

[ 2017-09-20T19:35:17+08:00 ] ::1 /shop/index.php/admin/goods/goodsadd.html
ERR: 1146:Table 'shop.shop_price' doesn't exist
 [ SQL语句 ] : SHOW COLUMNS FROM `shop_price`

[ 2017-09-20T19:36:26+08:00 ] ::1 /shop/index.php/admin/goods/goodsadd.html
ERR: 1146:Table 'shop.shop_price' doesn't exist
 [ SQL语句 ] : SHOW COLUMNS FROM `shop_price`

[ 2017-09-20T19:37:07+08:00 ] ::1 /shop/index.php/admin/goods/goodsadd.html
ERR: 1146:Table 'shop.shop_price' doesn't exist
 [ SQL语句 ] : SHOW COLUMNS FROM `shop_price`

[ 2017-09-20T19:37:32+08:00 ] ::1 /shop/index.php/admin/goods/goodsadd.html
ERR: 1366:Incorrect decimal value: '我去额为' for column 'shop_price' at row 1
 [ SQL语句 ] : INSERT INTO `goods` (`goods_name`,`goods_sn`,`cat_id`,`shop_price`,`goods_desc`,`goods_weight`,`goods_number`,`is_on_sale`,`goods_brief`,`goods_id`,`add_time`) VALUES ('王企鹅企鹅去','11111','0','我去额为','','0','1','1','','0','1505907452')

[ 2017-09-20T19:38:33+08:00 ] ::1 /shop/index.php/admin/goods/goodsadd.html
ERR: 1146:Table 'shop.shop_price' doesn't exist
 [ SQL语句 ] : SHOW COLUMNS FROM `shop_price`

[ 2017-09-20T20:17:03+08:00 ] ::1 /shop/index.php/admin/goods/goodslist.html
ERR: 1054:Unknown column 'is_sale' in 'field list'
 [ SQL语句 ] : SELECT `goods_id`,`goods_name`,`goods_sn`,`shop_price`,`is_sale`,`is_best`,`is_new`,`is_hot`,`goods_number` FROM `goods` ORDER BY goods_id desc LIMIT 0,10  

[ 2017-09-20T20:22:12+08:00 ] ::1 /shop/index.php/admin/goods/del/goods_id/1.html
ERR: 非法操作:del

[ 2017-09-20T20:24:39+08:00 ] ::1 /shop/index.php/admin/goods/del/goods_id/8.html
ERR: 非法操作:del

[ 2017-09-20T20:36:35+08:00 ] ::1 /shop/index.php/Admin/good/goodsadd
ERR: 无法加载控制器:Good

[ 2017-09-20T20:52:57+08:00 ] ::1 /shop/index.php/Admin/goods/goodlist
ERR: 非法操作:goodlist

[ 2017-09-20T20:53:07+08:00 ] ::1 /shop/index.php/Admin/goods/goodlist
ERR: 非法操作:goodlist

[ 2017-09-20T21:01:38+08:00 ] ::1 /shop/index.php/admin/goods/goodsdel/goods_id/10.html
ERR: 非法操作:goodsdel

[ 2017-09-20T21:03:12+08:00 ] ::1 /shop/index.php/admin/goods/goodsdel/goods_id/2.html
ERR: 非法操作:goodsdel

[ 2017-09-20T21:03:31+08:00 ] ::1 /shop/index.php/admin/goods/goodsdel/goods_id/10.html
ERR: 非法操作:goodsdel

[ 2017-09-20T21:06:05+08:00 ] ::1 /shop/index.php/admin/goods/goodedit/goods_id/1.html
ERR: 非法操作:goodedit

[ 2017-09-20T21:06:21+08:00 ] ::1 /shop/index.php/admin/goods/goodedit/goods_id/1.html
ERR: 非法操作:goodedit

[ 2017-09-20T21:06:31+08:00 ] ::1 /shop/index.php/admin/goods/goodedit/goods_id/6.html
ERR: 非法操作:goodedit

[ 2017-09-20T21:07:19+08:00 ] ::1 /shop/index.php/admin/goods/goodedit/goods_id/1.html
ERR: 非法操作:goodedit

[ 2017-09-20T21:07:56+08:00 ] ::1 /shop/index.php/admin/goods/goodedit/goods_id/11.html
ERR: 非法操作:goodedit

